-------------------------------------------------------------------------------
Test set: com.ims.security.JwtServiceTest
-------------------------------------------------------------------------------
Tests run: 9, Failures: 3, Errors: 3, Skipped: 0, Time elapsed: 0.737 s <<< FAILURE! -- in com.ims.security.JwtServiceTest
com.ims.security.JwtServiceTest.validateToken_WithValidToken_ShouldReturnTrue -- Time elapsed: 0.044 s <<< ERROR!
java.lang.NullPointerException: Cannot invoke "String.equals(Object)" because "email" is null
	at com.ims.security.JwtService.validateToken(JwtService.java:44)
	at com.ims.security.JwtServiceTest.validateToken_WithValidToken_ShouldReturnTrue(JwtServiceTest.java:68)
	at java.base/java.lang.reflect.Method.invoke(Method.java:580)
	at java.base/java.util.ArrayList.forEach(ArrayList.java:1596)
	at java.base/java.util.ArrayList.forEach(ArrayList.java:1596)

com.ims.security.JwtServiceTest.validateToken_WithExpiredToken_ShouldReturnFalse -- Time elapsed: 0.072 s <<< ERROR!
java.lang.NullPointerException: Cannot invoke "String.equals(Object)" because "email" is null
	at com.ims.security.JwtService.validateToken(JwtService.java:44)
	at com.ims.security.JwtServiceTest.validateToken_WithExpiredToken_ShouldReturnFalse(JwtServiceTest.java:85)
	at java.base/java.lang.reflect.Method.invoke(Method.java:580)
	at java.base/java.util.ArrayList.forEach(ArrayList.java:1596)
	at java.base/java.util.ArrayList.forEach(ArrayList.java:1596)

com.ims.security.JwtServiceTest.extractClaim_ShouldReturnCorrectClaim -- Time elapsed: 0.004 s <<< FAILURE!
org.opentest4j.AssertionFailedError: expected: <testuser99> but was: <null>
	at org.junit.jupiter.api.AssertionFailureBuilder.build(AssertionFailureBuilder.java:151)
	at org.junit.jupiter.api.AssertionFailureBuilder.buildAndThrow(AssertionFailureBuilder.java:132)
	at org.junit.jupiter.api.AssertEquals.failNotEqual(AssertEquals.java:197)
	at org.junit.jupiter.api.AssertEquals.assertEquals(AssertEquals.java:182)
	at org.junit.jupiter.api.AssertEquals.assertEquals(AssertEquals.java:177)
	at org.junit.jupiter.api.Assertions.assertEquals(Assertions.java:1145)
	at com.ims.security.JwtServiceTest.extractClaim_ShouldReturnCorrectClaim(JwtServiceTest.java:61)
	at java.base/java.lang.reflect.Method.invoke(Method.java:580)
	at java.base/java.util.ArrayList.forEach(ArrayList.java:1596)
	at java.base/java.util.ArrayList.forEach(ArrayList.java:1596)

com.ims.security.JwtServiceTest.extractUsername_ShouldReturnCorrectUsername -- Time elapsed: 0.002 s <<< FAILURE!
org.opentest4j.AssertionFailedError: expected: <testuser99> but was: <null>
	at org.junit.jupiter.api.AssertionFailureBuilder.build(AssertionFailureBuilder.java:151)
	at org.junit.jupiter.api.AssertionFailureBuilder.buildAndThrow(AssertionFailureBuilder.java:132)
	at org.junit.jupiter.api.AssertEquals.failNotEqual(AssertEquals.java:197)
	at org.junit.jupiter.api.AssertEquals.assertEquals(AssertEquals.java:182)
	at org.junit.jupiter.api.AssertEquals.assertEquals(AssertEquals.java:177)
	at org.junit.jupiter.api.Assertions.assertEquals(Assertions.java:1145)
	at com.ims.security.JwtServiceTest.extractUsername_ShouldReturnCorrectUsername(JwtServiceTest.java:53)
	at java.base/java.lang.reflect.Method.invoke(Method.java:580)
	at java.base/java.util.ArrayList.forEach(ArrayList.java:1596)
	at java.base/java.util.ArrayList.forEach(ArrayList.java:1596)

com.ims.security.JwtServiceTest.createToken_ShouldContainCorrectClaims -- Time elapsed: 0.002 s <<< FAILURE!
org.opentest4j.AssertionFailedError: expected: <testuser99> but was: <null>
	at org.junit.jupiter.api.AssertionFailureBuilder.build(AssertionFailureBuilder.java:151)
	at org.junit.jupiter.api.AssertionFailureBuilder.buildAndThrow(AssertionFailureBuilder.java:132)
	at org.junit.jupiter.api.AssertEquals.failNotEqual(AssertEquals.java:197)
	at org.junit.jupiter.api.AssertEquals.assertEquals(AssertEquals.java:182)
	at org.junit.jupiter.api.AssertEquals.assertEquals(AssertEquals.java:177)
	at org.junit.jupiter.api.Assertions.assertEquals(Assertions.java:1145)
	at com.ims.security.JwtServiceTest.createToken_ShouldContainCorrectClaims(JwtServiceTest.java:116)
	at java.base/java.lang.reflect.Method.invoke(Method.java:580)
	at java.base/java.util.ArrayList.forEach(ArrayList.java:1596)
	at java.base/java.util.ArrayList.forEach(ArrayList.java:1596)

com.ims.security.JwtServiceTest.validateToken_WithInvalidEmail_ShouldReturnFalse -- Time elapsed: 0.003 s <<< ERROR!
java.lang.NullPointerException: Cannot invoke "String.equals(Object)" because "email" is null
	at com.ims.security.JwtService.validateToken(JwtService.java:44)
	at com.ims.security.JwtServiceTest.validateToken_WithInvalidEmail_ShouldReturnFalse(JwtServiceTest.java:92)
	at java.base/java.lang.reflect.Method.invoke(Method.java:580)
	at java.base/java.util.ArrayList.forEach(ArrayList.java:1596)
	at java.base/java.util.ArrayList.forEach(ArrayList.java:1596)

