-------------------------------------------------------------------------------
Test set: com.ims.services.EmailServiceTest
-------------------------------------------------------------------------------
Tests run: 9, Failures: 4, Errors: 3, Skipped: 0, Time elapsed: 0.148 s <<< FAILURE! -- in com.ims.services.EmailServiceTest
com.ims.services.EmailServiceTest.sendHtmlMessage_InvalidHtmlContent_ThrowsException -- Time elapsed: 0.127 s <<< FAILURE!
org.opentest4j.AssertionFailedError: Expected java.lang.IllegalArgumentException to be thrown, but nothing was thrown.
	at org.junit.jupiter.api.AssertionFailureBuilder.build(AssertionFailureBuilder.java:152)
	at org.junit.jupiter.api.AssertThrows.assertThrows(AssertThrows.java:73)
	at org.junit.jupiter.api.AssertThrows.assertThrows(AssertThrows.java:35)
	at org.junit.jupiter.api.Assertions.assertThrows(Assertions.java:3115)
	at com.ims.services.EmailServiceTest.sendHtmlMessage_InvalidHtmlContent_ThrowsException(EmailServiceTest.java:137)
	at java.base/java.lang.reflect.Method.invoke(Method.java:580)
	at java.base/java.util.ArrayList.forEach(ArrayList.java:1596)
	at java.base/java.util.ArrayList.forEach(ArrayList.java:1596)

com.ims.services.EmailServiceTest.sendSimpleMessage_EmailSenderThrowsException_PropagatesException -- Time elapsed: 0.002 s <<< ERROR!
org.mockito.exceptions.misusing.UnnecessaryStubbingException: 

Unnecessary stubbings detected.
Clean & maintainable test code requires zero unnecessary code.
Following stubbings are unnecessary (click to navigate to relevant line of code):
  1. -> at com.ims.services.EmailServiceTest.setUp(EmailServiceTest.java:37)
Please remove unnecessary stubbings or use 'lenient' strictness. More info: javadoc for UnnecessaryStubbingException class.
	at org.mockito.junit.jupiter.MockitoExtension.afterEach(MockitoExtension.java:197)
	at java.base/java.util.ArrayList.forEach(ArrayList.java:1596)
	at java.base/java.util.ArrayList.forEach(ArrayList.java:1596)

com.ims.services.EmailServiceTest.sendHtmlMessage_EmptyInputs_ThrowsException -- Time elapsed: 0.003 s <<< FAILURE!
org.opentest4j.AssertionFailedError: Unexpected exception type thrown, expected: <java.lang.IllegalArgumentException> but was: <jakarta.mail.internet.AddressException>
	at org.junit.jupiter.api.AssertionFailureBuilder.build(AssertionFailureBuilder.java:151)
	at org.junit.jupiter.api.AssertThrows.assertThrows(AssertThrows.java:67)
	at org.junit.jupiter.api.AssertThrows.assertThrows(AssertThrows.java:35)
	at org.junit.jupiter.api.Assertions.assertThrows(Assertions.java:3115)
	at com.ims.services.EmailServiceTest.sendHtmlMessage_EmptyInputs_ThrowsException(EmailServiceTest.java:124)
	at java.base/java.lang.reflect.Method.invoke(Method.java:580)
	at java.base/java.util.ArrayList.forEach(ArrayList.java:1596)
	at java.base/java.util.ArrayList.forEach(ArrayList.java:1596)
Caused by: jakarta.mail.internet.AddressException: Illegal address in string ``''
	at org.springframework.mail.javamail.MimeMessageHelper.parseAddress(MimeMessageHelper.java:738)
	at org.springframework.mail.javamail.MimeMessageHelper.setTo(MimeMessageHelper.java:615)
	at com.ims.services.EmailService.sendHtmlMessage(EmailService.java:30)
	at com.ims.services.EmailServiceTest.lambda$sendHtmlMessage_EmptyInputs_ThrowsException$10(EmailServiceTest.java:125)
	at org.junit.jupiter.api.AssertThrows.assertThrows(AssertThrows.java:53)
	... 6 more

com.ims.services.EmailServiceTest.sendSimpleMessage_EmptyInputs_ThrowsException -- Time elapsed: 0.001 s <<< FAILURE!
org.opentest4j.AssertionFailedError: Expected java.lang.IllegalArgumentException to be thrown, but nothing was thrown.
	at org.junit.jupiter.api.AssertionFailureBuilder.build(AssertionFailureBuilder.java:152)
	at org.junit.jupiter.api.AssertThrows.assertThrows(AssertThrows.java:73)
	at org.junit.jupiter.api.AssertThrows.assertThrows(AssertThrows.java:35)
	at org.junit.jupiter.api.Assertions.assertThrows(Assertions.java:3115)
	at com.ims.services.EmailServiceTest.sendSimpleMessage_EmptyInputs_ThrowsException(EmailServiceTest.java:74)
	at java.base/java.lang.reflect.Method.invoke(Method.java:580)
	at java.base/java.util.ArrayList.forEach(ArrayList.java:1596)
	at java.base/java.util.ArrayList.forEach(ArrayList.java:1596)

com.ims.services.EmailServiceTest.sendSimpleMessage_ValidInputs_Success -- Time elapsed: 0.001 s <<< ERROR!
org.mockito.exceptions.misusing.UnnecessaryStubbingException: 

Unnecessary stubbings detected.
Clean & maintainable test code requires zero unnecessary code.
Following stubbings are unnecessary (click to navigate to relevant line of code):
  1. -> at com.ims.services.EmailServiceTest.setUp(EmailServiceTest.java:37)
Please remove unnecessary stubbings or use 'lenient' strictness. More info: javadoc for UnnecessaryStubbingException class.
	at org.mockito.junit.jupiter.MockitoExtension.afterEach(MockitoExtension.java:197)
	at java.base/java.util.ArrayList.forEach(ArrayList.java:1596)
	at java.base/java.util.ArrayList.forEach(ArrayList.java:1596)

com.ims.services.EmailServiceTest.sendHtmlMessage_EmailSenderThrowsException_PropagatesException -- Time elapsed: 0.002 s <<< ERROR!
org.mockito.exceptions.base.MockitoException: 

Checked exception is invalid for this method!
Invalid: jakarta.mail.MessagingException: Mail server error
	at org.springframework.mail.javamail.JavaMailSender.send(JavaMailSender.java:101)
	at com.ims.services.EmailServiceTest.sendHtmlMessage_EmailSenderThrowsException_PropagatesException(EmailServiceTest.java:145)
	at java.base/java.lang.reflect.Method.invoke(Method.java:580)
	at java.base/java.util.ArrayList.forEach(ArrayList.java:1596)
	at java.base/java.util.ArrayList.forEach(ArrayList.java:1596)

com.ims.services.EmailServiceTest.sendSimpleMessage_NullInputs_ThrowsException -- Time elapsed: 0.001 s <<< FAILURE!
org.opentest4j.AssertionFailedError: Expected java.lang.IllegalArgumentException to be thrown, but nothing was thrown.
	at org.junit.jupiter.api.AssertionFailureBuilder.build(AssertionFailureBuilder.java:152)
	at org.junit.jupiter.api.AssertThrows.assertThrows(AssertThrows.java:73)
	at org.junit.jupiter.api.AssertThrows.assertThrows(AssertThrows.java:35)
	at org.junit.jupiter.api.Assertions.assertThrows(Assertions.java:3115)
	at com.ims.services.EmailServiceTest.sendSimpleMessage_NullInputs_ThrowsException(EmailServiceTest.java:61)
	at java.base/java.lang.reflect.Method.invoke(Method.java:580)
	at java.base/java.util.ArrayList.forEach(ArrayList.java:1596)
	at java.base/java.util.ArrayList.forEach(ArrayList.java:1596)

