<?xml version="1.0" encoding="UTF-8"?>
<testsuite xmlns:xsi="http://www.w3.org/2001/XMLSchema-instance" xsi:noNamespaceSchemaLocation="https://maven.apache.org/surefire/maven-surefire-plugin/xsd/surefire-test-report-3.0.xsd" version="3.0" name="com.ims.ImsApplicationTests" time="3.979" tests="1" errors="0" skipped="0" failures="0">
  <properties>
[...]
</properties>
  <testcase name="contextLoads" classname="com.ims.ImsApplicationTests" time="0.006">
    <system-out><![CDATA[16:44:33.726 [main] INFO org.springframework.test.context.support.AnnotationConfigContextLoaderUtils -- Could not detect default configuration classes for test class [com.ims.ImsApplicationTests]: ImsApplicationTests does not declare any static, non-private, non-final, nested classes annotated with @Configuration.
16:44:33.801 [main] INFO org.springframework.boot.test.context.SpringBootTestContextBootstrapper -- Found @SpringBootConfiguration com.ims.ImsApplication for test class com.ims.ImsApplicationTests

  .   ____          _            __ _ _
 /\\ / ___'_ __ _ _(_)_ __  __ _ \ \ \ \
( ( )\___ | '_ | '_| | '_ \/ _` | \ \ \ \
 \\/  ___)| |_)| | | | | || (_| |  ) ) ) )
  '  |____| .__|_| |_|_| |_\__, | / / / /
 =========|_|==============|___/=/_/_/_/

 :: Spring Boot ::                (v3.3.5)

2024-11-06T16:44:34.122Z  INFO 41508 --- [           main] com.ims.ImsApplicationTests              : Starting ImsApplicationTests using Java 21.0.3 with PID 41508 (started by miguelloureiro in /Users/miguelloureiro/repos/miguel-loureiro/lendit/backend)
2024-11-06T16:44:34.123Z  INFO 41508 --- [           main] com.ims.ImsApplicationTests              : The following 1 profile is active: "test"
2024-11-06T16:44:34.145Z DEBUG 41508 --- [           main] o.s.w.c.s.GenericWebApplicationContext   : Refreshing org.springframework.web.context.support.GenericWebApplicationContext@1deca369
2024-11-06T16:44:34.573Z  INFO 41508 --- [           main] .s.d.r.c.RepositoryConfigurationDelegate : Bootstrapping Spring Data JPA repositories in DEFAULT mode.
2024-11-06T16:44:34.618Z  INFO 41508 --- [           main] .s.d.r.c.RepositoryConfigurationDelegate : Finished Spring Data repository scanning in 40 ms. Found 4 JPA repository interfaces.
2024-11-06T16:44:34.982Z DEBUG 41508 --- [           main] o.f.c.i.s.classpath.ClassPathScanner     : Scanning for classpath resources at 'classpath:db/callback' ...
2024-11-06T16:44:34.983Z DEBUG 41508 --- [           main] o.f.c.i.s.classpath.ClassPathScanner     : Determining location urls for classpath:db/callback using ClassLoader jdk.internal.loader.ClassLoaders$AppClassLoader@5679c6c6 ...
2024-11-06T16:44:34.983Z DEBUG 41508 --- [           main] o.f.c.i.s.classpath.ClassPathScanner     : Unable to resolve location classpath:db/callback.
2024-11-06T16:44:34.983Z DEBUG 41508 --- [           main] o.f.c.i.s.classpath.ClassPathScanner     : Scanning for classpath resources at 'classpath:db/migration' ...
2024-11-06T16:44:34.983Z DEBUG 41508 --- [           main] o.f.c.i.s.classpath.ClassPathScanner     : Determining location urls for classpath:db/migration using ClassLoader jdk.internal.loader.ClassLoaders$AppClassLoader@5679c6c6 ...
2024-11-06T16:44:34.983Z DEBUG 41508 --- [           main] o.f.c.i.s.classpath.ClassPathScanner     : Scanning URL: file:/Users/miguelloureiro/repos/miguel-loureiro/lendit/backend/target/classes/db/migration
2024-11-06T16:44:34.984Z DEBUG 41508 --- [           main] i.s.c.FileSystemClassPathLocationScanner : Scanning starting at classpath root in filesystem: /Users/miguelloureiro/repos/miguel-loureiro/lendit/backend/target/classes/
2024-11-06T16:44:34.984Z DEBUG 41508 --- [           main] i.s.c.FileSystemClassPathLocationScanner : Scanning for resources in path: /Users/miguelloureiro/repos/miguel-loureiro/lendit/backend/target/classes/db/migration (db/migration)
2024-11-06T16:44:34.985Z DEBUG 41508 --- [           main] o.f.c.i.s.classpath.ClassPathScanner     : Found resource: db/migration/V1__create_tables.sql
2024-11-06T16:44:34.985Z DEBUG 41508 --- [           main] o.f.c.i.s.classpath.ClassPathScanner     : Scanning for classes at classpath:db/migration
2024-11-06T16:44:34.987Z DEBUG 41508 --- [           main] o.f.c.i.resource.ResourceNameValidator   : Validating V1__create_tables.sql
2024-11-06T16:44:35.186Z  INFO 41508 --- [           main] org.flywaydb.core.FlywayExecutor         : Database: jdbc:h2:mem:testdb (H2 2.2)
2024-11-06T16:44:35.186Z DEBUG 41508 --- [           main] org.flywaydb.core.FlywayExecutor         : Driver: H2 JDBC Driver 2.2.224 (2023-09-17)
2024-11-06T16:44:35.186Z DEBUG 41508 --- [           main] org.flywaydb.core.FlywayExecutor         : DDL Transactions Supported: false
2024-11-06T16:44:35.187Z DEBUG 41508 --- [           main] o.f.c.i.s.SchemaHistoryFactory           : Schemas: 
2024-11-06T16:44:35.187Z DEBUG 41508 --- [           main] o.f.c.i.s.SchemaHistoryFactory           : Default schema: null
2024-11-06T16:44:35.194Z  WARN 41508 --- [           main] o.f.c.internal.database.base.Database    : Flyway upgrade recommended: H2 2.2.224 is newer than this version of Flyway and support has not been tested. The latest supported version of H2 is 2.2.220.
2024-11-06T16:44:35.195Z DEBUG 41508 --- [           main] o.f.c.i.c.SqlScriptCallbackFactory       : Scanning for SQL callbacks ...
2024-11-06T16:44:35.201Z DEBUG 41508 --- [           main] o.f.core.internal.command.DbValidate     : Validating migrations ...
2024-11-06T16:44:35.202Z DEBUG 41508 --- [           main] o.f.c.a.c.ClassicConfiguration           : CherryPickConfigurationExtension not found
2024-11-06T16:44:35.206Z DEBUG 41508 --- [           main] o.f.core.internal.scanner.Scanner        : Filtering out resource: db/migration/V1__create_tables.sql (filename: V1__create_tables.sql)
2024-11-06T16:44:35.206Z DEBUG 41508 --- [           main] o.f.core.internal.scanner.Scanner        : Filtering out resource: db/migration/V1__create_tables.sql (filename: V1__create_tables.sql)
2024-11-06T16:44:35.207Z  INFO 41508 --- [           main] o.f.c.i.s.JdbcTableSchemaHistory         : Schema history table "PUBLIC"."flyway_schema_history" does not exist yet
2024-11-06T16:44:35.209Z  INFO 41508 --- [           main] o.f.core.internal.command.DbValidate     : Successfully validated 1 migration (execution time 00:00.007s)
2024-11-06T16:44:35.211Z DEBUG 41508 --- [           main] o.f.core.internal.command.DbSchemas      : Skipping creation of existing schema: "PUBLIC"
2024-11-06T16:44:35.213Z  INFO 41508 --- [           main] o.f.c.i.s.JdbcTableSchemaHistory         : Creating Schema History table "PUBLIC"."flyway_schema_history" ...
2024-11-06T16:44:35.216Z DEBUG 41508 --- [           main] o.flywaydb.core.internal.parser.Parser   : Parsing  ...
2024-11-06T16:44:35.224Z DEBUG 41508 --- [           main] o.f.c.i.sqlscript.ParserSqlScript        : Found statement at line 1: CREATE TABLE IF NOT EXISTS "PUBLIC"."flyway_schema_history" (
    "installed_rank" INT NOT NULL,
    "version" VARCHAR(50),
    "description" VARCHAR(200) NOT NULL,
    "type" VARCHAR(20) NOT NULL,
    "script" VARCHAR(1000) NOT NULL,
    "checksum" INT,
    "installed_by" VARCHAR(100) NOT NULL,
    "installed_on" TIMESTAMP NOT NULL DEFAULT CURRENT_TIMESTAMP,
    "execution_time" INT NOT NULL,
    "success" BOOLEAN NOT NULL,
    CONSTRAINT "flyway_schema_history_pk" PRIMARY KEY ("installed_rank")
) AS SELECT -1, NULL, '<< Flyway Schema History table created >>', 'TABLE', '', NULL, 'SA', CURRENT_TIMESTAMP, 0, TRUE
2024-11-06T16:44:35.224Z DEBUG 41508 --- [           main] o.f.c.i.sqlscript.ParserSqlScript        : Found statement at line 14: CREATE INDEX "PUBLIC"."flyway_schema_history_s_idx" ON "PUBLIC"."flyway_schema_history" ("success")
2024-11-06T16:44:35.224Z DEBUG 41508 --- [           main] o.f.c.i.s.DefaultSqlScriptExecutor       : Executing SQL: CREATE TABLE IF NOT EXISTS "PUBLIC"."flyway_schema_history" (
    "installed_rank" INT NOT NULL,
    "version" VARCHAR(50),
    "description" VARCHAR(200) NOT NULL,
    "type" VARCHAR(20) NOT NULL,
    "script" VARCHAR(1000) NOT NULL,
    "checksum" INT,
    "installed_by" VARCHAR(100) NOT NULL,
    "installed_on" TIMESTAMP NOT NULL DEFAULT CURRENT_TIMESTAMP,
    "execution_time" INT NOT NULL,
    "success" BOOLEAN NOT NULL,
    CONSTRAINT "flyway_schema_history_pk" PRIMARY KEY ("installed_rank")
) AS SELECT -1, NULL, '<< Flyway Schema History table created >>', 'TABLE', '', NULL, 'SA', CURRENT_TIMESTAMP, 0, TRUE
2024-11-06T16:44:35.230Z DEBUG 41508 --- [           main] o.f.c.i.s.DefaultSqlScriptExecutor       : 0rows affected
2024-11-06T16:44:35.230Z DEBUG 41508 --- [           main] o.f.c.i.s.DefaultSqlScriptExecutor       : Executing SQL: CREATE INDEX "PUBLIC"."flyway_schema_history_s_idx" ON "PUBLIC"."flyway_schema_history" ("success")
2024-11-06T16:44:35.231Z DEBUG 41508 --- [           main] o.f.c.i.s.DefaultSqlScriptExecutor       : 0rows affected
2024-11-06T16:44:35.232Z DEBUG 41508 --- [           main] o.f.c.i.s.JdbcTableSchemaHistory         : Created Schema History table "PUBLIC"."flyway_schema_history"
2024-11-06T16:44:35.244Z DEBUG 41508 --- [           main] o.f.c.a.c.ClassicConfiguration           : CherryPickConfigurationExtension not found
2024-11-06T16:44:35.247Z  INFO 41508 --- [           main] o.f.core.internal.command.DbMigrate      : Current version of schema "PUBLIC": << Empty Schema >>
2024-11-06T16:44:35.248Z DEBUG 41508 --- [           main] o.flywaydb.core.internal.parser.Parser   : Parsing V1__create_tables.sql ...
2024-11-06T16:44:35.248Z DEBUG 41508 --- [           main] o.f.c.i.sqlscript.ParserSqlScript        : Found statement at line 4: -- V1__create_user_and_items_and_loans_tables.sql

-- Drop the 'users', 'items', 'loans', and 'item_requests' tables if they exist
DROP TABLE IF EXISTS item_requests CASCADE
2024-11-06T16:44:35.249Z DEBUG 41508 --- [           main] o.f.c.i.sqlscript.ParserSqlScript        : Found statement at line 5: DROP TABLE IF EXISTS loans CASCADE
2024-11-06T16:44:35.249Z DEBUG 41508 --- [           main] o.f.c.i.sqlscript.ParserSqlScript        : Found statement at line 6: DROP TABLE IF EXISTS items CASCADE
2024-11-06T16:44:35.249Z DEBUG 41508 --- [           main] o.f.c.i.sqlscript.ParserSqlScript        : Found statement at line 7: DROP TABLE IF EXISTS users CASCADE
2024-11-06T16:44:35.249Z DEBUG 41508 --- [           main] o.f.c.i.sqlscript.ParserSqlScript        : Found statement at line 10: -- Create the users table
CREATE TABLE users (
    id INT AUTO_INCREMENT PRIMARY KEY,
    username VARCHAR(100) NOT NULL UNIQUE,
    email VARCHAR(100) NOT NULL UNIQUE,
    password VARCHAR(60) NOT NULL,
    role VARCHAR(50),
    profile_image VARCHAR(255),
    version BIGINT NOT NULL,
    CONSTRAINT version_constraint_users CHECK (version >= 0)  -- Unique constraint name
)
2024-11-06T16:44:35.250Z DEBUG 41508 --- [           main] o.f.c.i.sqlscript.ParserSqlScript        : Found statement at line 22: -- Create the items table
CREATE TABLE items (
    id INT AUTO_INCREMENT PRIMARY KEY,
    designation VARCHAR(255) NOT NULL UNIQUE,
    barcode VARCHAR(13) NOT NULL UNIQUE,
    brand VARCHAR(255) NOT NULL,
    category VARCHAR(50) NOT NULL,
    purchase_price DECIMAL(10, 2) NOT NULL DEFAULT 0.00,
    stock_quantity INT NOT NULL DEFAULT 0,
    version BIGINT NOT NULL DEFAULT 0
)
2024-11-06T16:44:35.251Z DEBUG 41508 --- [           main] o.f.c.i.sqlscript.ParserSqlScript        : Found statement at line 34: -- Create the loans table
CREATE TABLE loans (
    id INT AUTO_INCREMENT PRIMARY KEY,
    user_id INT NOT NULL,
    item_id INT NOT NULL,
    start_date DATETIME NOT NULL,
    end_date DATETIME NOT NULL,
    status VARCHAR(50) NOT NULL DEFAULT 'ACTIVE',
    version BIGINT NOT NULL,
    return_date DATETIME,
    FOREIGN KEY (user_id) REFERENCES users(id) ON DELETE CASCADE,
    FOREIGN KEY (item_id) REFERENCES items(id) ON DELETE CASCADE,
    CONSTRAINT version_constraint_loans CHECK (version >= 0)  -- Unique constraint name
)
2024-11-06T16:44:35.253Z DEBUG 41508 --- [           main] o.f.c.i.sqlscript.ParserSqlScript        : Found statement at line 49: -- Create the item_requests table
CREATE TABLE item_requests (
    id INT AUTO_INCREMENT PRIMARY KEY,
    user_id INT NOT NULL,
    item_id INT NOT NULL,
    request_date DATETIME NOT NULL,
    queue_position INT NOT NULL,
    status VARCHAR(50) NOT NULL,
    return_date DATETIME NOT NULL,
    version BIGINT NOT NULL,
    FOREIGN KEY (user_id) REFERENCES users(id) ON DELETE CASCADE,
    FOREIGN KEY (item_id) REFERENCES items(id) ON DELETE CASCADE,
    CONSTRAINT version_constraint_item_requests CHECK (version >= 0)  -- Unique constraint name
)
2024-11-06T16:44:35.254Z DEBUG 41508 --- [           main] o.f.core.internal.command.DbMigrate      : Starting migration of schema "PUBLIC" to version "1 - create tables" ...
2024-11-06T16:44:35.254Z  INFO 41508 --- [           main] o.f.core.internal.command.DbMigrate      : Migrating schema "PUBLIC" to version "1 - create tables"
2024-11-06T16:44:35.255Z DEBUG 41508 --- [           main] o.f.c.i.s.DefaultSqlScriptExecutor       : Executing SQL: -- V1__create_user_and_items_and_loans_tables.sql

-- Drop the 'users', 'items', 'loans', and 'item_requests' tables if they exist
DROP TABLE IF EXISTS item_requests CASCADE
2024-11-06T16:44:35.255Z DEBUG 41508 --- [           main] o.f.c.i.s.DefaultSqlScriptExecutor       : 0rows affected
2024-11-06T16:44:35.256Z DEBUG 41508 --- [           main] o.f.c.i.s.DefaultSqlScriptExecutor       : Executing SQL: DROP TABLE IF EXISTS loans CASCADE
2024-11-06T16:44:35.256Z DEBUG 41508 --- [           main] o.f.c.i.s.DefaultSqlScriptExecutor       : 0rows affected
2024-11-06T16:44:35.256Z DEBUG 41508 --- [           main] o.f.c.i.s.DefaultSqlScriptExecutor       : Executing SQL: DROP TABLE IF EXISTS items CASCADE
2024-11-06T16:44:35.256Z DEBUG 41508 --- [           main] o.f.c.i.s.DefaultSqlScriptExecutor       : 0rows affected
2024-11-06T16:44:35.256Z DEBUG 41508 --- [           main] o.f.c.i.s.DefaultSqlScriptExecutor       : Executing SQL: DROP TABLE IF EXISTS users CASCADE
2024-11-06T16:44:35.256Z DEBUG 41508 --- [           main] o.f.c.i.s.DefaultSqlScriptExecutor       : 0rows affected
2024-11-06T16:44:35.256Z DEBUG 41508 --- [           main] o.f.c.i.s.DefaultSqlScriptExecutor       : Executing SQL: -- Create the users table
CREATE TABLE users (
    id INT AUTO_INCREMENT PRIMARY KEY,
    username VARCHAR(100) NOT NULL UNIQUE,
    email VARCHAR(100) NOT NULL UNIQUE,
    password VARCHAR(60) NOT NULL,
    role VARCHAR(50),
    profile_image VARCHAR(255),
    version BIGINT NOT NULL,
    CONSTRAINT version_constraint_users CHECK (version >= 0)  -- Unique constraint name
)
2024-11-06T16:44:35.260Z DEBUG 41508 --- [           main] o.f.c.i.s.DefaultSqlScriptExecutor       : 0rows affected
2024-11-06T16:44:35.260Z DEBUG 41508 --- [           main] o.f.c.i.s.DefaultSqlScriptExecutor       : Executing SQL: -- Create the items table
CREATE TABLE items (
    id INT AUTO_INCREMENT PRIMARY KEY,
    designation VARCHAR(255) NOT NULL UNIQUE,
    barcode VARCHAR(13) NOT NULL UNIQUE,
    brand VARCHAR(255) NOT NULL,
    category VARCHAR(50) NOT NULL,
    purchase_price DECIMAL(10, 2) NOT NULL DEFAULT 0.00,
    stock_quantity INT NOT NULL DEFAULT 0,
    version BIGINT NOT NULL DEFAULT 0
)
2024-11-06T16:44:35.262Z DEBUG 41508 --- [           main] o.f.c.i.s.DefaultSqlScriptExecutor       : 0rows affected
2024-11-06T16:44:35.262Z DEBUG 41508 --- [           main] o.f.c.i.s.DefaultSqlScriptExecutor       : Executing SQL: -- Create the loans table
CREATE TABLE loans (
    id INT AUTO_INCREMENT PRIMARY KEY,
    user_id INT NOT NULL,
    item_id INT NOT NULL,
    start_date DATETIME NOT NULL,
    end_date DATETIME NOT NULL,
    status VARCHAR(50) NOT NULL DEFAULT 'ACTIVE',
    version BIGINT NOT NULL,
    return_date DATETIME,
    FOREIGN KEY (user_id) REFERENCES users(id) ON DELETE CASCADE,
    FOREIGN KEY (item_id) REFERENCES items(id) ON DELETE CASCADE,
    CONSTRAINT version_constraint_loans CHECK (version >= 0)  -- Unique constraint name
)
2024-11-06T16:44:35.266Z DEBUG 41508 --- [           main] o.f.c.i.s.DefaultSqlScriptExecutor       : 0rows affected
2024-11-06T16:44:35.266Z DEBUG 41508 --- [           main] o.f.c.i.s.DefaultSqlScriptExecutor       : Executing SQL: -- Create the item_requests table
CREATE TABLE item_requests (
    id INT AUTO_INCREMENT PRIMARY KEY,
    user_id INT NOT NULL,
    item_id INT NOT NULL,
    request_date DATETIME NOT NULL,
    queue_position INT NOT NULL,
    status VARCHAR(50) NOT NULL,
    return_date DATETIME NOT NULL,
    version BIGINT NOT NULL,
    FOREIGN KEY (user_id) REFERENCES users(id) ON DELETE CASCADE,
    FOREIGN KEY (item_id) REFERENCES items(id) ON DELETE CASCADE,
    CONSTRAINT version_constraint_item_requests CHECK (version >= 0)  -- Unique constraint name
)
2024-11-06T16:44:35.268Z DEBUG 41508 --- [           main] o.f.c.i.s.DefaultSqlScriptExecutor       : 0rows affected
2024-11-06T16:44:35.268Z DEBUG 41508 --- [           main] o.f.core.internal.command.DbMigrate      : Successfully completed migration of schema "PUBLIC" to version "1 - create tables"
2024-11-06T16:44:35.271Z DEBUG 41508 --- [           main] o.f.c.i.s.JdbcTableSchemaHistory         : Schema History table "PUBLIC"."flyway_schema_history" successfully updated to reflect changes
2024-11-06T16:44:35.271Z DEBUG 41508 --- [           main] o.f.c.a.c.ClassicConfiguration           : CherryPickConfigurationExtension not found
2024-11-06T16:44:35.276Z  INFO 41508 --- [           main] o.f.core.internal.command.DbMigrate      : Successfully applied 1 migration to schema "PUBLIC", now at version v1 (execution time 00:00.014s)
2024-11-06T16:44:35.277Z DEBUG 41508 --- [           main] org.flywaydb.core.FlywayExecutor         : Memory usage: 32 of 136M
2024-11-06T16:44:35.339Z DEBUG 41508 --- [           main] o.hibernate.jpa.internal.util.LogHelper  : PersistenceUnitInfo [
	name: default
	persistence provider classname: null
	classloader: jdk.internal.loader.ClassLoaders$AppClassLoader@5679c6c6
	excludeUnlistedClasses: true
	JTA datasource: null
	Non JTA datasource: HikariDataSource (null)
	Transaction type: RESOURCE_LOCAL
	PU root URL: file:/Users/miguelloureiro/repos/miguel-loureiro/lendit/backend/target/test-classes/
	Shared Cache Mode: UNSPECIFIED
	Validation Mode: AUTO
	Jar files URLs []
	Managed classes names [
		com.ims.models.Item
		com.ims.models.ItemRequest
		com.ims.models.Loan
		com.ims.models.User]
	Mapping files names []
	Properties []
2024-11-06T16:44:35.353Z DEBUG 41508 --- [           main] o.h.i.internal.IntegratorServiceImpl     : Adding Integrator [org.hibernate.boot.beanvalidation.BeanValidationIntegrator].
2024-11-06T16:44:35.354Z DEBUG 41508 --- [           main] o.h.i.internal.IntegratorServiceImpl     : Adding Integrator [org.hibernate.cache.internal.CollectionCacheInvalidator].
2024-11-06T16:44:35.389Z  INFO 41508 --- [           main] org.hibernate.Version                    : HHH000412: Hibernate ORM core version 6.5.3.Final
2024-11-06T16:44:35.389Z DEBUG 41508 --- [           main] org.hibernate.cfg.Environment            : HHH000206: 'hibernate.properties' not found
2024-11-06T16:44:35.403Z DEBUG 41508 --- [           main] org.hibernate.orm.idgen.factory          : Registering IdentifierGenerator strategy [uuid2] -> [org.hibernate.id.UUIDGenerator]
2024-11-06T16:44:35.403Z DEBUG 41508 --- [           main] org.hibernate.orm.idgen.factory          : Registering IdentifierGenerator strategy [guid] -> [org.hibernate.id.GUIDGenerator]
2024-11-06T16:44:35.403Z DEBUG 41508 --- [           main] org.hibernate.orm.idgen.factory          : Registering IdentifierGenerator strategy [uuid] -> [org.hibernate.id.UUIDHexGenerator]
2024-11-06T16:44:35.403Z DEBUG 41508 --- [           main] org.hibernate.orm.idgen.factory          : Registering IdentifierGenerator strategy [uuid.hex] -> [org.hibernate.id.UUIDHexGenerator]
2024-11-06T16:44:35.404Z DEBUG 41508 --- [           main] org.hibernate.orm.idgen.factory          : Registering IdentifierGenerator strategy [assigned] -> [org.hibernate.id.Assigned]
2024-11-06T16:44:35.404Z DEBUG 41508 --- [           main] org.hibernate.orm.idgen.factory          : Registering IdentifierGenerator strategy [identity] -> [org.hibernate.id.IdentityGenerator]
2024-11-06T16:44:35.404Z DEBUG 41508 --- [           main] org.hibernate.orm.idgen.factory          : Registering IdentifierGenerator strategy [select] -> [org.hibernate.id.SelectGenerator]
2024-11-06T16:44:35.405Z DEBUG 41508 --- [           main] org.hibernate.orm.idgen.factory          : Registering IdentifierGenerator strategy [sequence] -> [org.hibernate.id.enhanced.SequenceStyleGenerator]
2024-11-06T16:44:35.405Z DEBUG 41508 --- [           main] org.hibernate.orm.idgen.factory          : Registering IdentifierGenerator strategy [increment] -> [org.hibernate.id.IncrementGenerator]
2024-11-06T16:44:35.406Z DEBUG 41508 --- [           main] org.hibernate.orm.idgen.factory          : Registering IdentifierGenerator strategy [foreign] -> [org.hibernate.id.ForeignGenerator]
2024-11-06T16:44:35.406Z DEBUG 41508 --- [           main] org.hibernate.orm.idgen.factory          : Registering IdentifierGenerator strategy [enhanced-sequence] -> [org.hibernate.id.enhanced.SequenceStyleGenerator]
2024-11-06T16:44:35.406Z DEBUG 41508 --- [           main] org.hibernate.orm.idgen.factory          : Registering IdentifierGenerator strategy [enhanced-table] -> [org.hibernate.id.enhanced.TableGenerator]
2024-11-06T16:44:35.410Z DEBUG 41508 --- [           main] o.h.c.internal.RegionFactoryInitiator    : Cannot default RegionFactory based on registered strategies as `[]` RegionFactory strategies were registered
2024-11-06T16:44:35.410Z  INFO 41508 --- [           main] o.h.c.internal.RegionFactoryInitiator    : HHH000026: Second-level cache disabled
2024-11-06T16:44:35.467Z DEBUG 41508 --- [           main] org.hibernate.type.BasicTypeRegistry     : Adding type registration boolean -> org.hibernate.type.BasicTypeReference@5e51ac41
2024-11-06T16:44:35.467Z DEBUG 41508 --- [           main] org.hibernate.type.BasicTypeRegistry     : Adding type registration boolean -> org.hibernate.type.BasicTypeReference@5e51ac41
2024-11-06T16:44:35.467Z DEBUG 41508 --- [           main] org.hibernate.type.BasicTypeRegistry     : Adding type registration java.lang.Boolean -> org.hibernate.type.BasicTypeReference@5e51ac41
2024-11-06T16:44:35.467Z DEBUG 41508 --- [           main] org.hibernate.type.BasicTypeRegistry     : Adding type registration numeric_boolean -> org.hibernate.type.BasicTypeReference@3a35e669
2024-11-06T16:44:35.467Z DEBUG 41508 --- [           main] org.hibernate.type.BasicTypeRegistry     : Adding type registration org.hibernate.type.NumericBooleanConverter -> org.hibernate.type.BasicTypeReference@3a35e669
2024-11-06T16:44:35.467Z DEBUG 41508 --- [           main] org.hibernate.type.BasicTypeRegistry     : Adding type registration true_false -> org.hibernate.type.BasicTypeReference@6bbbfc05
2024-11-06T16:44:35.467Z DEBUG 41508 --- [           main] org.hibernate.type.BasicTypeRegistry     : Adding type registration org.hibernate.type.TrueFalseConverter -> org.hibernate.type.BasicTypeReference@6bbbfc05
2024-11-06T16:44:35.467Z DEBUG 41508 --- [           main] org.hibernate.type.BasicTypeRegistry     : Adding type registration yes_no -> org.hibernate.type.BasicTypeReference@3b93b86b
2024-11-06T16:44:35.467Z DEBUG 41508 --- [           main] org.hibernate.type.BasicTypeRegistry     : Adding type registration org.hibernate.type.YesNoConverter -> org.hibernate.type.BasicTypeReference@3b93b86b
2024-11-06T16:44:35.467Z DEBUG 41508 --- [           main] org.hibernate.type.BasicTypeRegistry     : Adding type registration byte -> org.hibernate.type.BasicTypeReference@687328fc
2024-11-06T16:44:35.467Z DEBUG 41508 --- [           main] org.hibernate.type.BasicTypeRegistry     : Adding type registration byte -> org.hibernate.type.BasicTypeReference@687328fc
2024-11-06T16:44:35.467Z DEBUG 41508 --- [           main] org.hibernate.type.BasicTypeRegistry     : Adding type registration java.lang.Byte -> org.hibernate.type.BasicTypeReference@687328fc
2024-11-06T16:44:35.468Z DEBUG 41508 --- [           main] org.hibernate.type.BasicTypeRegistry     : Adding type registration binary -> org.hibernate.type.BasicTypeReference@7de09d35
2024-11-06T16:44:35.468Z DEBUG 41508 --- [           main] org.hibernate.type.BasicTypeRegistry     : Adding type registration byte[] -> org.hibernate.type.BasicTypeReference@7de09d35
2024-11-06T16:44:35.468Z DEBUG 41508 --- [           main] org.hibernate.type.BasicTypeRegistry     : Adding type registration [B -> org.hibernate.type.BasicTypeReference@7de09d35
2024-11-06T16:44:35.468Z DEBUG 41508 --- [           main] org.hibernate.type.BasicTypeRegistry     : Adding type registration binary_wrapper -> org.hibernate.type.BasicTypeReference@490f1d58
2024-11-06T16:44:35.468Z DEBUG 41508 --- [           main] org.hibernate.type.BasicTypeRegistry     : Adding type registration wrapper-binary -> org.hibernate.type.BasicTypeReference@490f1d58
2024-11-06T16:44:35.468Z DEBUG 41508 --- [           main] org.hibernate.type.BasicTypeRegistry     : Adding type registration image -> org.hibernate.type.BasicTypeReference@6ff9b4f2
2024-11-06T16:44:35.468Z DEBUG 41508 --- [           main] org.hibernate.type.BasicTypeRegistry     : Adding type registration blob -> org.hibernate.type.BasicTypeReference@1ebc4539
2024-11-06T16:44:35.468Z DEBUG 41508 --- [           main] org.hibernate.type.BasicTypeRegistry     : Adding type registration java.sql.Blob -> org.hibernate.type.BasicTypeReference@1ebc4539
2024-11-06T16:44:35.468Z DEBUG 41508 --- [           main] org.hibernate.type.BasicTypeRegistry     : Adding type registration materialized_blob -> org.hibernate.type.BasicTypeReference@67cc7aee
2024-11-06T16:44:35.468Z DEBUG 41508 --- [           main] org.hibernate.type.BasicTypeRegistry     : Adding type registration materialized_blob_wrapper -> org.hibernate.type.BasicTypeReference@56984e92
2024-11-06T16:44:35.468Z DEBUG 41508 --- [           main] org.hibernate.type.BasicTypeRegistry     : Adding type registration short -> org.hibernate.type.BasicTypeReference@74642e97
2024-11-06T16:44:35.468Z DEBUG 41508 --- [           main] org.hibernate.type.BasicTypeRegistry     : Adding type registration short -> org.hibernate.type.BasicTypeReference@74642e97
2024-11-06T16:44:35.468Z DEBUG 41508 --- [           main] org.hibernate.type.BasicTypeRegistry     : Adding type registration java.lang.Short -> org.hibernate.type.BasicTypeReference@74642e97
2024-11-06T16:44:35.468Z DEBUG 41508 --- [           main] org.hibernate.type.BasicTypeRegistry     : Adding type registration integer -> org.hibernate.type.BasicTypeReference@80d38af
2024-11-06T16:44:35.468Z DEBUG 41508 --- [           main] org.hibernate.type.BasicTypeRegistry     : Adding type registration int -> org.hibernate.type.BasicTypeReference@80d38af
2024-11-06T16:44:35.468Z DEBUG 41508 --- [           main] org.hibernate.type.BasicTypeRegistry     : Adding type registration java.lang.Integer -> org.hibernate.type.BasicTypeReference@80d38af
2024-11-06T16:44:35.468Z DEBUG 41508 --- [           main] org.hibernate.type.BasicTypeRegistry     : Adding type registration long -> org.hibernate.type.BasicTypeReference@c12384a
2024-11-06T16:44:35.468Z DEBUG 41508 --- [           main] org.hibernate.type.BasicTypeRegistry     : Adding type registration long -> org.hibernate.type.BasicTypeReference@c12384a
2024-11-06T16:44:35.468Z DEBUG 41508 --- [           main] org.hibernate.type.BasicTypeRegistry     : Adding type registration java.lang.Long -> org.hibernate.type.BasicTypeReference@c12384a
2024-11-06T16:44:35.468Z DEBUG 41508 --- [           main] org.hibernate.type.BasicTypeRegistry     : Adding type registration float -> org.hibernate.type.BasicTypeReference@18ea1b84
2024-11-06T16:44:35.468Z DEBUG 41508 --- [           main] org.hibernate.type.BasicTypeRegistry     : Adding type registration float -> org.hibernate.type.BasicTypeReference@18ea1b84
2024-11-06T16:44:35.468Z DEBUG 41508 --- [           main] org.hibernate.type.BasicTypeRegistry     : Adding type registration java.lang.Float -> org.hibernate.type.BasicTypeReference@18ea1b84
2024-11-06T16:44:35.468Z DEBUG 41508 --- [           main] org.hibernate.type.BasicTypeRegistry     : Adding type registration double -> org.hibernate.type.BasicTypeReference@4daf8e98
2024-11-06T16:44:35.468Z DEBUG 41508 --- [           main] org.hibernate.type.BasicTypeRegistry     : Adding type registration double -> org.hibernate.type.BasicTypeReference@4daf8e98
2024-11-06T16:44:35.468Z DEBUG 41508 --- [           main] org.hibernate.type.BasicTypeRegistry     : Adding type registration java.lang.Double -> org.hibernate.type.BasicTypeReference@4daf8e98
2024-11-06T16:44:35.468Z DEBUG 41508 --- [           main] org.hibernate.type.BasicTypeRegistry     : Adding type registration big_integer -> org.hibernate.type.BasicTypeReference@2c861fc2
2024-11-06T16:44:35.468Z DEBUG 41508 --- [           main] org.hibernate.type.BasicTypeRegistry     : Adding type registration java.math.BigInteger -> org.hibernate.type.BasicTypeReference@2c861fc2
2024-11-06T16:44:35.468Z DEBUG 41508 --- [           main] org.hibernate.type.BasicTypeRegistry     : Adding type registration big_decimal -> org.hibernate.type.BasicTypeReference@314ba270
2024-11-06T16:44:35.469Z DEBUG 41508 --- [           main] org.hibernate.type.BasicTypeRegistry     : Adding type registration java.math.BigDecimal -> org.hibernate.type.BasicTypeReference@314ba270
2024-11-06T16:44:35.469Z DEBUG 41508 --- [           main] org.hibernate.type.BasicTypeRegistry     : Adding type registration character -> org.hibernate.type.BasicTypeReference@79b5a9e6
2024-11-06T16:44:35.469Z DEBUG 41508 --- [           main] org.hibernate.type.BasicTypeRegistry     : Adding type registration char -> org.hibernate.type.BasicTypeReference@79b5a9e6
2024-11-06T16:44:35.469Z DEBUG 41508 --- [           main] org.hibernate.type.BasicTypeRegistry     : Adding type registration java.lang.Character -> org.hibernate.type.BasicTypeReference@79b5a9e6
2024-11-06T16:44:35.469Z DEBUG 41508 --- [           main] org.hibernate.type.BasicTypeRegistry     : Adding type registration character_nchar -> org.hibernate.type.BasicTypeReference@48df2306
2024-11-06T16:44:35.469Z DEBUG 41508 --- [           main] org.hibernate.type.BasicTypeRegistry     : Adding type registration string -> org.hibernate.type.BasicTypeReference@54bb5dd0
2024-11-06T16:44:35.469Z DEBUG 41508 --- [           main] org.hibernate.type.BasicTypeRegistry     : Adding type registration java.lang.String -> org.hibernate.type.BasicTypeReference@54bb5dd0
2024-11-06T16:44:35.469Z DEBUG 41508 --- [           main] org.hibernate.type.BasicTypeRegistry     : Adding type registration nstring -> org.hibernate.type.BasicTypeReference@388f2d15
2024-11-06T16:44:35.469Z DEBUG 41508 --- [           main] org.hibernate.type.BasicTypeRegistry     : Adding type registration characters -> org.hibernate.type.BasicTypeReference@6c21497b
2024-11-06T16:44:35.469Z DEBUG 41508 --- [           main] org.hibernate.type.BasicTypeRegistry     : Adding type registration char[] -> org.hibernate.type.BasicTypeReference@6c21497b
2024-11-06T16:44:35.469Z DEBUG 41508 --- [           main] org.hibernate.type.BasicTypeRegistry     : Adding type registration [C -> org.hibernate.type.BasicTypeReference@6c21497b
2024-11-06T16:44:35.469Z DEBUG 41508 --- [           main] org.hibernate.type.BasicTypeRegistry     : Adding type registration wrapper-characters -> org.hibernate.type.BasicTypeReference@5d5790ea
2024-11-06T16:44:35.469Z DEBUG 41508 --- [           main] org.hibernate.type.BasicTypeRegistry     : Adding type registration text -> org.hibernate.type.BasicTypeReference@538c034d
2024-11-06T16:44:35.469Z DEBUG 41508 --- [           main] org.hibernate.type.BasicTypeRegistry     : Adding type registration ntext -> org.hibernate.type.BasicTypeReference@122a6bac
2024-11-06T16:44:35.469Z DEBUG 41508 --- [           main] org.hibernate.type.BasicTypeRegistry     : Adding type registration clob -> org.hibernate.type.BasicTypeReference@74269203
2024-11-06T16:44:35.469Z DEBUG 41508 --- [           main] org.hibernate.type.BasicTypeRegistry     : Adding type registration java.sql.Clob -> org.hibernate.type.BasicTypeReference@74269203
2024-11-06T16:44:35.469Z DEBUG 41508 --- [           main] org.hibernate.type.BasicTypeRegistry     : Adding type registration nclob -> org.hibernate.type.BasicTypeReference@15978cad
2024-11-06T16:44:35.469Z DEBUG 41508 --- [           main] org.hibernate.type.BasicTypeRegistry     : Adding type registration java.sql.NClob -> org.hibernate.type.BasicTypeReference@15978cad
2024-11-06T16:44:35.469Z DEBUG 41508 --- [           main] org.hibernate.type.BasicTypeRegistry     : Adding type registration materialized_clob -> org.hibernate.type.BasicTypeReference@26327339
2024-11-06T16:44:35.469Z DEBUG 41508 --- [           main] org.hibernate.type.BasicTypeRegistry     : Adding type registration materialized_clob_char_array -> org.hibernate.type.BasicTypeReference@67040b58
2024-11-06T16:44:35.469Z DEBUG 41508 --- [           main] org.hibernate.type.BasicTypeRegistry     : Adding type registration materialized_clob_character_array -> org.hibernate.type.BasicTypeReference@27f23b31
2024-11-06T16:44:35.469Z DEBUG 41508 --- [           main] org.hibernate.type.BasicTypeRegistry     : Adding type registration materialized_nclob -> org.hibernate.type.BasicTypeReference@ea92986
2024-11-06T16:44:35.469Z DEBUG 41508 --- [           main] org.hibernate.type.BasicTypeRegistry     : Adding type registration materialized_nclob_character_array -> org.hibernate.type.BasicTypeReference@3bb728d1
2024-11-06T16:44:35.469Z DEBUG 41508 --- [           main] org.hibernate.type.BasicTypeRegistry     : Adding type registration materialized_nclob_char_array -> org.hibernate.type.BasicTypeReference@7caeba34
2024-11-06T16:44:35.469Z DEBUG 41508 --- [           main] org.hibernate.type.BasicTypeRegistry     : Adding type registration Duration -> org.hibernate.type.BasicTypeReference@4a332d23
2024-11-06T16:44:35.469Z DEBUG 41508 --- [           main] org.hibernate.type.BasicTypeRegistry     : Adding type registration java.time.Duration -> org.hibernate.type.BasicTypeReference@4a332d23
2024-11-06T16:44:35.469Z DEBUG 41508 --- [           main] org.hibernate.type.BasicTypeRegistry     : Adding type registration LocalDateTime -> org.hibernate.type.BasicTypeReference@d11c8fa
2024-11-06T16:44:35.469Z DEBUG 41508 --- [           main] org.hibernate.type.BasicTypeRegistry     : Adding type registration java.time.LocalDateTime -> org.hibernate.type.BasicTypeReference@d11c8fa
2024-11-06T16:44:35.469Z DEBUG 41508 --- [           main] org.hibernate.type.BasicTypeRegistry     : Adding type registration LocalDate -> org.hibernate.type.BasicTypeReference@f629829
2024-11-06T16:44:35.469Z DEBUG 41508 --- [           main] org.hibernate.type.BasicTypeRegistry     : Adding type registration java.time.LocalDate -> org.hibernate.type.BasicTypeReference@f629829
2024-11-06T16:44:35.469Z DEBUG 41508 --- [           main] org.hibernate.type.BasicTypeRegistry     : Adding type registration LocalTime -> org.hibernate.type.BasicTypeReference@614eceb
2024-11-06T16:44:35.469Z DEBUG 41508 --- [           main] org.hibernate.type.BasicTypeRegistry     : Adding type registration java.time.LocalTime -> org.hibernate.type.BasicTypeReference@614eceb
2024-11-06T16:44:35.469Z DEBUG 41508 --- [           main] org.hibernate.type.BasicTypeRegistry     : Adding type registration OffsetDateTime -> org.hibernate.type.BasicTypeReference@551d933f
2024-11-06T16:44:35.469Z DEBUG 41508 --- [           main] org.hibernate.type.BasicTypeRegistry     : Adding type registration java.time.OffsetDateTime -> org.hibernate.type.BasicTypeReference@551d933f
2024-11-06T16:44:35.469Z DEBUG 41508 --- [           main] org.hibernate.type.BasicTypeRegistry     : Adding type registration OffsetDateTimeWithTimezone -> org.hibernate.type.BasicTypeReference@56c8c77e
2024-11-06T16:44:35.469Z DEBUG 41508 --- [           main] org.hibernate.type.BasicTypeRegistry     : Adding type registration OffsetDateTimeWithoutTimezone -> org.hibernate.type.BasicTypeReference@4df0be5e
2024-11-06T16:44:35.469Z DEBUG 41508 --- [           main] org.hibernate.type.BasicTypeRegistry     : Adding type registration OffsetTime -> org.hibernate.type.BasicTypeReference@6ca260bf
2024-11-06T16:44:35.469Z DEBUG 41508 --- [           main] org.hibernate.type.BasicTypeRegistry     : Adding type registration java.time.OffsetTime -> org.hibernate.type.BasicTypeReference@6ca260bf
2024-11-06T16:44:35.469Z DEBUG 41508 --- [           main] org.hibernate.type.BasicTypeRegistry     : Adding type registration OffsetTimeUtc -> org.hibernate.type.BasicTypeReference@551f927f
2024-11-06T16:44:35.470Z DEBUG 41508 --- [           main] org.hibernate.type.BasicTypeRegistry     : Adding type registration OffsetTimeWithTimezone -> org.hibernate.type.BasicTypeReference@45fc4c95
2024-11-06T16:44:35.470Z DEBUG 41508 --- [           main] org.hibernate.type.BasicTypeRegistry     : Adding type registration OffsetTimeWithoutTimezone -> org.hibernate.type.BasicTypeReference@db6183a
2024-11-06T16:44:35.470Z DEBUG 41508 --- [           main] org.hibernate.type.BasicTypeRegistry     : Adding type registration ZonedDateTime -> org.hibernate.type.BasicTypeReference@72ee36ab
2024-11-06T16:44:35.470Z DEBUG 41508 --- [           main] org.hibernate.type.BasicTypeRegistry     : Adding type registration java.time.ZonedDateTime -> org.hibernate.type.BasicTypeReference@72ee36ab
2024-11-06T16:44:35.470Z DEBUG 41508 --- [           main] org.hibernate.type.BasicTypeRegistry     : Adding type registration ZonedDateTimeWithTimezone -> org.hibernate.type.BasicTypeReference@5b4bdee3
2024-11-06T16:44:35.470Z DEBUG 41508 --- [           main] org.hibernate.type.BasicTypeRegistry     : Adding type registration ZonedDateTimeWithoutTimezone -> org.hibernate.type.BasicTypeReference@7cf4a9fb
2024-11-06T16:44:35.470Z DEBUG 41508 --- [           main] org.hibernate.type.BasicTypeRegistry     : Adding type registration date -> org.hibernate.type.BasicTypeReference@41be1997
2024-11-06T16:44:35.470Z DEBUG 41508 --- [           main] org.hibernate.type.BasicTypeRegistry     : Adding type registration java.sql.Date -> org.hibernate.type.BasicTypeReference@41be1997
2024-11-06T16:44:35.470Z DEBUG 41508 --- [           main] org.hibernate.type.BasicTypeRegistry     : Adding type registration time -> org.hibernate.type.BasicTypeReference@42e62465
2024-11-06T16:44:35.470Z DEBUG 41508 --- [           main] org.hibernate.type.BasicTypeRegistry     : Adding type registration java.sql.Time -> org.hibernate.type.BasicTypeReference@42e62465
2024-11-06T16:44:35.470Z DEBUG 41508 --- [           main] org.hibernate.type.BasicTypeRegistry     : Adding type registration timestamp -> org.hibernate.type.BasicTypeReference@475f561c
2024-11-06T16:44:35.470Z DEBUG 41508 --- [           main] org.hibernate.type.BasicTypeRegistry     : Adding type registration java.sql.Timestamp -> org.hibernate.type.BasicTypeReference@475f561c
2024-11-06T16:44:35.470Z DEBUG 41508 --- [           main] org.hibernate.type.BasicTypeRegistry     : Adding type registration java.util.Date -> org.hibernate.type.BasicTypeReference@475f561c
2024-11-06T16:44:35.470Z DEBUG 41508 --- [           main] org.hibernate.type.BasicTypeRegistry     : Adding type registration calendar -> org.hibernate.type.BasicTypeReference@1e3d947d
2024-11-06T16:44:35.470Z DEBUG 41508 --- [           main] org.hibernate.type.BasicTypeRegistry     : Adding type registration java.util.Calendar -> org.hibernate.type.BasicTypeReference@1e3d947d
2024-11-06T16:44:35.470Z DEBUG 41508 --- [           main] org.hibernate.type.BasicTypeRegistry     : Adding type registration java.util.GregorianCalendar -> org.hibernate.type.BasicTypeReference@1e3d947d
2024-11-06T16:44:35.470Z DEBUG 41508 --- [           main] org.hibernate.type.BasicTypeRegistry     : Adding type registration calendar_date -> org.hibernate.type.BasicTypeReference@2ffe548c
2024-11-06T16:44:35.470Z DEBUG 41508 --- [           main] org.hibernate.type.BasicTypeRegistry     : Adding type registration calendar_time -> org.hibernate.type.BasicTypeReference@5c48981a
2024-11-06T16:44:35.470Z DEBUG 41508 --- [           main] org.hibernate.type.BasicTypeRegistry     : Adding type registration instant -> org.hibernate.type.BasicTypeReference@611aca39
2024-11-06T16:44:35.470Z DEBUG 41508 --- [           main] org.hibernate.type.BasicTypeRegistry     : Adding type registration java.time.Instant -> org.hibernate.type.BasicTypeReference@611aca39
2024-11-06T16:44:35.470Z DEBUG 41508 --- [           main] org.hibernate.type.BasicTypeRegistry     : Adding type registration uuid -> org.hibernate.type.BasicTypeReference@13f6341b
2024-11-06T16:44:35.470Z DEBUG 41508 --- [           main] org.hibernate.type.BasicTypeRegistry     : Adding type registration java.util.UUID -> org.hibernate.type.BasicTypeReference@13f6341b
2024-11-06T16:44:35.470Z DEBUG 41508 --- [           main] org.hibernate.type.BasicTypeRegistry     : Adding type registration pg-uuid -> org.hibernate.type.BasicTypeReference@13f6341b
2024-11-06T16:44:35.470Z DEBUG 41508 --- [           main] org.hibernate.type.BasicTypeRegistry     : Adding type registration uuid-binary -> org.hibernate.type.BasicTypeReference@4e7148dd
2024-11-06T16:44:35.470Z DEBUG 41508 --- [           main] org.hibernate.type.BasicTypeRegistry     : Adding type registration uuid-char -> org.hibernate.type.BasicTypeReference@56e18141
2024-11-06T16:44:35.470Z DEBUG 41508 --- [           main] org.hibernate.type.BasicTypeRegistry     : Adding type registration class -> org.hibernate.type.BasicTypeReference@619dc2a6
2024-11-06T16:44:35.470Z DEBUG 41508 --- [           main] org.hibernate.type.BasicTypeRegistry     : Adding type registration java.lang.Class -> org.hibernate.type.BasicTypeReference@619dc2a6
2024-11-06T16:44:35.470Z DEBUG 41508 --- [           main] org.hibernate.type.BasicTypeRegistry     : Adding type registration currency -> org.hibernate.type.BasicTypeReference@43e97462
2024-11-06T16:44:35.470Z DEBUG 41508 --- [           main] org.hibernate.type.BasicTypeRegistry     : Adding type registration Currency -> org.hibernate.type.BasicTypeReference@43e97462
2024-11-06T16:44:35.471Z DEBUG 41508 --- [           main] org.hibernate.type.BasicTypeRegistry     : Adding type registration java.util.Currency -> org.hibernate.type.BasicTypeReference@43e97462
2024-11-06T16:44:35.471Z DEBUG 41508 --- [           main] org.hibernate.type.BasicTypeRegistry     : Adding type registration locale -> org.hibernate.type.BasicTypeReference@5dab9949
2024-11-06T16:44:35.471Z DEBUG 41508 --- [           main] org.hibernate.type.BasicTypeRegistry     : Adding type registration java.util.Locale -> org.hibernate.type.BasicTypeReference@5dab9949
2024-11-06T16:44:35.471Z DEBUG 41508 --- [           main] org.hibernate.type.BasicTypeRegistry     : Adding type registration serializable -> org.hibernate.type.BasicTypeReference@52acf8a8
2024-11-06T16:44:35.471Z DEBUG 41508 --- [           main] org.hibernate.type.BasicTypeRegistry     : Adding type registration java.io.Serializable -> org.hibernate.type.BasicTypeReference@52acf8a8
2024-11-06T16:44:35.471Z DEBUG 41508 --- [           main] org.hibernate.type.BasicTypeRegistry     : Adding type registration timezone -> org.hibernate.type.BasicTypeReference@5aeedcfb
2024-11-06T16:44:35.471Z DEBUG 41508 --- [           main] org.hibernate.type.BasicTypeRegistry     : Adding type registration java.util.TimeZone -> org.hibernate.type.BasicTypeReference@5aeedcfb
2024-11-06T16:44:35.471Z DEBUG 41508 --- [           main] org.hibernate.type.BasicTypeRegistry     : Adding type registration ZoneOffset -> org.hibernate.type.BasicTypeReference@aff6d3f
2024-11-06T16:44:35.471Z DEBUG 41508 --- [           main] org.hibernate.type.BasicTypeRegistry     : Adding type registration java.time.ZoneOffset -> org.hibernate.type.BasicTypeReference@aff6d3f
2024-11-06T16:44:35.471Z DEBUG 41508 --- [           main] org.hibernate.type.BasicTypeRegistry     : Adding type registration url -> org.hibernate.type.BasicTypeReference@b1fdcf8
2024-11-06T16:44:35.471Z DEBUG 41508 --- [           main] org.hibernate.type.BasicTypeRegistry     : Adding type registration java.net.URL -> org.hibernate.type.BasicTypeReference@b1fdcf8
2024-11-06T16:44:35.471Z DEBUG 41508 --- [           main] org.hibernate.type.BasicTypeRegistry     : Adding type registration vector -> org.hibernate.type.BasicTypeReference@3e431c8b
2024-11-06T16:44:35.471Z DEBUG 41508 --- [           main] org.hibernate.type.BasicTypeRegistry     : Adding type registration row_version -> org.hibernate.type.BasicTypeReference@126606bc
2024-11-06T16:44:35.473Z DEBUG 41508 --- [           main] org.hibernate.type.BasicTypeRegistry     : Adding type registration object -> org.hibernate.type.JavaObjectType@1b1e93a9
2024-11-06T16:44:35.473Z DEBUG 41508 --- [           main] org.hibernate.type.BasicTypeRegistry     : Adding type registration java.lang.Object -> org.hibernate.type.JavaObjectType@1b1e93a9
2024-11-06T16:44:35.474Z DEBUG 41508 --- [           main] org.hibernate.type.BasicTypeRegistry     : Adding type registration null -> org.hibernate.type.NullType@2485325
2024-11-06T16:44:35.474Z DEBUG 41508 --- [           main] org.hibernate.type.BasicTypeRegistry     : Adding type registration imm_date -> org.hibernate.type.BasicTypeReference@1fae6618
2024-11-06T16:44:35.474Z DEBUG 41508 --- [           main] org.hibernate.type.BasicTypeRegistry     : Adding type registration imm_time -> org.hibernate.type.BasicTypeReference@76242b2c
2024-11-06T16:44:35.474Z DEBUG 41508 --- [           main] org.hibernate.type.BasicTypeRegistry     : Adding type registration imm_timestamp -> org.hibernate.type.BasicTypeReference@2dfabaea
2024-11-06T16:44:35.474Z DEBUG 41508 --- [           main] org.hibernate.type.BasicTypeRegistry     : Adding type registration imm_calendar -> org.hibernate.type.BasicTypeReference@6deb050b
2024-11-06T16:44:35.474Z DEBUG 41508 --- [           main] org.hibernate.type.BasicTypeRegistry     : Adding type registration imm_calendar_date -> org.hibernate.type.BasicTypeReference@1993008
2024-11-06T16:44:35.474Z DEBUG 41508 --- [           main] org.hibernate.type.BasicTypeRegistry     : Adding type registration imm_calendar_time -> org.hibernate.type.BasicTypeReference@56b3165c
2024-11-06T16:44:35.474Z DEBUG 41508 --- [           main] org.hibernate.type.BasicTypeRegistry     : Adding type registration imm_binary -> org.hibernate.type.BasicTypeReference@2ee6cb8a
2024-11-06T16:44:35.474Z DEBUG 41508 --- [           main] org.hibernate.type.BasicTypeRegistry     : Adding type registration imm_serializable -> org.hibernate.type.BasicTypeReference@1b104000
2024-11-06T16:44:35.477Z DEBUG 41508 --- [           main] o.h.boot.internal.BootstrapContextImpl   : Injecting JPA temp ClassLoader [org.springframework.instrument.classloading.SimpleThrowawayClassLoader@1d0b10fd] into BootstrapContext; was [null]
2024-11-06T16:44:35.477Z DEBUG 41508 --- [           main] o.h.boot.internal.ClassLoaderAccessImpl  : ClassLoaderAccessImpl#injectTempClassLoader(org.springframework.instrument.classloading.SimpleThrowawayClassLoader@1d0b10fd) [was null]
2024-11-06T16:44:35.477Z DEBUG 41508 --- [           main] o.h.boot.internal.BootstrapContextImpl   : Injecting ScanEnvironment [org.hibernate.jpa.boot.internal.StandardJpaScanEnvironmentImpl@3dbb168b] into BootstrapContext; was [null]
2024-11-06T16:44:35.477Z DEBUG 41508 --- [           main] o.h.boot.internal.BootstrapContextImpl   : Injecting ScanOptions [org.hibernate.boot.archive.scan.internal.StandardScanOptions@3c913e84] into BootstrapContext; was [org.hibernate.boot.archive.scan.internal.StandardScanOptions@2de3095c]
2024-11-06T16:44:35.505Z  INFO 41508 --- [           main] o.s.o.j.p.SpringPersistenceUnitInfo      : No LoadTimeWeaver setup: ignoring JPA class transformer
2024-11-06T16:44:35.505Z DEBUG 41508 --- [           main] o.h.boot.internal.BootstrapContextImpl   : Injecting JPA temp ClassLoader [null] into BootstrapContext; was [org.springframework.instrument.classloading.SimpleThrowawayClassLoader@1d0b10fd]
2024-11-06T16:44:35.505Z DEBUG 41508 --- [           main] o.h.boot.internal.ClassLoaderAccessImpl  : ClassLoaderAccessImpl#injectTempClassLoader(null) [was org.springframework.instrument.classloading.SimpleThrowawayClassLoader@1d0b10fd]
2024-11-06T16:44:35.528Z  INFO 41508 --- [           main] com.zaxxer.hikari.HikariDataSource       : HikariPool-1 - Starting...
2024-11-06T16:44:35.536Z  INFO 41508 --- [           main] com.zaxxer.hikari.pool.HikariPool        : HikariPool-1 - Added connection conn3: url=jdbc:h2:mem:testdb user=SA
2024-11-06T16:44:35.537Z  INFO 41508 --- [           main] com.zaxxer.hikari.HikariDataSource       : HikariPool-1 - Start completed.
2024-11-06T16:44:35.541Z DEBUG 41508 --- [           main] o.h.e.j.e.i.JdbcEnvironmentInitiator     : Database ->
	   name : H2
	version : 2.2.224 (2023-09-17)
	  major : 2
	  minor : 2
2024-11-06T16:44:35.541Z DEBUG 41508 --- [           main] o.h.e.j.e.i.JdbcEnvironmentInitiator     : Driver ->
	   name : H2 JDBC Driver
	version : 2.2.224 (2023-09-17)
	  major : 2
	  minor : 2
2024-11-06T16:44:35.541Z DEBUG 41508 --- [           main] o.h.e.j.e.i.JdbcEnvironmentInitiator     : JDBC version : 4.2
2024-11-06T16:44:35.553Z  WARN 41508 --- [           main] org.hibernate.orm.deprecation            : HHH90000025: H2Dialect does not need to be specified explicitly using 'hibernate.dialect' (remove the property setting and it will be selected by default)
2024-11-06T16:44:35.554Z DEBUG 41508 --- [           main] org.hibernate.orm.dialect                : HHH035001: Using dialect: org.hibernate.dialect.H2Dialect, version: 2.2.224
2024-11-06T16:44:35.556Z DEBUG 41508 --- [           main] o.h.e.j.env.spi.IdentifierHelperBuilder  : JDBC driver metadata reported database stores quoted identifiers in neither upper, lower nor mixed case
2024-11-06T16:44:35.569Z DEBUG 41508 --- [           main] o.h.t.d.jdbc.spi.JdbcTypeRegistry        : addDescriptor(NCharTypeDescriptor) replaced previous registration(CharTypeDescriptor)
2024-11-06T16:44:35.570Z DEBUG 41508 --- [           main] o.h.t.d.jdbc.spi.JdbcTypeRegistry        : addDescriptor(NVarcharTypeDescriptor) replaced previous registration(VarcharTypeDescriptor)
2024-11-06T16:44:35.570Z DEBUG 41508 --- [           main] o.h.t.d.jdbc.spi.JdbcTypeRegistry        : addDescriptor(LongNVarcharTypeDescriptor) replaced previous registration(LongVarcharTypeDescriptor)
2024-11-06T16:44:35.571Z DEBUG 41508 --- [           main] o.h.t.d.jdbc.spi.JdbcTypeRegistry        : addDescriptor(NClobTypeDescriptor(DEFAULT)) replaced previous registration(ClobTypeDescriptor(DEFAULT))
2024-11-06T16:44:35.571Z DEBUG 41508 --- [           main] o.h.t.d.jdbc.spi.JdbcTypeRegistry        : addDescriptor(2005, ClobTypeDescriptor(STREAM_BINDING)) replaced previous registration(ClobTypeDescriptor(DEFAULT))
2024-11-06T16:44:35.572Z DEBUG 41508 --- [           main] o.h.t.d.jdbc.spi.JdbcTypeRegistry        : addDescriptor(TimestampUtcDescriptor) replaced previous registration(TimestampUtcDescriptor)
2024-11-06T16:44:35.576Z DEBUG 41508 --- [           main] org.hibernate.type.BasicTypeRegistry     : Adding type registration org.hibernate.type.DurationType -> basicType@1(java.time.Duration,3015)
2024-11-06T16:44:35.576Z DEBUG 41508 --- [           main] org.hibernate.type.BasicTypeRegistry     : Adding type registration Duration -> basicType@1(java.time.Duration,3015)
2024-11-06T16:44:35.576Z DEBUG 41508 --- [           main] org.hibernate.type.BasicTypeRegistry     : Adding type registration java.time.Duration -> basicType@1(java.time.Duration,3015)
2024-11-06T16:44:35.578Z DEBUG 41508 --- [           main] o.h.type.spi.TypeConfiguration$Scope     : Scoping TypeConfiguration [org.hibernate.type.spi.TypeConfiguration@5b91c767] to MetadataBuildingContext [org.hibernate.boot.internal.MetadataBuildingContextRootImpl@7bf974a1]
2024-11-06T16:44:35.605Z DEBUG 41508 --- [           main] o.h.boot.model.relational.Namespace      : Created database namespace [logicalName=Name{catalog=null, schema=null}, physicalName=Name{catalog=null, schema=null}]
2024-11-06T16:44:35.624Z DEBUG 41508 --- [           main] o.h.boot.model.internal.EntityBinder     : Binding entity from annotated class: com.ims.models.Item
2024-11-06T16:44:35.627Z DEBUG 41508 --- [           main] o.h.boot.model.internal.EntityBinder     : Import with entity name Item
2024-11-06T16:44:35.632Z DEBUG 41508 --- [           main] o.h.boot.model.internal.EntityBinder     : Bind entity com.ims.models.Item on table items
2024-11-06T16:44:35.639Z DEBUG 41508 --- [           main] o.h.boot.model.internal.AnnotatedColumn  : Binding column: AnnotatedDiscriminatorColumn(column='DTYPE')
2024-11-06T16:44:35.652Z DEBUG 41508 --- [           main] o.h.boot.model.internal.AnnotatedColumn  : Binding column: AnnotatedColumn()
2024-11-06T16:44:35.653Z DEBUG 41508 --- [           main] o.h.boot.internal.ClassLoaderAccessImpl  : Not known whether passed class name [com.ims.models.Item] is safe
2024-11-06T16:44:35.653Z DEBUG 41508 --- [           main] o.h.boot.internal.ClassLoaderAccessImpl  : No temp ClassLoader provided; using live ClassLoader for loading potentially unsafe class : com.ims.models.Item
2024-11-06T16:44:35.655Z DEBUG 41508 --- [           main] o.h.boot.model.internal.PropertyBinder   : MetadataSourceProcessor property id with lazy=false
2024-11-06T16:44:35.658Z DEBUG 41508 --- [           main] o.h.b.m.internal.AbstractPropertyHolder  : Attempting to locate auto-apply AttributeConverter for property [com.ims.models.Item:id]
2024-11-06T16:44:35.661Z DEBUG 41508 --- [           main] o.h.b.model.internal.BasicValueBinder    : building BasicValue for id
2024-11-06T16:44:35.665Z DEBUG 41508 --- [           main] org.hibernate.mapping.BasicValue         : Skipping column re-registration: items.id
2024-11-06T16:44:35.666Z DEBUG 41508 --- [           main] o.h.boot.model.internal.PropertyBinder   : Building property id
2024-11-06T16:44:35.668Z DEBUG 41508 --- [           main] o.h.boot.model.internal.BinderHelper     : #makeIdGenerator(BasicValue([Column(id)]), id, identity, , ...)
2024-11-06T16:44:35.669Z DEBUG 41508 --- [           main] o.h.boot.model.internal.AnnotatedColumn  : Binding column: AnnotatedColumn()
2024-11-06T16:44:35.670Z DEBUG 41508 --- [           main] o.h.boot.model.internal.PropertyBinder   : MetadataSourceProcessor property barcode with lazy=false
2024-11-06T16:44:35.670Z DEBUG 41508 --- [           main] o.h.b.m.internal.AbstractPropertyHolder  : Attempting to locate auto-apply AttributeConverter for property [com.ims.models.Item:barcode]
2024-11-06T16:44:35.670Z DEBUG 41508 --- [           main] o.h.b.model.internal.BasicValueBinder    : building BasicValue for barcode
2024-11-06T16:44:35.670Z DEBUG 41508 --- [           main] org.hibernate.mapping.BasicValue         : Skipping column re-registration: items.barcode
2024-11-06T16:44:35.670Z DEBUG 41508 --- [           main] o.h.boot.model.internal.PropertyBinder   : Building property barcode
2024-11-06T16:44:35.670Z DEBUG 41508 --- [           main] o.h.boot.model.internal.AnnotatedColumn  : Binding column: AnnotatedColumn()
2024-11-06T16:44:35.670Z DEBUG 41508 --- [           main] o.h.boot.model.internal.PropertyBinder   : MetadataSourceProcessor property brand with lazy=false
2024-11-06T16:44:35.670Z DEBUG 41508 --- [           main] o.h.b.m.internal.AbstractPropertyHolder  : Attempting to locate auto-apply AttributeConverter for property [com.ims.models.Item:brand]
2024-11-06T16:44:35.670Z DEBUG 41508 --- [           main] o.h.b.model.internal.BasicValueBinder    : building BasicValue for brand
2024-11-06T16:44:35.670Z DEBUG 41508 --- [           main] org.hibernate.mapping.BasicValue         : Skipping column re-registration: items.brand
2024-11-06T16:44:35.670Z DEBUG 41508 --- [           main] o.h.boot.model.internal.PropertyBinder   : Building property brand
2024-11-06T16:44:35.670Z DEBUG 41508 --- [           main] o.h.boot.model.internal.AnnotatedColumn  : Binding column: AnnotatedColumn()
2024-11-06T16:44:35.671Z DEBUG 41508 --- [           main] o.h.boot.model.internal.PropertyBinder   : MetadataSourceProcessor property category with lazy=false
2024-11-06T16:44:35.671Z DEBUG 41508 --- [           main] o.h.b.m.internal.AbstractPropertyHolder  : Attempting to locate auto-apply AttributeConverter for property [com.ims.models.Item:category]
2024-11-06T16:44:35.671Z DEBUG 41508 --- [           main] o.h.b.model.internal.BasicValueBinder    : building BasicValue for category
2024-11-06T16:44:35.671Z DEBUG 41508 --- [           main] org.hibernate.mapping.BasicValue         : Skipping column re-registration: items.category
2024-11-06T16:44:35.671Z DEBUG 41508 --- [           main] o.h.boot.model.internal.PropertyBinder   : Building property category
2024-11-06T16:44:35.671Z DEBUG 41508 --- [           main] o.h.boot.model.internal.AnnotatedColumn  : Binding column: AnnotatedColumn()
2024-11-06T16:44:35.671Z DEBUG 41508 --- [           main] o.h.boot.model.internal.PropertyBinder   : MetadataSourceProcessor property designation with lazy=false
2024-11-06T16:44:35.671Z DEBUG 41508 --- [           main] o.h.b.m.internal.AbstractPropertyHolder  : Attempting to locate auto-apply AttributeConverter for property [com.ims.models.Item:designation]
2024-11-06T16:44:35.671Z DEBUG 41508 --- [           main] o.h.b.model.internal.BasicValueBinder    : building BasicValue for designation
2024-11-06T16:44:35.671Z DEBUG 41508 --- [           main] org.hibernate.mapping.BasicValue         : Skipping column re-registration: items.designation
2024-11-06T16:44:35.671Z DEBUG 41508 --- [           main] o.h.boot.model.internal.PropertyBinder   : Building property designation
2024-11-06T16:44:35.672Z DEBUG 41508 --- [           main] o.h.boot.model.internal.AnnotatedColumn  : Binding column: AnnotatedJoinColumn()
2024-11-06T16:44:35.672Z DEBUG 41508 --- [           main] o.h.boot.model.internal.AnnotatedColumn  : Binding column: AnnotatedColumn()
2024-11-06T16:44:35.684Z DEBUG 41508 --- [           main] o.h.boot.model.internal.AnnotatedColumn  : Binding column: IndexColumn(column='loans_ORDER')
2024-11-06T16:44:35.685Z DEBUG 41508 --- [           main] o.h.boot.model.internal.AnnotatedColumn  : Binding column: AnnotatedColumn()
2024-11-06T16:44:35.685Z DEBUG 41508 --- [           main] o.h.boot.model.internal.AnnotatedColumn  : Binding column: AnnotatedColumn(column='loans_KEY')
2024-11-06T16:44:35.685Z DEBUG 41508 --- [           main] o.h.boot.model.internal.AnnotatedColumn  : Binding column: AnnotatedJoinColumn(column='loans_KEY')
2024-11-06T16:44:35.686Z DEBUG 41508 --- [           main] o.h.boot.model.internal.AnnotatedColumn  : Binding column: AnnotatedJoinColumn()
2024-11-06T16:44:35.686Z DEBUG 41508 --- [           main] o.h.boot.model.internal.AnnotatedColumn  : Binding column: AnnotatedJoinColumn()
2024-11-06T16:44:35.688Z DEBUG 41508 --- [           main] o.h.b.model.internal.CollectionBinder    : Collection role: com.ims.models.Item.loans
2024-11-06T16:44:35.688Z DEBUG 41508 --- [           main] o.h.boot.model.internal.PropertyBinder   : Building property loans
2024-11-06T16:44:35.689Z DEBUG 41508 --- [           main] o.h.boot.model.internal.AnnotatedColumn  : Binding column: AnnotatedColumn()
2024-11-06T16:44:35.689Z DEBUG 41508 --- [           main] o.h.boot.model.internal.PropertyBinder   : MetadataSourceProcessor property purchasePrice with lazy=false
2024-11-06T16:44:35.689Z DEBUG 41508 --- [           main] o.h.b.m.internal.AbstractPropertyHolder  : Attempting to locate auto-apply AttributeConverter for property [com.ims.models.Item:purchasePrice]
2024-11-06T16:44:35.689Z DEBUG 41508 --- [           main] o.h.b.model.internal.BasicValueBinder    : building BasicValue for purchasePrice
2024-11-06T16:44:35.689Z DEBUG 41508 --- [           main] org.hibernate.mapping.BasicValue         : Skipping column re-registration: items.purchase_price
2024-11-06T16:44:35.689Z DEBUG 41508 --- [           main] o.h.boot.model.internal.PropertyBinder   : Building property purchasePrice
2024-11-06T16:44:35.689Z DEBUG 41508 --- [           main] o.h.boot.model.internal.AnnotatedColumn  : Binding column: AnnotatedJoinColumn()
2024-11-06T16:44:35.689Z DEBUG 41508 --- [           main] o.h.boot.model.internal.AnnotatedColumn  : Binding column: AnnotatedColumn()
2024-11-06T16:44:35.689Z DEBUG 41508 --- [           main] o.h.boot.model.internal.AnnotatedColumn  : Binding column: IndexColumn(column='requests_ORDER')
2024-11-06T16:44:35.689Z DEBUG 41508 --- [           main] o.h.boot.model.internal.AnnotatedColumn  : Binding column: AnnotatedColumn()
2024-11-06T16:44:35.689Z DEBUG 41508 --- [           main] o.h.boot.model.internal.AnnotatedColumn  : Binding column: AnnotatedColumn(column='requests_KEY')
2024-11-06T16:44:35.689Z DEBUG 41508 --- [           main] o.h.boot.model.internal.AnnotatedColumn  : Binding column: AnnotatedJoinColumn(column='requests_KEY')
2024-11-06T16:44:35.689Z DEBUG 41508 --- [           main] o.h.boot.model.internal.AnnotatedColumn  : Binding column: AnnotatedJoinColumn()
2024-11-06T16:44:35.689Z DEBUG 41508 --- [           main] o.h.boot.model.internal.AnnotatedColumn  : Binding column: AnnotatedJoinColumn()
2024-11-06T16:44:35.689Z DEBUG 41508 --- [           main] o.h.b.model.internal.CollectionBinder    : Collection role: com.ims.models.Item.requests
2024-11-06T16:44:35.690Z DEBUG 41508 --- [           main] o.h.boot.model.internal.PropertyBinder   : Building property requests
2024-11-06T16:44:35.690Z DEBUG 41508 --- [           main] o.h.boot.model.internal.AnnotatedColumn  : Binding column: AnnotatedColumn()
2024-11-06T16:44:35.690Z DEBUG 41508 --- [           main] o.h.boot.model.internal.PropertyBinder   : MetadataSourceProcessor property stockQuantity with lazy=false
2024-11-06T16:44:35.690Z DEBUG 41508 --- [           main] o.h.b.m.internal.AbstractPropertyHolder  : Attempting to locate auto-apply AttributeConverter for property [com.ims.models.Item:stockQuantity]
2024-11-06T16:44:35.690Z DEBUG 41508 --- [           main] o.h.b.model.internal.BasicValueBinder    : building BasicValue for stockQuantity
2024-11-06T16:44:35.690Z DEBUG 41508 --- [           main] org.hibernate.mapping.BasicValue         : Skipping column re-registration: items.stock_quantity
2024-11-06T16:44:35.690Z DEBUG 41508 --- [           main] o.h.boot.model.internal.PropertyBinder   : Building property stockQuantity
2024-11-06T16:44:35.690Z DEBUG 41508 --- [           main] o.h.boot.model.internal.AnnotatedColumn  : Binding column: AnnotatedColumn()
2024-11-06T16:44:35.690Z DEBUG 41508 --- [           main] o.h.boot.model.internal.PropertyBinder   : MetadataSourceProcessor property version with lazy=false
2024-11-06T16:44:35.690Z DEBUG 41508 --- [           main] o.h.b.m.internal.AbstractPropertyHolder  : Attempting to locate auto-apply AttributeConverter for property [com.ims.models.Item:version]
2024-11-06T16:44:35.690Z DEBUG 41508 --- [           main] o.h.b.model.internal.BasicValueBinder    : building BasicValue for version
2024-11-06T16:44:35.690Z DEBUG 41508 --- [           main] org.hibernate.mapping.BasicValue         : Skipping column re-registration: items.version
2024-11-06T16:44:35.690Z DEBUG 41508 --- [           main] o.h.boot.model.internal.PropertyBinder   : Building property version
2024-11-06T16:44:35.691Z DEBUG 41508 --- [           main] o.h.b.r.c.i.ClassLoaderServiceImpl       : HHH000194: Package not found or no package-info.java: com.ims.models
2024-11-06T16:44:35.693Z DEBUG 41508 --- [           main] o.h.boot.model.internal.EntityBinder     : Binding entity from annotated class: com.ims.models.ItemRequest
2024-11-06T16:44:35.693Z DEBUG 41508 --- [           main] o.h.boot.model.internal.EntityBinder     : Import with entity name ItemRequest
2024-11-06T16:44:35.694Z DEBUG 41508 --- [           main] o.h.boot.model.internal.EntityBinder     : Bind entity com.ims.models.ItemRequest on table item_requests
2024-11-06T16:44:35.694Z DEBUG 41508 --- [           main] o.h.boot.model.internal.AnnotatedColumn  : Binding column: AnnotatedDiscriminatorColumn(column='DTYPE')
2024-11-06T16:44:35.695Z DEBUG 41508 --- [           main] o.h.boot.model.internal.AnnotatedColumn  : Binding column: AnnotatedColumn()
2024-11-06T16:44:35.695Z DEBUG 41508 --- [           main] o.h.boot.internal.ClassLoaderAccessImpl  : Not known whether passed class name [com.ims.models.ItemRequest] is safe
2024-11-06T16:44:35.695Z DEBUG 41508 --- [           main] o.h.boot.internal.ClassLoaderAccessImpl  : No temp ClassLoader provided; using live ClassLoader for loading potentially unsafe class : com.ims.models.ItemRequest
2024-11-06T16:44:35.695Z DEBUG 41508 --- [           main] o.h.boot.model.internal.PropertyBinder   : MetadataSourceProcessor property id with lazy=false
2024-11-06T16:44:35.695Z DEBUG 41508 --- [           main] o.h.b.m.internal.AbstractPropertyHolder  : Attempting to locate auto-apply AttributeConverter for property [com.ims.models.ItemRequest:id]
2024-11-06T16:44:35.695Z DEBUG 41508 --- [           main] o.h.b.model.internal.BasicValueBinder    : building BasicValue for id
2024-11-06T16:44:35.695Z DEBUG 41508 --- [           main] org.hibernate.mapping.BasicValue         : Skipping column re-registration: item_requests.id
2024-11-06T16:44:35.695Z DEBUG 41508 --- [           main] o.h.boot.model.internal.PropertyBinder   : Building property id
2024-11-06T16:44:35.695Z DEBUG 41508 --- [           main] o.h.boot.model.internal.BinderHelper     : #makeIdGenerator(BasicValue([Column(id)]), id, identity, , ...)
2024-11-06T16:44:35.696Z DEBUG 41508 --- [           main] o.h.boot.model.internal.AnnotatedColumn  : Binding column: AnnotatedJoinColumn(column='item_id')
2024-11-06T16:44:35.696Z DEBUG 41508 --- [           main] o.h.boot.model.internal.AnnotatedColumn  : Binding column: AnnotatedColumn()
2024-11-06T16:44:35.698Z DEBUG 41508 --- [           main] o.h.boot.model.internal.PropertyBinder   : Building property item
2024-11-06T16:44:35.698Z DEBUG 41508 --- [           main] o.h.boot.model.internal.AnnotatedColumn  : Binding column: AnnotatedColumn()
2024-11-06T16:44:35.698Z DEBUG 41508 --- [           main] o.h.boot.model.internal.PropertyBinder   : MetadataSourceProcessor property queuePosition with lazy=false
2024-11-06T16:44:35.698Z DEBUG 41508 --- [           main] o.h.b.m.internal.AbstractPropertyHolder  : Attempting to locate auto-apply AttributeConverter for property [com.ims.models.ItemRequest:queuePosition]
2024-11-06T16:44:35.698Z DEBUG 41508 --- [           main] o.h.b.model.internal.BasicValueBinder    : building BasicValue for queuePosition
2024-11-06T16:44:35.698Z DEBUG 41508 --- [           main] org.hibernate.mapping.BasicValue         : Skipping column re-registration: item_requests.queue_position
2024-11-06T16:44:35.698Z DEBUG 41508 --- [           main] o.h.boot.model.internal.PropertyBinder   : Building property queuePosition
2024-11-06T16:44:35.698Z DEBUG 41508 --- [           main] o.h.boot.model.internal.AnnotatedColumn  : Binding column: AnnotatedColumn()
2024-11-06T16:44:35.698Z DEBUG 41508 --- [           main] o.h.boot.model.internal.PropertyBinder   : MetadataSourceProcessor property requestDate with lazy=false
2024-11-06T16:44:35.698Z DEBUG 41508 --- [           main] o.h.b.m.internal.AbstractPropertyHolder  : Attempting to locate auto-apply AttributeConverter for property [com.ims.models.ItemRequest:requestDate]
2024-11-06T16:44:35.699Z DEBUG 41508 --- [           main] o.h.b.model.internal.BasicValueBinder    : building BasicValue for requestDate
2024-11-06T16:44:35.699Z DEBUG 41508 --- [           main] org.hibernate.mapping.BasicValue         : Skipping column re-registration: item_requests.request_date
2024-11-06T16:44:35.699Z DEBUG 41508 --- [           main] o.h.boot.model.internal.PropertyBinder   : Building property requestDate
2024-11-06T16:44:35.699Z DEBUG 41508 --- [           main] o.h.boot.model.internal.AnnotatedColumn  : Binding column: AnnotatedColumn()
2024-11-06T16:44:35.699Z DEBUG 41508 --- [           main] o.h.boot.model.internal.PropertyBinder   : MetadataSourceProcessor property returnDate with lazy=false
2024-11-06T16:44:35.699Z DEBUG 41508 --- [           main] o.h.b.m.internal.AbstractPropertyHolder  : Attempting to locate auto-apply AttributeConverter for property [com.ims.models.ItemRequest:returnDate]
2024-11-06T16:44:35.699Z DEBUG 41508 --- [           main] o.h.b.model.internal.BasicValueBinder    : building BasicValue for returnDate
2024-11-06T16:44:35.699Z DEBUG 41508 --- [           main] org.hibernate.mapping.BasicValue         : Skipping column re-registration: item_requests.return_date
2024-11-06T16:44:35.699Z DEBUG 41508 --- [           main] o.h.boot.model.internal.PropertyBinder   : Building property returnDate
2024-11-06T16:44:35.699Z DEBUG 41508 --- [           main] o.h.boot.model.internal.AnnotatedColumn  : Binding column: AnnotatedColumn()
2024-11-06T16:44:35.699Z DEBUG 41508 --- [           main] o.h.boot.model.internal.PropertyBinder   : MetadataSourceProcessor property status with lazy=false
2024-11-06T16:44:35.699Z DEBUG 41508 --- [           main] o.h.b.m.internal.AbstractPropertyHolder  : Attempting to locate auto-apply AttributeConverter for property [com.ims.models.ItemRequest:status]
2024-11-06T16:44:35.699Z DEBUG 41508 --- [           main] o.h.b.model.internal.BasicValueBinder    : building BasicValue for status
2024-11-06T16:44:35.699Z DEBUG 41508 --- [           main] org.hibernate.mapping.BasicValue         : Skipping column re-registration: item_requests.status
2024-11-06T16:44:35.699Z DEBUG 41508 --- [           main] o.h.boot.model.internal.PropertyBinder   : Building property status
2024-11-06T16:44:35.699Z DEBUG 41508 --- [           main] o.h.boot.model.internal.AnnotatedColumn  : Binding column: AnnotatedJoinColumn(column='user_id')
2024-11-06T16:44:35.699Z DEBUG 41508 --- [           main] o.h.boot.model.internal.AnnotatedColumn  : Binding column: AnnotatedColumn()
2024-11-06T16:44:35.699Z DEBUG 41508 --- [           main] o.h.boot.model.internal.PropertyBinder   : Building property user
2024-11-06T16:44:35.699Z DEBUG 41508 --- [           main] o.h.boot.model.internal.AnnotatedColumn  : Binding column: AnnotatedColumn()
2024-11-06T16:44:35.699Z DEBUG 41508 --- [           main] o.h.boot.model.internal.PropertyBinder   : MetadataSourceProcessor property version with lazy=false
2024-11-06T16:44:35.699Z DEBUG 41508 --- [           main] o.h.b.m.internal.AbstractPropertyHolder  : Attempting to locate auto-apply AttributeConverter for property [com.ims.models.ItemRequest:version]
2024-11-06T16:44:35.699Z DEBUG 41508 --- [           main] o.h.b.model.internal.BasicValueBinder    : building BasicValue for version
2024-11-06T16:44:35.699Z DEBUG 41508 --- [           main] org.hibernate.mapping.BasicValue         : Skipping column re-registration: item_requests.version
2024-11-06T16:44:35.700Z DEBUG 41508 --- [           main] o.h.boot.model.internal.PropertyBinder   : Building property version
2024-11-06T16:44:35.700Z DEBUG 41508 --- [           main] o.h.b.r.c.i.ClassLoaderServiceImpl       : HHH000194: Package not found or no package-info.java: com.ims.models
2024-11-06T16:44:35.700Z DEBUG 41508 --- [           main] o.h.boot.model.internal.EntityBinder     : Binding entity from annotated class: com.ims.models.Loan
2024-11-06T16:44:35.700Z DEBUG 41508 --- [           main] o.h.boot.model.internal.EntityBinder     : Import with entity name Loan
2024-11-06T16:44:35.700Z DEBUG 41508 --- [           main] o.h.boot.model.internal.EntityBinder     : Bind entity com.ims.models.Loan on table loans
2024-11-06T16:44:35.700Z DEBUG 41508 --- [           main] o.h.boot.model.internal.AnnotatedColumn  : Binding column: AnnotatedDiscriminatorColumn(column='DTYPE')
2024-11-06T16:44:35.701Z DEBUG 41508 --- [           main] o.h.boot.model.internal.AnnotatedColumn  : Binding column: AnnotatedColumn()
2024-11-06T16:44:35.701Z DEBUG 41508 --- [           main] o.h.boot.internal.ClassLoaderAccessImpl  : Not known whether passed class name [com.ims.models.Loan] is safe
2024-11-06T16:44:35.701Z DEBUG 41508 --- [           main] o.h.boot.internal.ClassLoaderAccessImpl  : No temp ClassLoader provided; using live ClassLoader for loading potentially unsafe class : com.ims.models.Loan
2024-11-06T16:44:35.701Z DEBUG 41508 --- [           main] o.h.boot.model.internal.PropertyBinder   : MetadataSourceProcessor property id with lazy=false
2024-11-06T16:44:35.701Z DEBUG 41508 --- [           main] o.h.b.m.internal.AbstractPropertyHolder  : Attempting to locate auto-apply AttributeConverter for property [com.ims.models.Loan:id]
2024-11-06T16:44:35.701Z DEBUG 41508 --- [           main] o.h.b.model.internal.BasicValueBinder    : building BasicValue for id
2024-11-06T16:44:35.701Z DEBUG 41508 --- [           main] org.hibernate.mapping.BasicValue         : Skipping column re-registration: loans.id
2024-11-06T16:44:35.701Z DEBUG 41508 --- [           main] o.h.boot.model.internal.PropertyBinder   : Building property id
2024-11-06T16:44:35.701Z DEBUG 41508 --- [           main] o.h.boot.model.internal.BinderHelper     : #makeIdGenerator(BasicValue([Column(id)]), id, identity, , ...)
2024-11-06T16:44:35.701Z DEBUG 41508 --- [           main] o.h.boot.model.internal.AnnotatedColumn  : Binding column: AnnotatedColumn()
2024-11-06T16:44:35.701Z DEBUG 41508 --- [           main] o.h.boot.model.internal.PropertyBinder   : MetadataSourceProcessor property endDate with lazy=false
2024-11-06T16:44:35.701Z DEBUG 41508 --- [           main] o.h.b.m.internal.AbstractPropertyHolder  : Attempting to locate auto-apply AttributeConverter for property [com.ims.models.Loan:endDate]
2024-11-06T16:44:35.701Z DEBUG 41508 --- [           main] o.h.b.model.internal.BasicValueBinder    : building BasicValue for endDate
2024-11-06T16:44:35.702Z DEBUG 41508 --- [           main] org.hibernate.mapping.BasicValue         : Skipping column re-registration: loans.end_date
2024-11-06T16:44:35.702Z DEBUG 41508 --- [           main] o.h.boot.model.internal.PropertyBinder   : Building property endDate
2024-11-06T16:44:35.702Z DEBUG 41508 --- [           main] o.h.boot.model.internal.AnnotatedColumn  : Binding column: AnnotatedJoinColumn(column='item_id')
2024-11-06T16:44:35.702Z DEBUG 41508 --- [           main] o.h.boot.model.internal.AnnotatedColumn  : Binding column: AnnotatedColumn()
2024-11-06T16:44:35.702Z DEBUG 41508 --- [           main] o.h.boot.model.internal.PropertyBinder   : Building property item
2024-11-06T16:44:35.702Z DEBUG 41508 --- [           main] o.h.boot.model.internal.AnnotatedColumn  : Binding column: AnnotatedColumn()
2024-11-06T16:44:35.702Z DEBUG 41508 --- [           main] o.h.boot.model.internal.PropertyBinder   : MetadataSourceProcessor property returnDate with lazy=false
2024-11-06T16:44:35.702Z DEBUG 41508 --- [           main] o.h.b.m.internal.AbstractPropertyHolder  : Attempting to locate auto-apply AttributeConverter for property [com.ims.models.Loan:returnDate]
2024-11-06T16:44:35.702Z DEBUG 41508 --- [           main] o.h.b.model.internal.BasicValueBinder    : building BasicValue for returnDate
2024-11-06T16:44:35.702Z DEBUG 41508 --- [           main] org.hibernate.mapping.BasicValue         : Skipping column re-registration: loans.return_date
2024-11-06T16:44:35.702Z DEBUG 41508 --- [           main] o.h.boot.model.internal.PropertyBinder   : Building property returnDate
2024-11-06T16:44:35.702Z DEBUG 41508 --- [           main] o.h.boot.model.internal.AnnotatedColumn  : Binding column: AnnotatedColumn()
2024-11-06T16:44:35.702Z DEBUG 41508 --- [           main] o.h.boot.model.internal.PropertyBinder   : MetadataSourceProcessor property startDate with lazy=false
2024-11-06T16:44:35.702Z DEBUG 41508 --- [           main] o.h.b.m.internal.AbstractPropertyHolder  : Attempting to locate auto-apply AttributeConverter for property [com.ims.models.Loan:startDate]
2024-11-06T16:44:35.702Z DEBUG 41508 --- [           main] o.h.b.model.internal.BasicValueBinder    : building BasicValue for startDate
2024-11-06T16:44:35.702Z DEBUG 41508 --- [           main] org.hibernate.mapping.BasicValue         : Skipping column re-registration: loans.start_date
2024-11-06T16:44:35.702Z DEBUG 41508 --- [           main] o.h.boot.model.internal.PropertyBinder   : Building property startDate
2024-11-06T16:44:35.702Z DEBUG 41508 --- [           main] o.h.boot.model.internal.AnnotatedColumn  : Binding column: AnnotatedColumn()
2024-11-06T16:44:35.703Z DEBUG 41508 --- [           main] o.h.boot.model.internal.PropertyBinder   : MetadataSourceProcessor property status with lazy=false
2024-11-06T16:44:35.703Z DEBUG 41508 --- [           main] o.h.b.m.internal.AbstractPropertyHolder  : Attempting to locate auto-apply AttributeConverter for property [com.ims.models.Loan:status]
2024-11-06T16:44:35.703Z DEBUG 41508 --- [           main] o.h.b.model.internal.BasicValueBinder    : building BasicValue for status
2024-11-06T16:44:35.703Z DEBUG 41508 --- [           main] org.hibernate.mapping.BasicValue         : Skipping column re-registration: loans.status
2024-11-06T16:44:35.703Z DEBUG 41508 --- [           main] o.h.boot.model.internal.PropertyBinder   : Building property status
2024-11-06T16:44:35.703Z DEBUG 41508 --- [           main] o.h.boot.model.internal.AnnotatedColumn  : Binding column: AnnotatedJoinColumn(column='user_id')
2024-11-06T16:44:35.703Z DEBUG 41508 --- [           main] o.h.boot.model.internal.AnnotatedColumn  : Binding column: AnnotatedColumn()
2024-11-06T16:44:35.703Z DEBUG 41508 --- [           main] o.h.boot.model.internal.PropertyBinder   : Building property user
2024-11-06T16:44:35.703Z DEBUG 41508 --- [           main] o.h.boot.model.internal.AnnotatedColumn  : Binding column: AnnotatedColumn()
2024-11-06T16:44:35.703Z DEBUG 41508 --- [           main] o.h.boot.model.internal.PropertyBinder   : MetadataSourceProcessor property version with lazy=false
2024-11-06T16:44:35.703Z DEBUG 41508 --- [           main] o.h.b.m.internal.AbstractPropertyHolder  : Attempting to locate auto-apply AttributeConverter for property [com.ims.models.Loan:version]
2024-11-06T16:44:35.703Z DEBUG 41508 --- [           main] o.h.b.model.internal.BasicValueBinder    : building BasicValue for version
2024-11-06T16:44:35.703Z DEBUG 41508 --- [           main] org.hibernate.mapping.BasicValue         : Skipping column re-registration: loans.version
2024-11-06T16:44:35.703Z DEBUG 41508 --- [           main] o.h.boot.model.internal.PropertyBinder   : Building property version
2024-11-06T16:44:35.703Z DEBUG 41508 --- [           main] o.h.b.r.c.i.ClassLoaderServiceImpl       : HHH000194: Package not found or no package-info.java: com.ims.models
2024-11-06T16:44:35.704Z DEBUG 41508 --- [           main] e.i.CallbackDefinitionResolverLegacyImpl : Adding validateDates as PreUpdate callback for entity com.ims.models.Loan
2024-11-06T16:44:35.704Z DEBUG 41508 --- [           main] e.i.CallbackDefinitionResolverLegacyImpl : Adding validateDates as PrePersist callback for entity com.ims.models.Loan
2024-11-06T16:44:35.704Z DEBUG 41508 --- [           main] o.h.boot.model.internal.EntityBinder     : Binding entity from annotated class: com.ims.models.User
[...]
2024-11-06T16:44:37.609Z DEBUG 41508 --- [           main] o.h.e.i.AbstractFlushingEventListener    : Processing flush-time cascades
2024-11-06T16:44:37.609Z DEBUG 41508 --- [           main] o.h.e.i.AbstractFlushingEventListener    : Dirty checking collections
2024-11-06T16:44:37.609Z DEBUG 41508 --- [           main] o.hibernate.engine.internal.Collections  : Collection found: [com.ims.models.Item.loans#24], was: [<unreferenced>] (initialized)
2024-11-06T16:44:37.609Z DEBUG 41508 --- [           main] o.hibernate.engine.internal.Collections  : Collection found: [com.ims.models.Item.requests#24], was: [<unreferenced>] (initialized)
2024-11-06T16:44:37.609Z DEBUG 41508 --- [           main] o.h.e.i.AbstractFlushingEventListener    : Flushed: 0 insertions, 0 updates, 0 deletions to 1 objects
2024-11-06T16:44:37.609Z DEBUG 41508 --- [           main] o.h.e.i.AbstractFlushingEventListener    : Flushed: 2 (re)creations, 0 updates, 0 removals to 2 collections
2024-11-06T16:44:37.609Z DEBUG 41508 --- [           main] o.hibernate.internal.util.EntityPrinter  : Listing entities:
2024-11-06T16:44:37.609Z DEBUG 41508 --- [           main] o.hibernate.internal.util.EntityPrinter  : com.ims.models.Item{loans=[], stockQuantity=28, id=24, designation=Acer Aspire 5, purchasePrice=492.7571494810666, requests=[], category=LAPTOP, barcode=5909468024977, brand=Dell, version=0}
2024-11-06T16:44:37.610Z DEBUG 41508 --- [           main] o.h.e.t.internal.TransactionImpl         : On TransactionImpl creation, JpaCompliance#isJpaTransactionComplianceEnabled == false
2024-11-06T16:44:37.610Z DEBUG 41508 --- [           main] o.h.e.t.internal.TransactionImpl         : begin
2024-11-06T16:44:37.610Z DEBUG 41508 --- [           main] org.hibernate.engine.spi.ActionQueue     : Executing identity-insert immediately
2024-11-06T16:44:37.610Z DEBUG 41508 --- [           main] org.hibernate.SQL                        : 
    insert 
    into
        items
        (barcode, brand, category, designation, purchase_price, stock_quantity, version, id) 
    values
        (?, ?, ?, ?, ?, ?, ?, default)
Hibernate: 
    insert 
    into
        items
        (barcode, brand, category, designation, purchase_price, stock_quantity, version, id) 
    values
        (?, ?, ?, ?, ?, ?, ?, default)
2024-11-06T16:44:37.610Z DEBUG 41508 --- [           main] org.hibernate.orm.results                : Initializer list is empty
2024-11-06T16:44:37.610Z DEBUG 41508 --- [           main] org.hibernate.orm.results.loading        : Calling top-level assembler (0 / 1) : org.hibernate.sql.results.graph.basic.BasicResultAssembler@3c0e4560
2024-11-06T16:44:37.610Z DEBUG 41508 --- [           main] org.hibernate.orm.results                : Extracted JDBC value [0] - [25]
2024-11-06T16:44:37.610Z DEBUG 41508 --- [           main] o.h.id.IdentifierGeneratorHelper         : Extracted generated values [com.ims.models.Item]: [Ljava.lang.Object;@44924779
2024-11-06T16:44:37.611Z DEBUG 41508 --- [           main] o.h.e.t.internal.TransactionImpl         : committing
2024-11-06T16:44:37.611Z DEBUG 41508 --- [           main] o.h.e.i.AbstractFlushingEventListener    : Processing flush-time cascades
2024-11-06T16:44:37.611Z DEBUG 41508 --- [           main] o.h.e.i.AbstractFlushingEventListener    : Dirty checking collections
2024-11-06T16:44:37.611Z DEBUG 41508 --- [           main] o.hibernate.engine.internal.Collections  : Collection found: [com.ims.models.Item.loans#25], was: [<unreferenced>] (initialized)
2024-11-06T16:44:37.611Z DEBUG 41508 --- [           main] o.hibernate.engine.internal.Collections  : Collection found: [com.ims.models.Item.requests#25], was: [<unreferenced>] (initialized)
2024-11-06T16:44:37.611Z DEBUG 41508 --- [           main] o.h.e.i.AbstractFlushingEventListener    : Flushed: 0 insertions, 0 updates, 0 deletions to 1 objects
2024-11-06T16:44:37.611Z DEBUG 41508 --- [           main] o.h.e.i.AbstractFlushingEventListener    : Flushed: 2 (re)creations, 0 updates, 0 removals to 2 collections
2024-11-06T16:44:37.611Z DEBUG 41508 --- [           main] o.hibernate.internal.util.EntityPrinter  : Listing entities:
2024-11-06T16:44:37.611Z DEBUG 41508 --- [           main] o.hibernate.internal.util.EntityPrinter  : com.ims.models.Item{loans=[], stockQuantity=61, id=25, designation=Samsung Odyssey G7, purchasePrice=190.2956707982636, requests=[], category=STORAGE_DEVICE, barcode=5902886435282, brand=Logitech, version=0}
2024-11-06T16:44:37.611Z DEBUG 41508 --- [           main] o.h.e.t.internal.TransactionImpl         : On TransactionImpl creation, JpaCompliance#isJpaTransactionComplianceEnabled == false
2024-11-06T16:44:37.611Z DEBUG 41508 --- [           main] o.h.e.t.internal.TransactionImpl         : begin
2024-11-06T16:44:37.611Z DEBUG 41508 --- [           main] org.hibernate.engine.spi.ActionQueue     : Executing identity-insert immediately
2024-11-06T16:44:37.611Z DEBUG 41508 --- [           main] org.hibernate.SQL                        : 
    insert 
    into
        items
        (barcode, brand, category, designation, purchase_price, stock_quantity, version, id) 
    values
        (?, ?, ?, ?, ?, ?, ?, default)
Hibernate: 
    insert 
    into
        items
        (barcode, brand, category, designation, purchase_price, stock_quantity, version, id) 
    values
        (?, ?, ?, ?, ?, ?, ?, default)
2024-11-06T16:44:37.612Z DEBUG 41508 --- [           main] org.hibernate.orm.results                : Initializer list is empty
2024-11-06T16:44:37.612Z DEBUG 41508 --- [           main] org.hibernate.orm.results.loading        : Calling top-level assembler (0 / 1) : org.hibernate.sql.results.graph.basic.BasicResultAssembler@5e982143
2024-11-06T16:44:37.612Z DEBUG 41508 --- [           main] org.hibernate.orm.results                : Extracted JDBC value [0] - [26]
2024-11-06T16:44:37.612Z DEBUG 41508 --- [           main] o.h.id.IdentifierGeneratorHelper         : Extracted generated values [com.ims.models.Item]: [Ljava.lang.Object;@215be68d
2024-11-06T16:44:37.612Z DEBUG 41508 --- [           main] o.h.e.t.internal.TransactionImpl         : committing
2024-11-06T16:44:37.612Z DEBUG 41508 --- [           main] o.h.e.i.AbstractFlushingEventListener    : Processing flush-time cascades
2024-11-06T16:44:37.612Z DEBUG 41508 --- [           main] o.h.e.i.AbstractFlushingEventListener    : Dirty checking collections
2024-11-06T16:44:37.612Z DEBUG 41508 --- [           main] o.hibernate.engine.internal.Collections  : Collection found: [com.ims.models.Item.loans#26], was: [<unreferenced>] (initialized)
2024-11-06T16:44:37.612Z DEBUG 41508 --- [           main] o.hibernate.engine.internal.Collections  : Collection found: [com.ims.models.Item.requests#26], was: [<unreferenced>] (initialized)
2024-11-06T16:44:37.612Z DEBUG 41508 --- [           main] o.h.e.i.AbstractFlushingEventListener    : Flushed: 0 insertions, 0 updates, 0 deletions to 1 objects
2024-11-06T16:44:37.612Z DEBUG 41508 --- [           main] o.h.e.i.AbstractFlushingEventListener    : Flushed: 2 (re)creations, 0 updates, 0 removals to 2 collections
2024-11-06T16:44:37.612Z DEBUG 41508 --- [           main] o.hibernate.internal.util.EntityPrinter  : Listing entities:
2024-11-06T16:44:37.612Z DEBUG 41508 --- [           main] o.hibernate.internal.util.EntityPrinter  : com.ims.models.Item{loans=[], stockQuantity=65, id=26, designation=Corsair K95 RGB, purchasePrice=67.9134002179288, requests=[], category=NETWORK_EQUIPMENT, barcode=5903370977013, brand=Apple, version=0}
2024-11-06T16:44:37.612Z DEBUG 41508 --- [           main] o.h.e.t.internal.TransactionImpl         : On TransactionImpl creation, JpaCompliance#isJpaTransactionComplianceEnabled == false
2024-11-06T16:44:37.612Z DEBUG 41508 --- [           main] o.h.e.t.internal.TransactionImpl         : begin
2024-11-06T16:44:37.613Z DEBUG 41508 --- [           main] org.hibernate.engine.spi.ActionQueue     : Executing identity-insert immediately
2024-11-06T16:44:37.613Z DEBUG 41508 --- [           main] org.hibernate.SQL                        : 
    insert 
    into
        items
        (barcode, brand, category, designation, purchase_price, stock_quantity, version, id) 
    values
        (?, ?, ?, ?, ?, ?, ?, default)
Hibernate: 
    insert 
    into
        items
        (barcode, brand, category, designation, purchase_price, stock_quantity, version, id) 
    values
        (?, ?, ?, ?, ?, ?, ?, default)
2024-11-06T16:44:37.613Z DEBUG 41508 --- [           main] org.hibernate.orm.results                : Initializer list is empty
2024-11-06T16:44:37.613Z DEBUG 41508 --- [           main] org.hibernate.orm.results.loading        : Calling top-level assembler (0 / 1) : org.hibernate.sql.results.graph.basic.BasicResultAssembler@780435b0
2024-11-06T16:44:37.613Z DEBUG 41508 --- [           main] org.hibernate.orm.results                : Extracted JDBC value [0] - [27]
2024-11-06T16:44:37.613Z DEBUG 41508 --- [           main] o.h.id.IdentifierGeneratorHelper         : Extracted generated values [com.ims.models.Item]: [Ljava.lang.Object;@f23a9fe
2024-11-06T16:44:37.613Z DEBUG 41508 --- [           main] o.h.e.t.internal.TransactionImpl         : committing
2024-11-06T16:44:37.613Z DEBUG 41508 --- [           main] o.h.e.i.AbstractFlushingEventListener    : Processing flush-time cascades
2024-11-06T16:44:37.613Z DEBUG 41508 --- [           main] o.h.e.i.AbstractFlushingEventListener    : Dirty checking collections
2024-11-06T16:44:37.613Z DEBUG 41508 --- [           main] o.hibernate.engine.internal.Collections  : Collection found: [com.ims.models.Item.loans#27], was: [<unreferenced>] (initialized)
2024-11-06T16:44:37.613Z DEBUG 41508 --- [           main] o.hibernate.engine.internal.Collections  : Collection found: [com.ims.models.Item.requests#27], was: [<unreferenced>] (initialized)
2024-11-06T16:44:37.613Z DEBUG 41508 --- [           main] o.h.e.i.AbstractFlushingEventListener    : Flushed: 0 insertions, 0 updates, 0 deletions to 1 objects
2024-11-06T16:44:37.613Z DEBUG 41508 --- [           main] o.h.e.i.AbstractFlushingEventListener    : Flushed: 2 (re)creations, 0 updates, 0 removals to 2 collections
2024-11-06T16:44:37.613Z DEBUG 41508 --- [           main] o.hibernate.internal.util.EntityPrinter  : Listing entities:
2024-11-06T16:44:37.613Z DEBUG 41508 --- [           main] o.hibernate.internal.util.EntityPrinter  : com.ims.models.Item{loans=[], stockQuantity=0, id=27, designation=Acer Predator Helios 300, purchasePrice=61.23868861442513, requests=[], category=PERIPHERAL, barcode=5904047602881, brand=BenQ, version=0}
2024-11-06T16:44:37.614Z DEBUG 41508 --- [           main] o.h.e.t.internal.TransactionImpl         : On TransactionImpl creation, JpaCompliance#isJpaTransactionComplianceEnabled == false
2024-11-06T16:44:37.614Z DEBUG 41508 --- [           main] o.h.e.t.internal.TransactionImpl         : begin
2024-11-06T16:44:37.614Z DEBUG 41508 --- [           main] org.hibernate.engine.spi.ActionQueue     : Executing identity-insert immediately
2024-11-06T16:44:37.614Z DEBUG 41508 --- [           main] org.hibernate.SQL                        : 
    insert 
    into
        items
        (barcode, brand, category, designation, purchase_price, stock_quantity, version, id) 
    values
        (?, ?, ?, ?, ?, ?, ?, default)
Hibernate: 
    insert 
    into
        items
        (barcode, brand, category, designation, purchase_price, stock_quantity, version, id) 
    values
        (?, ?, ?, ?, ?, ?, ?, default)
2024-11-06T16:44:37.614Z DEBUG 41508 --- [           main] org.hibernate.orm.results                : Initializer list is empty
2024-11-06T16:44:37.614Z DEBUG 41508 --- [           main] org.hibernate.orm.results.loading        : Calling top-level assembler (0 / 1) : org.hibernate.sql.results.graph.basic.BasicResultAssembler@6bb15f36
2024-11-06T16:44:37.614Z DEBUG 41508 --- [           main] org.hibernate.orm.results                : Extracted JDBC value [0] - [28]
2024-11-06T16:44:37.615Z DEBUG 41508 --- [           main] o.h.id.IdentifierGeneratorHelper         : Extracted generated values [com.ims.models.Item]: [Ljava.lang.Object;@4de2c8e8
2024-11-06T16:44:37.615Z DEBUG 41508 --- [           main] o.h.e.t.internal.TransactionImpl         : committing
2024-11-06T16:44:37.615Z DEBUG 41508 --- [           main] o.h.e.i.AbstractFlushingEventListener    : Processing flush-time cascades
2024-11-06T16:44:37.615Z DEBUG 41508 --- [           main] o.h.e.i.AbstractFlushingEventListener    : Dirty checking collections
2024-11-06T16:44:37.615Z DEBUG 41508 --- [           main] o.hibernate.engine.internal.Collections  : Collection found: [com.ims.models.Item.loans#28], was: [<unreferenced>] (initialized)
2024-11-06T16:44:37.615Z DEBUG 41508 --- [           main] o.hibernate.engine.internal.Collections  : Collection found: [com.ims.models.Item.requests#28], was: [<unreferenced>] (initialized)
2024-11-06T16:44:37.615Z DEBUG 41508 --- [           main] o.h.e.i.AbstractFlushingEventListener    : Flushed: 0 insertions, 0 updates, 0 deletions to 1 objects
2024-11-06T16:44:37.615Z DEBUG 41508 --- [           main] o.h.e.i.AbstractFlushingEventListener    : Flushed: 2 (re)creations, 0 updates, 0 removals to 2 collections
2024-11-06T16:44:37.615Z DEBUG 41508 --- [           main] o.hibernate.internal.util.EntityPrinter  : Listing entities:
2024-11-06T16:44:37.615Z DEBUG 41508 --- [           main] o.hibernate.internal.util.EntityPrinter  : com.ims.models.Item{loans=[], stockQuantity=22, id=28, designation=Synology DS220+, purchasePrice=201.87596904737921, requests=[], category=LAPTOP, barcode=5908347071407, brand=Razer, version=0}
2024-11-06T16:44:37.615Z DEBUG 41508 --- [           main] o.h.e.t.internal.TransactionImpl         : On TransactionImpl creation, JpaCompliance#isJpaTransactionComplianceEnabled == false
2024-11-06T16:44:37.615Z DEBUG 41508 --- [           main] o.h.e.t.internal.TransactionImpl         : begin
2024-11-06T16:44:37.615Z DEBUG 41508 --- [           main] org.hibernate.engine.spi.ActionQueue     : Executing identity-insert immediately
2024-11-06T16:44:37.616Z DEBUG 41508 --- [           main] org.hibernate.SQL                        : 
    insert 
    into
        items
        (barcode, brand, category, designation, purchase_price, stock_quantity, version, id) 
    values
        (?, ?, ?, ?, ?, ?, ?, default)
Hibernate: 
    insert 
    into
        items
        (barcode, brand, category, designation, purchase_price, stock_quantity, version, id) 
    values
        (?, ?, ?, ?, ?, ?, ?, default)
2024-11-06T16:44:37.616Z DEBUG 41508 --- [           main] org.hibernate.orm.results                : Initializer list is empty
2024-11-06T16:44:37.616Z DEBUG 41508 --- [           main] org.hibernate.orm.results.loading        : Calling top-level assembler (0 / 1) : org.hibernate.sql.results.graph.basic.BasicResultAssembler@7b672be5
2024-11-06T16:44:37.616Z DEBUG 41508 --- [           main] org.hibernate.orm.results                : Extracted JDBC value [0] - [29]
2024-11-06T16:44:37.616Z DEBUG 41508 --- [           main] o.h.id.IdentifierGeneratorHelper         : Extracted generated values [com.ims.models.Item]: [Ljava.lang.Object;@180f3fc8
2024-11-06T16:44:37.616Z DEBUG 41508 --- [           main] o.h.e.t.internal.TransactionImpl         : committing
2024-11-06T16:44:37.616Z DEBUG 41508 --- [           main] o.h.e.i.AbstractFlushingEventListener    : Processing flush-time cascades
2024-11-06T16:44:37.616Z DEBUG 41508 --- [           main] o.h.e.i.AbstractFlushingEventListener    : Dirty checking collections
2024-11-06T16:44:37.616Z DEBUG 41508 --- [           main] o.hibernate.engine.internal.Collections  : Collection found: [com.ims.models.Item.loans#29], was: [<unreferenced>] (initialized)
2024-11-06T16:44:37.616Z DEBUG 41508 --- [           main] o.hibernate.engine.internal.Collections  : Collection found: [com.ims.models.Item.requests#29], was: [<unreferenced>] (initialized)
2024-11-06T16:44:37.616Z DEBUG 41508 --- [           main] o.h.e.i.AbstractFlushingEventListener    : Flushed: 0 insertions, 0 updates, 0 deletions to 1 objects
2024-11-06T16:44:37.617Z DEBUG 41508 --- [           main] o.h.e.i.AbstractFlushingEventListener    : Flushed: 2 (re)creations, 0 updates, 0 removals to 2 collections
2024-11-06T16:44:37.617Z DEBUG 41508 --- [           main] o.hibernate.internal.util.EntityPrinter  : Listing entities:
2024-11-06T16:44:37.617Z DEBUG 41508 --- [           main] o.hibernate.internal.util.EntityPrinter  : com.ims.models.Item{loans=[], stockQuantity=77, id=29, designation=HP Spectre x360, purchasePrice=143.3115947571922, requests=[], category=LAPTOP, barcode=5904278646244, brand=Synology, version=0}
2024-11-06T16:44:37.617Z DEBUG 41508 --- [           main] o.h.e.t.internal.TransactionImpl         : On TransactionImpl creation, JpaCompliance#isJpaTransactionComplianceEnabled == false
2024-11-06T16:44:37.617Z DEBUG 41508 --- [           main] o.h.e.t.internal.TransactionImpl         : begin
2024-11-06T16:44:37.617Z DEBUG 41508 --- [           main] org.hibernate.engine.spi.ActionQueue     : Executing identity-insert immediately
2024-11-06T16:44:37.617Z DEBUG 41508 --- [           main] org.hibernate.SQL                        : 
    insert 
    into
        items
        (barcode, brand, category, designation, purchase_price, stock_quantity, version, id) 
    values
        (?, ?, ?, ?, ?, ?, ?, default)
Hibernate: 
    insert 
    into
        items
        (barcode, brand, category, designation, purchase_price, stock_quantity, version, id) 
    values
        (?, ?, ?, ?, ?, ?, ?, default)
2024-11-06T16:44:37.617Z DEBUG 41508 --- [           main] org.hibernate.orm.results                : Initializer list is empty
2024-11-06T16:44:37.618Z DEBUG 41508 --- [           main] org.hibernate.orm.results.loading        : Calling top-level assembler (0 / 1) : org.hibernate.sql.results.graph.basic.BasicResultAssembler@7fd254dd
2024-11-06T16:44:37.618Z DEBUG 41508 --- [           main] org.hibernate.orm.results                : Extracted JDBC value [0] - [30]
2024-11-06T16:44:37.618Z DEBUG 41508 --- [           main] o.h.id.IdentifierGeneratorHelper         : Extracted generated values [com.ims.models.Item]: [Ljava.lang.Object;@6c9eb0ef
2024-11-06T16:44:37.618Z DEBUG 41508 --- [           main] o.h.e.t.internal.TransactionImpl         : committing
2024-11-06T16:44:37.618Z DEBUG 41508 --- [           main] o.h.e.i.AbstractFlushingEventListener    : Processing flush-time cascades
2024-11-06T16:44:37.618Z DEBUG 41508 --- [           main] o.h.e.i.AbstractFlushingEventListener    : Dirty checking collections
2024-11-06T16:44:37.618Z DEBUG 41508 --- [           main] o.hibernate.engine.internal.Collections  : Collection found: [com.ims.models.Item.loans#30], was: [<unreferenced>] (initialized)
2024-11-06T16:44:37.618Z DEBUG 41508 --- [           main] o.hibernate.engine.internal.Collections  : Collection found: [com.ims.models.Item.requests#30], was: [<unreferenced>] (initialized)
2024-11-06T16:44:37.618Z DEBUG 41508 --- [           main] o.h.e.i.AbstractFlushingEventListener    : Flushed: 0 insertions, 0 updates, 0 deletions to 1 objects
2024-11-06T16:44:37.618Z DEBUG 41508 --- [           main] o.h.e.i.AbstractFlushingEventListener    : Flushed: 2 (re)creations, 0 updates, 0 removals to 2 collections
2024-11-06T16:44:37.618Z DEBUG 41508 --- [           main] o.hibernate.internal.util.EntityPrinter  : Listing entities:
2024-11-06T16:44:37.618Z DEBUG 41508 --- [           main] o.hibernate.internal.util.EntityPrinter  : com.ims.models.Item{loans=[], stockQuantity=91, id=30, designation=MX Master 3, purchasePrice=822.4552226395687, requests=[], category=SERVER, barcode=5905877091860, brand=HP, version=0}
2024-11-06T16:44:37.619Z  INFO 41508 --- [           main] com.ims.ImsApplicationTests              : Started ImsApplicationTests in 3.709 seconds (process running for 6.12)
]]></system-out>
  </testcase>
</testsuite>