<?xml version="1.0" encoding="UTF-8"?>
<testsuite xmlns:xsi="http://www.w3.org/2001/XMLSchema-instance" xsi:noNamespaceSchemaLocation="https://maven.apache.org/surefire/maven-surefire-plugin/xsd/surefire-test-report-3.0.xsd" version="3.0" name="com.ims.ImsApplicationTests" time="4.061" tests="1" errors="0" skipped="0" failures="0">
  <properties>
[...]
</properties>
  <testcase name="contextLoads" classname="com.ims.ImsApplicationTests" time="0.007">
    <system-out><![CDATA[15:36:05.902 [main] INFO org.springframework.test.context.support.AnnotationConfigContextLoaderUtils -- Could not detect default configuration classes for test class [com.ims.ImsApplicationTests]: ImsApplicationTests does not declare any static, non-private, non-final, nested classes annotated with @Configuration.
15:36:05.995 [main] INFO org.springframework.boot.test.context.SpringBootTestContextBootstrapper -- Found @SpringBootConfiguration com.ims.ImsApplication for test class com.ims.ImsApplicationTests

  .   ____          _            __ _ _
 /\\ / ___'_ __ _ _(_)_ __  __ _ \ \ \ \
( ( )\___ | '_ | '_| | '_ \/ _` | \ \ \ \
 \\/  ___)| |_)| | | | | || (_| |  ) ) ) )
  '  |____| .__|_| |_|_| |_\__, | / / / /
 =========|_|==============|___/=/_/_/_/

 :: Spring Boot ::                (v3.3.5)

2024-11-06T15:36:06.298Z  INFO 35478 --- [           main] com.ims.ImsApplicationTests              : Starting ImsApplicationTests using Java 21.0.3 with PID 35478 (started by miguelloureiro in /Users/miguelloureiro/repos/miguel-loureiro/lendit/backend)
2024-11-06T15:36:06.299Z  INFO 35478 --- [           main] com.ims.ImsApplicationTests              : The following 1 profile is active: "test"
2024-11-06T15:36:06.323Z DEBUG 35478 --- [           main] o.s.w.c.s.GenericWebApplicationContext   : Refreshing org.springframework.web.context.support.GenericWebApplicationContext@e74300b
2024-11-06T15:36:06.742Z  INFO 35478 --- [           main] .s.d.r.c.RepositoryConfigurationDelegate : Bootstrapping Spring Data JPA repositories in DEFAULT mode.
2024-11-06T15:36:06.792Z  INFO 35478 --- [           main] .s.d.r.c.RepositoryConfigurationDelegate : Finished Spring Data repository scanning in 43 ms. Found 4 JPA repository interfaces.
2024-11-06T15:36:07.156Z DEBUG 35478 --- [           main] o.f.c.i.s.classpath.ClassPathScanner     : Scanning for classpath resources at 'classpath:db/callback' ...
2024-11-06T15:36:07.156Z DEBUG 35478 --- [           main] o.f.c.i.s.classpath.ClassPathScanner     : Determining location urls for classpath:db/callback using ClassLoader jdk.internal.loader.ClassLoaders$AppClassLoader@5679c6c6 ...
2024-11-06T15:36:07.156Z DEBUG 35478 --- [           main] o.f.c.i.s.classpath.ClassPathScanner     : Unable to resolve location classpath:db/callback.
2024-11-06T15:36:07.156Z DEBUG 35478 --- [           main] o.f.c.i.s.classpath.ClassPathScanner     : Scanning for classpath resources at 'classpath:db/migration' ...
2024-11-06T15:36:07.156Z DEBUG 35478 --- [           main] o.f.c.i.s.classpath.ClassPathScanner     : Determining location urls for classpath:db/migration using ClassLoader jdk.internal.loader.ClassLoaders$AppClassLoader@5679c6c6 ...
2024-11-06T15:36:07.156Z DEBUG 35478 --- [           main] o.f.c.i.s.classpath.ClassPathScanner     : Scanning URL: file:/Users/miguelloureiro/repos/miguel-loureiro/lendit/backend/target/classes/db/migration
2024-11-06T15:36:07.157Z DEBUG 35478 --- [           main] i.s.c.FileSystemClassPathLocationScanner : Scanning starting at classpath root in filesystem: /Users/miguelloureiro/repos/miguel-loureiro/lendit/backend/target/classes/
2024-11-06T15:36:07.157Z DEBUG 35478 --- [           main] i.s.c.FileSystemClassPathLocationScanner : Scanning for resources in path: /Users/miguelloureiro/repos/miguel-loureiro/lendit/backend/target/classes/db/migration (db/migration)
2024-11-06T15:36:07.158Z DEBUG 35478 --- [           main] o.f.c.i.s.classpath.ClassPathScanner     : Found resource: db/migration/V1__create_tables.sql
2024-11-06T15:36:07.158Z DEBUG 35478 --- [           main] o.f.c.i.s.classpath.ClassPathScanner     : Scanning for classes at classpath:db/migration
2024-11-06T15:36:07.160Z DEBUG 35478 --- [           main] o.f.c.i.resource.ResourceNameValidator   : Validating V1__create_tables.sql
2024-11-06T15:36:07.415Z  INFO 35478 --- [           main] org.flywaydb.core.FlywayExecutor         : Database: jdbc:h2:mem:testdb (H2 2.2)
2024-11-06T15:36:07.415Z DEBUG 35478 --- [           main] org.flywaydb.core.FlywayExecutor         : Driver: H2 JDBC Driver 2.2.224 (2023-09-17)
2024-11-06T15:36:07.415Z DEBUG 35478 --- [           main] org.flywaydb.core.FlywayExecutor         : DDL Transactions Supported: false
2024-11-06T15:36:07.417Z DEBUG 35478 --- [           main] o.f.c.i.s.SchemaHistoryFactory           : Schemas: 
2024-11-06T15:36:07.417Z DEBUG 35478 --- [           main] o.f.c.i.s.SchemaHistoryFactory           : Default schema: null
2024-11-06T15:36:07.424Z  WARN 35478 --- [           main] o.f.c.internal.database.base.Database    : Flyway upgrade recommended: H2 2.2.224 is newer than this version of Flyway and support has not been tested. The latest supported version of H2 is 2.2.220.
2024-11-06T15:36:07.425Z DEBUG 35478 --- [           main] o.f.c.i.c.SqlScriptCallbackFactory       : Scanning for SQL callbacks ...
2024-11-06T15:36:07.431Z DEBUG 35478 --- [           main] o.f.core.internal.command.DbValidate     : Validating migrations ...
2024-11-06T15:36:07.433Z DEBUG 35478 --- [           main] o.f.c.a.c.ClassicConfiguration           : CherryPickConfigurationExtension not found
2024-11-06T15:36:07.436Z DEBUG 35478 --- [           main] o.f.core.internal.scanner.Scanner        : Filtering out resource: db/migration/V1__create_tables.sql (filename: V1__create_tables.sql)
2024-11-06T15:36:07.437Z DEBUG 35478 --- [           main] o.f.core.internal.scanner.Scanner        : Filtering out resource: db/migration/V1__create_tables.sql (filename: V1__create_tables.sql)
2024-11-06T15:36:07.438Z  INFO 35478 --- [           main] o.f.c.i.s.JdbcTableSchemaHistory         : Schema history table "PUBLIC"."flyway_schema_history" does not exist yet
2024-11-06T15:36:07.439Z  INFO 35478 --- [           main] o.f.core.internal.command.DbValidate     : Successfully validated 1 migration (execution time 00:00.008s)
2024-11-06T15:36:07.442Z DEBUG 35478 --- [           main] o.f.core.internal.command.DbSchemas      : Skipping creation of existing schema: "PUBLIC"
2024-11-06T15:36:07.445Z  INFO 35478 --- [           main] o.f.c.i.s.JdbcTableSchemaHistory         : Creating Schema History table "PUBLIC"."flyway_schema_history" ...
2024-11-06T15:36:07.448Z DEBUG 35478 --- [           main] o.flywaydb.core.internal.parser.Parser   : Parsing  ...
2024-11-06T15:36:07.455Z DEBUG 35478 --- [           main] o.f.c.i.sqlscript.ParserSqlScript        : Found statement at line 1: CREATE TABLE IF NOT EXISTS "PUBLIC"."flyway_schema_history" (
    "installed_rank" INT NOT NULL,
    "version" VARCHAR(50),
    "description" VARCHAR(200) NOT NULL,
    "type" VARCHAR(20) NOT NULL,
    "script" VARCHAR(1000) NOT NULL,
    "checksum" INT,
    "installed_by" VARCHAR(100) NOT NULL,
    "installed_on" TIMESTAMP NOT NULL DEFAULT CURRENT_TIMESTAMP,
    "execution_time" INT NOT NULL,
    "success" BOOLEAN NOT NULL,
    CONSTRAINT "flyway_schema_history_pk" PRIMARY KEY ("installed_rank")
) AS SELECT -1, NULL, '<< Flyway Schema History table created >>', 'TABLE', '', NULL, 'SA', CURRENT_TIMESTAMP, 0, TRUE
2024-11-06T15:36:07.455Z DEBUG 35478 --- [           main] o.f.c.i.sqlscript.ParserSqlScript        : Found statement at line 14: CREATE INDEX "PUBLIC"."flyway_schema_history_s_idx" ON "PUBLIC"."flyway_schema_history" ("success")
2024-11-06T15:36:07.456Z DEBUG 35478 --- [           main] o.f.c.i.s.DefaultSqlScriptExecutor       : Executing SQL: CREATE TABLE IF NOT EXISTS "PUBLIC"."flyway_schema_history" (
    "installed_rank" INT NOT NULL,
    "version" VARCHAR(50),
    "description" VARCHAR(200) NOT NULL,
    "type" VARCHAR(20) NOT NULL,
    "script" VARCHAR(1000) NOT NULL,
    "checksum" INT,
    "installed_by" VARCHAR(100) NOT NULL,
    "installed_on" TIMESTAMP NOT NULL DEFAULT CURRENT_TIMESTAMP,
    "execution_time" INT NOT NULL,
    "success" BOOLEAN NOT NULL,
    CONSTRAINT "flyway_schema_history_pk" PRIMARY KEY ("installed_rank")
) AS SELECT -1, NULL, '<< Flyway Schema History table created >>', 'TABLE', '', NULL, 'SA', CURRENT_TIMESTAMP, 0, TRUE
2024-11-06T15:36:07.463Z DEBUG 35478 --- [           main] o.f.c.i.s.DefaultSqlScriptExecutor       : 0rows affected
2024-11-06T15:36:07.463Z DEBUG 35478 --- [           main] o.f.c.i.s.DefaultSqlScriptExecutor       : Executing SQL: CREATE INDEX "PUBLIC"."flyway_schema_history_s_idx" ON "PUBLIC"."flyway_schema_history" ("success")
2024-11-06T15:36:07.464Z DEBUG 35478 --- [           main] o.f.c.i.s.DefaultSqlScriptExecutor       : 0rows affected
2024-11-06T15:36:07.464Z DEBUG 35478 --- [           main] o.f.c.i.s.JdbcTableSchemaHistory         : Created Schema History table "PUBLIC"."flyway_schema_history"
2024-11-06T15:36:07.468Z DEBUG 35478 --- [           main] o.f.c.a.c.ClassicConfiguration           : CherryPickConfigurationExtension not found
2024-11-06T15:36:07.471Z  INFO 35478 --- [           main] o.f.core.internal.command.DbMigrate      : Current version of schema "PUBLIC": << Empty Schema >>
2024-11-06T15:36:07.471Z DEBUG 35478 --- [           main] o.flywaydb.core.internal.parser.Parser   : Parsing V1__create_tables.sql ...
2024-11-06T15:36:07.472Z DEBUG 35478 --- [           main] o.f.c.i.sqlscript.ParserSqlScript        : Found statement at line 4: -- V1__create_user_and_items_and_loans_tables.sql

-- Drop the 'users', 'items', 'loans', and 'item_requests' tables if they exist
DROP TABLE IF EXISTS item_requests CASCADE
2024-11-06T15:36:07.472Z DEBUG 35478 --- [           main] o.f.c.i.sqlscript.ParserSqlScript        : Found statement at line 5: DROP TABLE IF EXISTS loans CASCADE
2024-11-06T15:36:07.472Z DEBUG 35478 --- [           main] o.f.c.i.sqlscript.ParserSqlScript        : Found statement at line 6: DROP TABLE IF EXISTS items CASCADE
2024-11-06T15:36:07.473Z DEBUG 35478 --- [           main] o.f.c.i.sqlscript.ParserSqlScript        : Found statement at line 7: DROP TABLE IF EXISTS users CASCADE
2024-11-06T15:36:07.473Z DEBUG 35478 --- [           main] o.f.c.i.sqlscript.ParserSqlScript        : Found statement at line 10: -- Create the users table
CREATE TABLE users (
    id INT AUTO_INCREMENT PRIMARY KEY,
    username VARCHAR(100) NOT NULL UNIQUE,
    email VARCHAR(100) NOT NULL UNIQUE,
    password VARCHAR(60) NOT NULL,
    role VARCHAR(50),
    profile_image VARCHAR(255),
    version BIGINT NOT NULL,
    CONSTRAINT version_constraint_users CHECK (version >= 0)  -- Unique constraint name
)
2024-11-06T15:36:07.474Z DEBUG 35478 --- [           main] o.f.c.i.sqlscript.ParserSqlScript        : Found statement at line 22: -- Create the items table
CREATE TABLE items (
    id INT AUTO_INCREMENT PRIMARY KEY,
    designation VARCHAR(255) NOT NULL UNIQUE,
    barcode VARCHAR(13) NOT NULL UNIQUE,
    brand VARCHAR(255) NOT NULL,
    category VARCHAR(50) NOT NULL,
    purchase_price DECIMAL(10, 2) NOT NULL DEFAULT 0.00,
    stock_quantity INT NOT NULL DEFAULT 0,
    version BIGINT NOT NULL DEFAULT 0
)
2024-11-06T15:36:07.475Z DEBUG 35478 --- [           main] o.f.c.i.sqlscript.ParserSqlScript        : Found statement at line 34: -- Create the loans table
CREATE TABLE loans (
    id INT AUTO_INCREMENT PRIMARY KEY,
    user_id INT NOT NULL,
    item_id INT NOT NULL,
    start_date DATETIME NOT NULL,
    end_date DATETIME NOT NULL,
    status VARCHAR(50) NOT NULL DEFAULT 'ACTIVE',
    version BIGINT NOT NULL,
    return_date DATETIME,
    FOREIGN KEY (user_id) REFERENCES users(id) ON DELETE CASCADE,
    FOREIGN KEY (item_id) REFERENCES items(id) ON DELETE CASCADE,
    CONSTRAINT version_constraint_loans CHECK (version >= 0)  -- Unique constraint name
)
2024-11-06T15:36:07.477Z DEBUG 35478 --- [           main] o.f.c.i.sqlscript.ParserSqlScript        : Found statement at line 49: -- Create the item_requests table
CREATE TABLE item_requests (
    id INT AUTO_INCREMENT PRIMARY KEY,
    user_id INT NOT NULL,
    item_id INT NOT NULL,
    request_date DATETIME NOT NULL,
    queue_position INT NOT NULL,
    status VARCHAR(50) NOT NULL,
    return_date DATETIME NOT NULL,
    version BIGINT NOT NULL,
    FOREIGN KEY (user_id) REFERENCES users(id) ON DELETE CASCADE,
    FOREIGN KEY (item_id) REFERENCES items(id) ON DELETE CASCADE,
    CONSTRAINT version_constraint_item_requests CHECK (version >= 0)  -- Unique constraint name
)
2024-11-06T15:36:07.478Z DEBUG 35478 --- [           main] o.f.core.internal.command.DbMigrate      : Starting migration of schema "PUBLIC" to version "1 - create tables" ...
2024-11-06T15:36:07.479Z  INFO 35478 --- [           main] o.f.core.internal.command.DbMigrate      : Migrating schema "PUBLIC" to version "1 - create tables"
2024-11-06T15:36:07.479Z DEBUG 35478 --- [           main] o.f.c.i.s.DefaultSqlScriptExecutor       : Executing SQL: -- V1__create_user_and_items_and_loans_tables.sql

-- Drop the 'users', 'items', 'loans', and 'item_requests' tables if they exist
DROP TABLE IF EXISTS item_requests CASCADE
2024-11-06T15:36:07.480Z DEBUG 35478 --- [           main] o.f.c.i.s.DefaultSqlScriptExecutor       : 0rows affected
2024-11-06T15:36:07.480Z DEBUG 35478 --- [           main] o.f.c.i.s.DefaultSqlScriptExecutor       : Executing SQL: DROP TABLE IF EXISTS loans CASCADE
2024-11-06T15:36:07.480Z DEBUG 35478 --- [           main] o.f.c.i.s.DefaultSqlScriptExecutor       : 0rows affected
2024-11-06T15:36:07.480Z DEBUG 35478 --- [           main] o.f.c.i.s.DefaultSqlScriptExecutor       : Executing SQL: DROP TABLE IF EXISTS items CASCADE
2024-11-06T15:36:07.480Z DEBUG 35478 --- [           main] o.f.c.i.s.DefaultSqlScriptExecutor       : 0rows affected
2024-11-06T15:36:07.480Z DEBUG 35478 --- [           main] o.f.c.i.s.DefaultSqlScriptExecutor       : Executing SQL: DROP TABLE IF EXISTS users CASCADE
2024-11-06T15:36:07.480Z DEBUG 35478 --- [           main] o.f.c.i.s.DefaultSqlScriptExecutor       : 0rows affected
2024-11-06T15:36:07.480Z DEBUG 35478 --- [           main] o.f.c.i.s.DefaultSqlScriptExecutor       : Executing SQL: -- Create the users table
CREATE TABLE users (
    id INT AUTO_INCREMENT PRIMARY KEY,
    username VARCHAR(100) NOT NULL UNIQUE,
    email VARCHAR(100) NOT NULL UNIQUE,
    password VARCHAR(60) NOT NULL,
    role VARCHAR(50),
    profile_image VARCHAR(255),
    version BIGINT NOT NULL,
    CONSTRAINT version_constraint_users CHECK (version >= 0)  -- Unique constraint name
)
2024-11-06T15:36:07.485Z DEBUG 35478 --- [           main] o.f.c.i.s.DefaultSqlScriptExecutor       : 0rows affected
2024-11-06T15:36:07.485Z DEBUG 35478 --- [           main] o.f.c.i.s.DefaultSqlScriptExecutor       : Executing SQL: -- Create the items table
CREATE TABLE items (
    id INT AUTO_INCREMENT PRIMARY KEY,
    designation VARCHAR(255) NOT NULL UNIQUE,
    barcode VARCHAR(13) NOT NULL UNIQUE,
    brand VARCHAR(255) NOT NULL,
    category VARCHAR(50) NOT NULL,
    purchase_price DECIMAL(10, 2) NOT NULL DEFAULT 0.00,
    stock_quantity INT NOT NULL DEFAULT 0,
    version BIGINT NOT NULL DEFAULT 0
)
2024-11-06T15:36:07.487Z DEBUG 35478 --- [           main] o.f.c.i.s.DefaultSqlScriptExecutor       : 0rows affected
2024-11-06T15:36:07.487Z DEBUG 35478 --- [           main] o.f.c.i.s.DefaultSqlScriptExecutor       : Executing SQL: -- Create the loans table
CREATE TABLE loans (
    id INT AUTO_INCREMENT PRIMARY KEY,
    user_id INT NOT NULL,
    item_id INT NOT NULL,
    start_date DATETIME NOT NULL,
    end_date DATETIME NOT NULL,
    status VARCHAR(50) NOT NULL DEFAULT 'ACTIVE',
    version BIGINT NOT NULL,
    return_date DATETIME,
    FOREIGN KEY (user_id) REFERENCES users(id) ON DELETE CASCADE,
    FOREIGN KEY (item_id) REFERENCES items(id) ON DELETE CASCADE,
    CONSTRAINT version_constraint_loans CHECK (version >= 0)  -- Unique constraint name
)
2024-11-06T15:36:07.492Z DEBUG 35478 --- [           main] o.f.c.i.s.DefaultSqlScriptExecutor       : 0rows affected
2024-11-06T15:36:07.492Z DEBUG 35478 --- [           main] o.f.c.i.s.DefaultSqlScriptExecutor       : Executing SQL: -- Create the item_requests table
CREATE TABLE item_requests (
    id INT AUTO_INCREMENT PRIMARY KEY,
    user_id INT NOT NULL,
    item_id INT NOT NULL,
    request_date DATETIME NOT NULL,
    queue_position INT NOT NULL,
    status VARCHAR(50) NOT NULL,
    return_date DATETIME NOT NULL,
    version BIGINT NOT NULL,
    FOREIGN KEY (user_id) REFERENCES users(id) ON DELETE CASCADE,
    FOREIGN KEY (item_id) REFERENCES items(id) ON DELETE CASCADE,
    CONSTRAINT version_constraint_item_requests CHECK (version >= 0)  -- Unique constraint name
)
2024-11-06T15:36:07.495Z DEBUG 35478 --- [           main] o.f.c.i.s.DefaultSqlScriptExecutor       : 0rows affected
2024-11-06T15:36:07.495Z DEBUG 35478 --- [           main] o.f.core.internal.command.DbMigrate      : Successfully completed migration of schema "PUBLIC" to version "1 - create tables"
2024-11-06T15:36:07.498Z DEBUG 35478 --- [           main] o.f.c.i.s.JdbcTableSchemaHistory         : Schema History table "PUBLIC"."flyway_schema_history" successfully updated to reflect changes
2024-11-06T15:36:07.498Z DEBUG 35478 --- [           main] o.f.c.a.c.ClassicConfiguration           : CherryPickConfigurationExtension not found
2024-11-06T15:36:07.503Z  INFO 35478 --- [           main] o.f.core.internal.command.DbMigrate      : Successfully applied 1 migration to schema "PUBLIC", now at version v1 (execution time 00:00.016s)
2024-11-06T15:36:07.505Z DEBUG 35478 --- [           main] org.flywaydb.core.FlywayExecutor         : Memory usage: 65 of 316M
2024-11-06T15:36:07.572Z DEBUG 35478 --- [           main] o.hibernate.jpa.internal.util.LogHelper  : PersistenceUnitInfo [
	name: default
	persistence provider classname: null
	classloader: jdk.internal.loader.ClassLoaders$AppClassLoader@5679c6c6
	excludeUnlistedClasses: true
	JTA datasource: null
	Non JTA datasource: HikariDataSource (null)
	Transaction type: RESOURCE_LOCAL
	PU root URL: file:/Users/miguelloureiro/repos/miguel-loureiro/lendit/backend/target/test-classes/
	Shared Cache Mode: UNSPECIFIED
	Validation Mode: AUTO
	Jar files URLs []
	Managed classes names [
		com.ims.models.Item
		com.ims.models.ItemRequest
		com.ims.models.Loan
		com.ims.models.User]
	Mapping files names []
	Properties []
2024-11-06T15:36:07.581Z DEBUG 35478 --- [           main] o.h.i.internal.IntegratorServiceImpl     : Adding Integrator [org.hibernate.boot.beanvalidation.BeanValidationIntegrator].
2024-11-06T15:36:07.582Z DEBUG 35478 --- [           main] o.h.i.internal.IntegratorServiceImpl     : Adding Integrator [org.hibernate.cache.internal.CollectionCacheInvalidator].
2024-11-06T15:36:07.615Z  INFO 35478 --- [           main] org.hibernate.Version                    : HHH000412: Hibernate ORM core version 6.5.3.Final
2024-11-06T15:36:07.616Z DEBUG 35478 --- [           main] org.hibernate.cfg.Environment            : HHH000206: 'hibernate.properties' not found
2024-11-06T15:36:07.630Z DEBUG 35478 --- [           main] org.hibernate.orm.idgen.factory          : Registering IdentifierGenerator strategy [uuid2] -> [org.hibernate.id.UUIDGenerator]
2024-11-06T15:36:07.631Z DEBUG 35478 --- [           main] org.hibernate.orm.idgen.factory          : Registering IdentifierGenerator strategy [guid] -> [org.hibernate.id.GUIDGenerator]
2024-11-06T15:36:07.631Z DEBUG 35478 --- [           main] org.hibernate.orm.idgen.factory          : Registering IdentifierGenerator strategy [uuid] -> [org.hibernate.id.UUIDHexGenerator]
2024-11-06T15:36:07.631Z DEBUG 35478 --- [           main] org.hibernate.orm.idgen.factory          : Registering IdentifierGenerator strategy [uuid.hex] -> [org.hibernate.id.UUIDHexGenerator]
2024-11-06T15:36:07.631Z DEBUG 35478 --- [           main] org.hibernate.orm.idgen.factory          : Registering IdentifierGenerator strategy [assigned] -> [org.hibernate.id.Assigned]
2024-11-06T15:36:07.632Z DEBUG 35478 --- [           main] org.hibernate.orm.idgen.factory          : Registering IdentifierGenerator strategy [identity] -> [org.hibernate.id.IdentityGenerator]
2024-11-06T15:36:07.632Z DEBUG 35478 --- [           main] org.hibernate.orm.idgen.factory          : Registering IdentifierGenerator strategy [select] -> [org.hibernate.id.SelectGenerator]
2024-11-06T15:36:07.633Z DEBUG 35478 --- [           main] org.hibernate.orm.idgen.factory          : Registering IdentifierGenerator strategy [sequence] -> [org.hibernate.id.enhanced.SequenceStyleGenerator]
2024-11-06T15:36:07.633Z DEBUG 35478 --- [           main] org.hibernate.orm.idgen.factory          : Registering IdentifierGenerator strategy [increment] -> [org.hibernate.id.IncrementGenerator]
2024-11-06T15:36:07.633Z DEBUG 35478 --- [           main] org.hibernate.orm.idgen.factory          : Registering IdentifierGenerator strategy [foreign] -> [org.hibernate.id.ForeignGenerator]
2024-11-06T15:36:07.633Z DEBUG 35478 --- [           main] org.hibernate.orm.idgen.factory          : Registering IdentifierGenerator strategy [enhanced-sequence] -> [org.hibernate.id.enhanced.SequenceStyleGenerator]
2024-11-06T15:36:07.634Z DEBUG 35478 --- [           main] org.hibernate.orm.idgen.factory          : Registering IdentifierGenerator strategy [enhanced-table] -> [org.hibernate.id.enhanced.TableGenerator]
2024-11-06T15:36:07.638Z DEBUG 35478 --- [           main] o.h.c.internal.RegionFactoryInitiator    : Cannot default RegionFactory based on registered strategies as `[]` RegionFactory strategies were registered
2024-11-06T15:36:07.638Z  INFO 35478 --- [           main] o.h.c.internal.RegionFactoryInitiator    : HHH000026: Second-level cache disabled
2024-11-06T15:36:07.693Z DEBUG 35478 --- [           main] org.hibernate.type.BasicTypeRegistry     : Adding type registration boolean -> org.hibernate.type.BasicTypeReference@26566b06
2024-11-06T15:36:07.694Z DEBUG 35478 --- [           main] org.hibernate.type.BasicTypeRegistry     : Adding type registration boolean -> org.hibernate.type.BasicTypeReference@26566b06
2024-11-06T15:36:07.694Z DEBUG 35478 --- [           main] org.hibernate.type.BasicTypeRegistry     : Adding type registration java.lang.Boolean -> org.hibernate.type.BasicTypeReference@26566b06
2024-11-06T15:36:07.694Z DEBUG 35478 --- [           main] org.hibernate.type.BasicTypeRegistry     : Adding type registration numeric_boolean -> org.hibernate.type.BasicTypeReference@129e58fa
2024-11-06T15:36:07.694Z DEBUG 35478 --- [           main] org.hibernate.type.BasicTypeRegistry     : Adding type registration org.hibernate.type.NumericBooleanConverter -> org.hibernate.type.BasicTypeReference@129e58fa
2024-11-06T15:36:07.694Z DEBUG 35478 --- [           main] org.hibernate.type.BasicTypeRegistry     : Adding type registration true_false -> org.hibernate.type.BasicTypeReference@617bb321
2024-11-06T15:36:07.694Z DEBUG 35478 --- [           main] org.hibernate.type.BasicTypeRegistry     : Adding type registration org.hibernate.type.TrueFalseConverter -> org.hibernate.type.BasicTypeReference@617bb321
2024-11-06T15:36:07.694Z DEBUG 35478 --- [           main] org.hibernate.type.BasicTypeRegistry     : Adding type registration yes_no -> org.hibernate.type.BasicTypeReference@90b779d
2024-11-06T15:36:07.694Z DEBUG 35478 --- [           main] org.hibernate.type.BasicTypeRegistry     : Adding type registration org.hibernate.type.YesNoConverter -> org.hibernate.type.BasicTypeReference@90b779d
2024-11-06T15:36:07.694Z DEBUG 35478 --- [           main] org.hibernate.type.BasicTypeRegistry     : Adding type registration byte -> org.hibernate.type.BasicTypeReference@1c1023e1
2024-11-06T15:36:07.694Z DEBUG 35478 --- [           main] org.hibernate.type.BasicTypeRegistry     : Adding type registration byte -> org.hibernate.type.BasicTypeReference@1c1023e1
2024-11-06T15:36:07.694Z DEBUG 35478 --- [           main] org.hibernate.type.BasicTypeRegistry     : Adding type registration java.lang.Byte -> org.hibernate.type.BasicTypeReference@1c1023e1
2024-11-06T15:36:07.694Z DEBUG 35478 --- [           main] org.hibernate.type.BasicTypeRegistry     : Adding type registration binary -> org.hibernate.type.BasicTypeReference@7ca9f111
2024-11-06T15:36:07.694Z DEBUG 35478 --- [           main] org.hibernate.type.BasicTypeRegistry     : Adding type registration byte[] -> org.hibernate.type.BasicTypeReference@7ca9f111
2024-11-06T15:36:07.694Z DEBUG 35478 --- [           main] org.hibernate.type.BasicTypeRegistry     : Adding type registration [B -> org.hibernate.type.BasicTypeReference@7ca9f111
2024-11-06T15:36:07.694Z DEBUG 35478 --- [           main] org.hibernate.type.BasicTypeRegistry     : Adding type registration binary_wrapper -> org.hibernate.type.BasicTypeReference@4077b71e
2024-11-06T15:36:07.694Z DEBUG 35478 --- [           main] org.hibernate.type.BasicTypeRegistry     : Adding type registration wrapper-binary -> org.hibernate.type.BasicTypeReference@4077b71e
2024-11-06T15:36:07.694Z DEBUG 35478 --- [           main] org.hibernate.type.BasicTypeRegistry     : Adding type registration image -> org.hibernate.type.BasicTypeReference@12928712
2024-11-06T15:36:07.694Z DEBUG 35478 --- [           main] org.hibernate.type.BasicTypeRegistry     : Adding type registration blob -> org.hibernate.type.BasicTypeReference@f00b18a
2024-11-06T15:36:07.694Z DEBUG 35478 --- [           main] org.hibernate.type.BasicTypeRegistry     : Adding type registration java.sql.Blob -> org.hibernate.type.BasicTypeReference@f00b18a
2024-11-06T15:36:07.694Z DEBUG 35478 --- [           main] org.hibernate.type.BasicTypeRegistry     : Adding type registration materialized_blob -> org.hibernate.type.BasicTypeReference@3c92e802
2024-11-06T15:36:07.694Z DEBUG 35478 --- [           main] org.hibernate.type.BasicTypeRegistry     : Adding type registration materialized_blob_wrapper -> org.hibernate.type.BasicTypeReference@412077c9
2024-11-06T15:36:07.694Z DEBUG 35478 --- [           main] org.hibernate.type.BasicTypeRegistry     : Adding type registration short -> org.hibernate.type.BasicTypeReference@478cd2e8
2024-11-06T15:36:07.694Z DEBUG 35478 --- [           main] org.hibernate.type.BasicTypeRegistry     : Adding type registration short -> org.hibernate.type.BasicTypeReference@478cd2e8
2024-11-06T15:36:07.694Z DEBUG 35478 --- [           main] org.hibernate.type.BasicTypeRegistry     : Adding type registration java.lang.Short -> org.hibernate.type.BasicTypeReference@478cd2e8
2024-11-06T15:36:07.694Z DEBUG 35478 --- [           main] org.hibernate.type.BasicTypeRegistry     : Adding type registration integer -> org.hibernate.type.BasicTypeReference@4d0aa772
2024-11-06T15:36:07.694Z DEBUG 35478 --- [           main] org.hibernate.type.BasicTypeRegistry     : Adding type registration int -> org.hibernate.type.BasicTypeReference@4d0aa772
2024-11-06T15:36:07.694Z DEBUG 35478 --- [           main] org.hibernate.type.BasicTypeRegistry     : Adding type registration java.lang.Integer -> org.hibernate.type.BasicTypeReference@4d0aa772
2024-11-06T15:36:07.694Z DEBUG 35478 --- [           main] org.hibernate.type.BasicTypeRegistry     : Adding type registration long -> org.hibernate.type.BasicTypeReference@66f39429
2024-11-06T15:36:07.695Z DEBUG 35478 --- [           main] org.hibernate.type.BasicTypeRegistry     : Adding type registration long -> org.hibernate.type.BasicTypeReference@66f39429
2024-11-06T15:36:07.695Z DEBUG 35478 --- [           main] org.hibernate.type.BasicTypeRegistry     : Adding type registration java.lang.Long -> org.hibernate.type.BasicTypeReference@66f39429
2024-11-06T15:36:07.695Z DEBUG 35478 --- [           main] org.hibernate.type.BasicTypeRegistry     : Adding type registration float -> org.hibernate.type.BasicTypeReference@24af2901
2024-11-06T15:36:07.695Z DEBUG 35478 --- [           main] org.hibernate.type.BasicTypeRegistry     : Adding type registration float -> org.hibernate.type.BasicTypeReference@24af2901
2024-11-06T15:36:07.695Z DEBUG 35478 --- [           main] org.hibernate.type.BasicTypeRegistry     : Adding type registration java.lang.Float -> org.hibernate.type.BasicTypeReference@24af2901
2024-11-06T15:36:07.695Z DEBUG 35478 --- [           main] org.hibernate.type.BasicTypeRegistry     : Adding type registration double -> org.hibernate.type.BasicTypeReference@515a4ee
2024-11-06T15:36:07.695Z DEBUG 35478 --- [           main] org.hibernate.type.BasicTypeRegistry     : Adding type registration double -> org.hibernate.type.BasicTypeReference@515a4ee
2024-11-06T15:36:07.695Z DEBUG 35478 --- [           main] org.hibernate.type.BasicTypeRegistry     : Adding type registration java.lang.Double -> org.hibernate.type.BasicTypeReference@515a4ee
2024-11-06T15:36:07.695Z DEBUG 35478 --- [           main] org.hibernate.type.BasicTypeRegistry     : Adding type registration big_integer -> org.hibernate.type.BasicTypeReference@1dbcb209
2024-11-06T15:36:07.695Z DEBUG 35478 --- [           main] org.hibernate.type.BasicTypeRegistry     : Adding type registration java.math.BigInteger -> org.hibernate.type.BasicTypeReference@1dbcb209
2024-11-06T15:36:07.695Z DEBUG 35478 --- [           main] org.hibernate.type.BasicTypeRegistry     : Adding type registration big_decimal -> org.hibernate.type.BasicTypeReference@67943f4b
2024-11-06T15:36:07.695Z DEBUG 35478 --- [           main] org.hibernate.type.BasicTypeRegistry     : Adding type registration java.math.BigDecimal -> org.hibernate.type.BasicTypeReference@67943f4b
2024-11-06T15:36:07.695Z DEBUG 35478 --- [           main] org.hibernate.type.BasicTypeRegistry     : Adding type registration character -> org.hibernate.type.BasicTypeReference@3a2ef599
2024-11-06T15:36:07.695Z DEBUG 35478 --- [           main] org.hibernate.type.BasicTypeRegistry     : Adding type registration char -> org.hibernate.type.BasicTypeReference@3a2ef599
2024-11-06T15:36:07.695Z DEBUG 35478 --- [           main] org.hibernate.type.BasicTypeRegistry     : Adding type registration java.lang.Character -> org.hibernate.type.BasicTypeReference@3a2ef599
2024-11-06T15:36:07.695Z DEBUG 35478 --- [           main] org.hibernate.type.BasicTypeRegistry     : Adding type registration character_nchar -> org.hibernate.type.BasicTypeReference@123414e6
2024-11-06T15:36:07.695Z DEBUG 35478 --- [           main] org.hibernate.type.BasicTypeRegistry     : Adding type registration string -> org.hibernate.type.BasicTypeReference@6ae0c053
2024-11-06T15:36:07.695Z DEBUG 35478 --- [           main] org.hibernate.type.BasicTypeRegistry     : Adding type registration java.lang.String -> org.hibernate.type.BasicTypeReference@6ae0c053
2024-11-06T15:36:07.695Z DEBUG 35478 --- [           main] org.hibernate.type.BasicTypeRegistry     : Adding type registration nstring -> org.hibernate.type.BasicTypeReference@2c48d423
2024-11-06T15:36:07.695Z DEBUG 35478 --- [           main] org.hibernate.type.BasicTypeRegistry     : Adding type registration characters -> org.hibernate.type.BasicTypeReference@61876e0e
2024-11-06T15:36:07.695Z DEBUG 35478 --- [           main] org.hibernate.type.BasicTypeRegistry     : Adding type registration char[] -> org.hibernate.type.BasicTypeReference@61876e0e
2024-11-06T15:36:07.695Z DEBUG 35478 --- [           main] org.hibernate.type.BasicTypeRegistry     : Adding type registration [C -> org.hibernate.type.BasicTypeReference@61876e0e
2024-11-06T15:36:07.695Z DEBUG 35478 --- [           main] org.hibernate.type.BasicTypeRegistry     : Adding type registration wrapper-characters -> org.hibernate.type.BasicTypeReference@53a6d5fc
2024-11-06T15:36:07.695Z DEBUG 35478 --- [           main] org.hibernate.type.BasicTypeRegistry     : Adding type registration text -> org.hibernate.type.BasicTypeReference@3fa87583
2024-11-06T15:36:07.695Z DEBUG 35478 --- [           main] org.hibernate.type.BasicTypeRegistry     : Adding type registration ntext -> org.hibernate.type.BasicTypeReference@552b5799
2024-11-06T15:36:07.695Z DEBUG 35478 --- [           main] org.hibernate.type.BasicTypeRegistry     : Adding type registration clob -> org.hibernate.type.BasicTypeReference@f86b42c
2024-11-06T15:36:07.695Z DEBUG 35478 --- [           main] org.hibernate.type.BasicTypeRegistry     : Adding type registration java.sql.Clob -> org.hibernate.type.BasicTypeReference@f86b42c
2024-11-06T15:36:07.695Z DEBUG 35478 --- [           main] org.hibernate.type.BasicTypeRegistry     : Adding type registration nclob -> org.hibernate.type.BasicTypeReference@6a6a8915
2024-11-06T15:36:07.695Z DEBUG 35478 --- [           main] org.hibernate.type.BasicTypeRegistry     : Adding type registration java.sql.NClob -> org.hibernate.type.BasicTypeReference@6a6a8915
2024-11-06T15:36:07.696Z DEBUG 35478 --- [           main] org.hibernate.type.BasicTypeRegistry     : Adding type registration materialized_clob -> org.hibernate.type.BasicTypeReference@1612fdb6
2024-11-06T15:36:07.696Z DEBUG 35478 --- [           main] org.hibernate.type.BasicTypeRegistry     : Adding type registration materialized_clob_char_array -> org.hibernate.type.BasicTypeReference@198ae772
2024-11-06T15:36:07.696Z DEBUG 35478 --- [           main] org.hibernate.type.BasicTypeRegistry     : Adding type registration materialized_clob_character_array -> org.hibernate.type.BasicTypeReference@239707bb
2024-11-06T15:36:07.696Z DEBUG 35478 --- [           main] org.hibernate.type.BasicTypeRegistry     : Adding type registration materialized_nclob -> org.hibernate.type.BasicTypeReference@1d0b10fd
2024-11-06T15:36:07.696Z DEBUG 35478 --- [           main] org.hibernate.type.BasicTypeRegistry     : Adding type registration materialized_nclob_character_array -> org.hibernate.type.BasicTypeReference@1cf5a1a7
2024-11-06T15:36:07.696Z DEBUG 35478 --- [           main] org.hibernate.type.BasicTypeRegistry     : Adding type registration materialized_nclob_char_array -> org.hibernate.type.BasicTypeReference@528a643c
2024-11-06T15:36:07.696Z DEBUG 35478 --- [           main] org.hibernate.type.BasicTypeRegistry     : Adding type registration Duration -> org.hibernate.type.BasicTypeReference@493b0b09
2024-11-06T15:36:07.696Z DEBUG 35478 --- [           main] org.hibernate.type.BasicTypeRegistry     : Adding type registration java.time.Duration -> org.hibernate.type.BasicTypeReference@493b0b09
2024-11-06T15:36:07.696Z DEBUG 35478 --- [           main] org.hibernate.type.BasicTypeRegistry     : Adding type registration LocalDateTime -> org.hibernate.type.BasicTypeReference@cf2662b
2024-11-06T15:36:07.696Z DEBUG 35478 --- [           main] org.hibernate.type.BasicTypeRegistry     : Adding type registration java.time.LocalDateTime -> org.hibernate.type.BasicTypeReference@cf2662b
2024-11-06T15:36:07.696Z DEBUG 35478 --- [           main] org.hibernate.type.BasicTypeRegistry     : Adding type registration LocalDate -> org.hibernate.type.BasicTypeReference@3dbb168b
2024-11-06T15:36:07.696Z DEBUG 35478 --- [           main] org.hibernate.type.BasicTypeRegistry     : Adding type registration java.time.LocalDate -> org.hibernate.type.BasicTypeReference@3dbb168b
2024-11-06T15:36:07.696Z DEBUG 35478 --- [           main] org.hibernate.type.BasicTypeRegistry     : Adding type registration LocalTime -> org.hibernate.type.BasicTypeReference@3c913e84
2024-11-06T15:36:07.696Z DEBUG 35478 --- [           main] org.hibernate.type.BasicTypeRegistry     : Adding type registration java.time.LocalTime -> org.hibernate.type.BasicTypeReference@3c913e84
2024-11-06T15:36:07.696Z DEBUG 35478 --- [           main] org.hibernate.type.BasicTypeRegistry     : Adding type registration OffsetDateTime -> org.hibernate.type.BasicTypeReference@2de3095c
2024-11-06T15:36:07.696Z DEBUG 35478 --- [           main] org.hibernate.type.BasicTypeRegistry     : Adding type registration java.time.OffsetDateTime -> org.hibernate.type.BasicTypeReference@2de3095c
2024-11-06T15:36:07.696Z DEBUG 35478 --- [           main] org.hibernate.type.BasicTypeRegistry     : Adding type registration OffsetDateTimeWithTimezone -> org.hibernate.type.BasicTypeReference@323fe1f5
2024-11-06T15:36:07.696Z DEBUG 35478 --- [           main] org.hibernate.type.BasicTypeRegistry     : Adding type registration OffsetDateTimeWithoutTimezone -> org.hibernate.type.BasicTypeReference@57d5b677
2024-11-06T15:36:07.696Z DEBUG 35478 --- [           main] org.hibernate.type.BasicTypeRegistry     : Adding type registration OffsetTime -> org.hibernate.type.BasicTypeReference@6285c717
2024-11-06T15:36:07.696Z DEBUG 35478 --- [           main] org.hibernate.type.BasicTypeRegistry     : Adding type registration java.time.OffsetTime -> org.hibernate.type.BasicTypeReference@6285c717
2024-11-06T15:36:07.696Z DEBUG 35478 --- [           main] org.hibernate.type.BasicTypeRegistry     : Adding type registration OffsetTimeUtc -> org.hibernate.type.BasicTypeReference@57998bf2
2024-11-06T15:36:07.696Z DEBUG 35478 --- [           main] org.hibernate.type.BasicTypeRegistry     : Adding type registration OffsetTimeWithTimezone -> org.hibernate.type.BasicTypeReference@1ae4e8bd
2024-11-06T15:36:07.696Z DEBUG 35478 --- [           main] org.hibernate.type.BasicTypeRegistry     : Adding type registration OffsetTimeWithoutTimezone -> org.hibernate.type.BasicTypeReference@60789398
2024-11-06T15:36:07.696Z DEBUG 35478 --- [           main] org.hibernate.type.BasicTypeRegistry     : Adding type registration ZonedDateTime -> org.hibernate.type.BasicTypeReference@2c895dff
2024-11-06T15:36:07.696Z DEBUG 35478 --- [           main] org.hibernate.type.BasicTypeRegistry     : Adding type registration java.time.ZonedDateTime -> org.hibernate.type.BasicTypeReference@2c895dff
2024-11-06T15:36:07.696Z DEBUG 35478 --- [           main] org.hibernate.type.BasicTypeRegistry     : Adding type registration ZonedDateTimeWithTimezone -> org.hibernate.type.BasicTypeReference@37548587
2024-11-06T15:36:07.696Z DEBUG 35478 --- [           main] org.hibernate.type.BasicTypeRegistry     : Adding type registration ZonedDateTimeWithoutTimezone -> org.hibernate.type.BasicTypeReference@a4822d0
2024-11-06T15:36:07.696Z DEBUG 35478 --- [           main] org.hibernate.type.BasicTypeRegistry     : Adding type registration date -> org.hibernate.type.BasicTypeReference@2e088452
2024-11-06T15:36:07.696Z DEBUG 35478 --- [           main] org.hibernate.type.BasicTypeRegistry     : Adding type registration java.sql.Date -> org.hibernate.type.BasicTypeReference@2e088452
2024-11-06T15:36:07.696Z DEBUG 35478 --- [           main] org.hibernate.type.BasicTypeRegistry     : Adding type registration time -> org.hibernate.type.BasicTypeReference@480842c9
2024-11-06T15:36:07.696Z DEBUG 35478 --- [           main] org.hibernate.type.BasicTypeRegistry     : Adding type registration java.sql.Time -> org.hibernate.type.BasicTypeReference@480842c9
2024-11-06T15:36:07.696Z DEBUG 35478 --- [           main] org.hibernate.type.BasicTypeRegistry     : Adding type registration timestamp -> org.hibernate.type.BasicTypeReference@5be38ef2
2024-11-06T15:36:07.696Z DEBUG 35478 --- [           main] org.hibernate.type.BasicTypeRegistry     : Adding type registration java.sql.Timestamp -> org.hibernate.type.BasicTypeReference@5be38ef2
2024-11-06T15:36:07.696Z DEBUG 35478 --- [           main] org.hibernate.type.BasicTypeRegistry     : Adding type registration java.util.Date -> org.hibernate.type.BasicTypeReference@5be38ef2
2024-11-06T15:36:07.696Z DEBUG 35478 --- [           main] org.hibernate.type.BasicTypeRegistry     : Adding type registration calendar -> org.hibernate.type.BasicTypeReference@107669fc
2024-11-06T15:36:07.697Z DEBUG 35478 --- [           main] org.hibernate.type.BasicTypeRegistry     : Adding type registration java.util.Calendar -> org.hibernate.type.BasicTypeReference@107669fc
2024-11-06T15:36:07.697Z DEBUG 35478 --- [           main] org.hibernate.type.BasicTypeRegistry     : Adding type registration java.util.GregorianCalendar -> org.hibernate.type.BasicTypeReference@107669fc
2024-11-06T15:36:07.697Z DEBUG 35478 --- [           main] org.hibernate.type.BasicTypeRegistry     : Adding type registration calendar_date -> org.hibernate.type.BasicTypeReference@7a3655b4
2024-11-06T15:36:07.697Z DEBUG 35478 --- [           main] org.hibernate.type.BasicTypeRegistry     : Adding type registration calendar_time -> org.hibernate.type.BasicTypeReference@70224e31
2024-11-06T15:36:07.697Z DEBUG 35478 --- [           main] org.hibernate.type.BasicTypeRegistry     : Adding type registration instant -> org.hibernate.type.BasicTypeReference@3771cad9
2024-11-06T15:36:07.697Z DEBUG 35478 --- [           main] org.hibernate.type.BasicTypeRegistry     : Adding type registration java.time.Instant -> org.hibernate.type.BasicTypeReference@3771cad9
2024-11-06T15:36:07.697Z DEBUG 35478 --- [           main] org.hibernate.type.BasicTypeRegistry     : Adding type registration uuid -> org.hibernate.type.BasicTypeReference@14eb6c42
2024-11-06T15:36:07.697Z DEBUG 35478 --- [           main] org.hibernate.type.BasicTypeRegistry     : Adding type registration java.util.UUID -> org.hibernate.type.BasicTypeReference@14eb6c42
2024-11-06T15:36:07.697Z DEBUG 35478 --- [           main] org.hibernate.type.BasicTypeRegistry     : Adding type registration pg-uuid -> org.hibernate.type.BasicTypeReference@14eb6c42
2024-11-06T15:36:07.697Z DEBUG 35478 --- [           main] org.hibernate.type.BasicTypeRegistry     : Adding type registration uuid-binary -> org.hibernate.type.BasicTypeReference@5cb8009e
2024-11-06T15:36:07.697Z DEBUG 35478 --- [           main] org.hibernate.type.BasicTypeRegistry     : Adding type registration uuid-char -> org.hibernate.type.BasicTypeReference@3e898efe
2024-11-06T15:36:07.697Z DEBUG 35478 --- [           main] org.hibernate.type.BasicTypeRegistry     : Adding type registration class -> org.hibernate.type.BasicTypeReference@797bcf4
2024-11-06T15:36:07.697Z DEBUG 35478 --- [           main] org.hibernate.type.BasicTypeRegistry     : Adding type registration java.lang.Class -> org.hibernate.type.BasicTypeReference@797bcf4
2024-11-06T15:36:07.697Z DEBUG 35478 --- [           main] org.hibernate.type.BasicTypeRegistry     : Adding type registration currency -> org.hibernate.type.BasicTypeReference@48515938
2024-11-06T15:36:07.697Z DEBUG 35478 --- [           main] org.hibernate.type.BasicTypeRegistry     : Adding type registration Currency -> org.hibernate.type.BasicTypeReference@48515938
2024-11-06T15:36:07.697Z DEBUG 35478 --- [           main] org.hibernate.type.BasicTypeRegistry     : Adding type registration java.util.Currency -> org.hibernate.type.BasicTypeReference@48515938
2024-11-06T15:36:07.697Z DEBUG 35478 --- [           main] org.hibernate.type.BasicTypeRegistry     : Adding type registration locale -> org.hibernate.type.BasicTypeReference@26fd9642
2024-11-06T15:36:07.697Z DEBUG 35478 --- [           main] org.hibernate.type.BasicTypeRegistry     : Adding type registration java.util.Locale -> org.hibernate.type.BasicTypeReference@26fd9642
2024-11-06T15:36:07.697Z DEBUG 35478 --- [           main] org.hibernate.type.BasicTypeRegistry     : Adding type registration serializable -> org.hibernate.type.BasicTypeReference@1cb7fe75
2024-11-06T15:36:07.697Z DEBUG 35478 --- [           main] org.hibernate.type.BasicTypeRegistry     : Adding type registration java.io.Serializable -> org.hibernate.type.BasicTypeReference@1cb7fe75
2024-11-06T15:36:07.697Z DEBUG 35478 --- [           main] org.hibernate.type.BasicTypeRegistry     : Adding type registration timezone -> org.hibernate.type.BasicTypeReference@5e6dfc42
2024-11-06T15:36:07.697Z DEBUG 35478 --- [           main] org.hibernate.type.BasicTypeRegistry     : Adding type registration java.util.TimeZone -> org.hibernate.type.BasicTypeReference@5e6dfc42
2024-11-06T15:36:07.698Z DEBUG 35478 --- [           main] org.hibernate.type.BasicTypeRegistry     : Adding type registration ZoneOffset -> org.hibernate.type.BasicTypeReference@2a2883f
2024-11-06T15:36:07.698Z DEBUG 35478 --- [           main] org.hibernate.type.BasicTypeRegistry     : Adding type registration java.time.ZoneOffset -> org.hibernate.type.BasicTypeReference@2a2883f
2024-11-06T15:36:07.698Z DEBUG 35478 --- [           main] org.hibernate.type.BasicTypeRegistry     : Adding type registration url -> org.hibernate.type.BasicTypeReference@482741af
2024-11-06T15:36:07.698Z DEBUG 35478 --- [           main] org.hibernate.type.BasicTypeRegistry     : Adding type registration java.net.URL -> org.hibernate.type.BasicTypeReference@482741af
2024-11-06T15:36:07.698Z DEBUG 35478 --- [           main] org.hibernate.type.BasicTypeRegistry     : Adding type registration vector -> org.hibernate.type.BasicTypeReference@6bc04a88
2024-11-06T15:36:07.698Z DEBUG 35478 --- [           main] org.hibernate.type.BasicTypeRegistry     : Adding type registration row_version -> org.hibernate.type.BasicTypeReference@5a7e245e
2024-11-06T15:36:07.701Z DEBUG 35478 --- [           main] org.hibernate.type.BasicTypeRegistry     : Adding type registration object -> org.hibernate.type.JavaObjectType@6d61c425
2024-11-06T15:36:07.701Z DEBUG 35478 --- [           main] org.hibernate.type.BasicTypeRegistry     : Adding type registration java.lang.Object -> org.hibernate.type.JavaObjectType@6d61c425
2024-11-06T15:36:07.701Z DEBUG 35478 --- [           main] org.hibernate.type.BasicTypeRegistry     : Adding type registration null -> org.hibernate.type.NullType@5dbe891a
2024-11-06T15:36:07.701Z DEBUG 35478 --- [           main] org.hibernate.type.BasicTypeRegistry     : Adding type registration imm_date -> org.hibernate.type.BasicTypeReference@2d38cc6
2024-11-06T15:36:07.701Z DEBUG 35478 --- [           main] org.hibernate.type.BasicTypeRegistry     : Adding type registration imm_time -> org.hibernate.type.BasicTypeReference@7acb0140
2024-11-06T15:36:07.701Z DEBUG 35478 --- [           main] org.hibernate.type.BasicTypeRegistry     : Adding type registration imm_timestamp -> org.hibernate.type.BasicTypeReference@3f817fbe
2024-11-06T15:36:07.701Z DEBUG 35478 --- [           main] org.hibernate.type.BasicTypeRegistry     : Adding type registration imm_calendar -> org.hibernate.type.BasicTypeReference@165ed70d
2024-11-06T15:36:07.701Z DEBUG 35478 --- [           main] org.hibernate.type.BasicTypeRegistry     : Adding type registration imm_calendar_date -> org.hibernate.type.BasicTypeReference@8f5dcbc
2024-11-06T15:36:07.701Z DEBUG 35478 --- [           main] org.hibernate.type.BasicTypeRegistry     : Adding type registration imm_calendar_time -> org.hibernate.type.BasicTypeReference@2a961de3
2024-11-06T15:36:07.701Z DEBUG 35478 --- [           main] org.hibernate.type.BasicTypeRegistry     : Adding type registration imm_binary -> org.hibernate.type.BasicTypeReference@1edefb80
2024-11-06T15:36:07.701Z DEBUG 35478 --- [           main] org.hibernate.type.BasicTypeRegistry     : Adding type registration imm_serializable -> org.hibernate.type.BasicTypeReference@7ed8b1e9
2024-11-06T15:36:07.704Z DEBUG 35478 --- [           main] o.h.boot.internal.BootstrapContextImpl   : Injecting JPA temp ClassLoader [org.springframework.instrument.classloading.SimpleThrowawayClassLoader@1167fcc2] into BootstrapContext; was [null]
2024-11-06T15:36:07.704Z DEBUG 35478 --- [           main] o.h.boot.internal.ClassLoaderAccessImpl  : ClassLoaderAccessImpl#injectTempClassLoader(org.springframework.instrument.classloading.SimpleThrowawayClassLoader@1167fcc2) [was null]
2024-11-06T15:36:07.704Z DEBUG 35478 --- [           main] o.h.boot.internal.BootstrapContextImpl   : Injecting ScanEnvironment [org.hibernate.jpa.boot.internal.StandardJpaScanEnvironmentImpl@7f6d3ce5] into BootstrapContext; was [null]
2024-11-06T15:36:07.704Z DEBUG 35478 --- [           main] o.h.boot.internal.BootstrapContextImpl   : Injecting ScanOptions [org.hibernate.boot.archive.scan.internal.StandardScanOptions@52bc04f] into BootstrapContext; was [org.hibernate.boot.archive.scan.internal.StandardScanOptions@6634f211]
2024-11-06T15:36:07.734Z  INFO 35478 --- [           main] o.s.o.j.p.SpringPersistenceUnitInfo      : No LoadTimeWeaver setup: ignoring JPA class transformer
2024-11-06T15:36:07.734Z DEBUG 35478 --- [           main] o.h.boot.internal.BootstrapContextImpl   : Injecting JPA temp ClassLoader [null] into BootstrapContext; was [org.springframework.instrument.classloading.SimpleThrowawayClassLoader@1167fcc2]
2024-11-06T15:36:07.734Z DEBUG 35478 --- [           main] o.h.boot.internal.ClassLoaderAccessImpl  : ClassLoaderAccessImpl#injectTempClassLoader(null) [was org.springframework.instrument.classloading.SimpleThrowawayClassLoader@1167fcc2]
2024-11-06T15:36:07.756Z  INFO 35478 --- [           main] com.zaxxer.hikari.HikariDataSource       : HikariPool-1 - Starting...
2024-11-06T15:36:07.764Z  INFO 35478 --- [           main] com.zaxxer.hikari.pool.HikariPool        : HikariPool-1 - Added connection conn3: url=jdbc:h2:mem:testdb user=SA
2024-11-06T15:36:07.765Z  INFO 35478 --- [           main] com.zaxxer.hikari.HikariDataSource       : HikariPool-1 - Start completed.
2024-11-06T15:36:07.768Z DEBUG 35478 --- [           main] o.h.e.j.e.i.JdbcEnvironmentInitiator     : Database ->
	   name : H2
	version : 2.2.224 (2023-09-17)
	  major : 2
	  minor : 2
2024-11-06T15:36:07.768Z DEBUG 35478 --- [           main] o.h.e.j.e.i.JdbcEnvironmentInitiator     : Driver ->
	   name : H2 JDBC Driver
	version : 2.2.224 (2023-09-17)
	  major : 2
	  minor : 2
2024-11-06T15:36:07.769Z DEBUG 35478 --- [           main] o.h.e.j.e.i.JdbcEnvironmentInitiator     : JDBC version : 4.2
2024-11-06T15:36:07.780Z  WARN 35478 --- [           main] org.hibernate.orm.deprecation            : HHH90000025: H2Dialect does not need to be specified explicitly using 'hibernate.dialect' (remove the property setting and it will be selected by default)
2024-11-06T15:36:07.781Z DEBUG 35478 --- [           main] org.hibernate.orm.dialect                : HHH035001: Using dialect: org.hibernate.dialect.H2Dialect, version: 2.2.224
2024-11-06T15:36:07.783Z DEBUG 35478 --- [           main] o.h.e.j.env.spi.IdentifierHelperBuilder  : JDBC driver metadata reported database stores quoted identifiers in neither upper, lower nor mixed case
2024-11-06T15:36:07.795Z DEBUG 35478 --- [           main] o.h.t.d.jdbc.spi.JdbcTypeRegistry        : addDescriptor(NCharTypeDescriptor) replaced previous registration(CharTypeDescriptor)
2024-11-06T15:36:07.795Z DEBUG 35478 --- [           main] o.h.t.d.jdbc.spi.JdbcTypeRegistry        : addDescriptor(NVarcharTypeDescriptor) replaced previous registration(VarcharTypeDescriptor)
2024-11-06T15:36:07.795Z DEBUG 35478 --- [           main] o.h.t.d.jdbc.spi.JdbcTypeRegistry        : addDescriptor(LongNVarcharTypeDescriptor) replaced previous registration(LongVarcharTypeDescriptor)
2024-11-06T15:36:07.797Z DEBUG 35478 --- [           main] o.h.t.d.jdbc.spi.JdbcTypeRegistry        : addDescriptor(NClobTypeDescriptor(DEFAULT)) replaced previous registration(ClobTypeDescriptor(DEFAULT))
2024-11-06T15:36:07.797Z DEBUG 35478 --- [           main] o.h.t.d.jdbc.spi.JdbcTypeRegistry        : addDescriptor(2005, ClobTypeDescriptor(STREAM_BINDING)) replaced previous registration(ClobTypeDescriptor(DEFAULT))
2024-11-06T15:36:07.798Z DEBUG 35478 --- [           main] o.h.t.d.jdbc.spi.JdbcTypeRegistry        : addDescriptor(TimestampUtcDescriptor) replaced previous registration(TimestampUtcDescriptor)
2024-11-06T15:36:07.800Z DEBUG 35478 --- [           main] org.hibernate.type.BasicTypeRegistry     : Adding type registration org.hibernate.type.DurationType -> basicType@1(java.time.Duration,3015)
2024-11-06T15:36:07.801Z DEBUG 35478 --- [           main] org.hibernate.type.BasicTypeRegistry     : Adding type registration Duration -> basicType@1(java.time.Duration,3015)
2024-11-06T15:36:07.801Z DEBUG 35478 --- [           main] org.hibernate.type.BasicTypeRegistry     : Adding type registration java.time.Duration -> basicType@1(java.time.Duration,3015)
2024-11-06T15:36:07.803Z DEBUG 35478 --- [           main] o.h.type.spi.TypeConfiguration$Scope     : Scoping TypeConfiguration [org.hibernate.type.spi.TypeConfiguration@5cc5c549] to MetadataBuildingContext [org.hibernate.boot.internal.MetadataBuildingContextRootImpl@5c6d1a38]
2024-11-06T15:36:07.828Z DEBUG 35478 --- [           main] o.h.boot.model.relational.Namespace      : Created database namespace [logicalName=Name{catalog=null, schema=null}, physicalName=Name{catalog=null, schema=null}]
2024-11-06T15:36:07.853Z DEBUG 35478 --- [           main] o.h.boot.model.internal.EntityBinder     : Binding entity from annotated class: com.ims.models.Item
2024-11-06T15:36:07.856Z DEBUG 35478 --- [           main] o.h.boot.model.internal.EntityBinder     : Import with entity name Item
2024-11-06T15:36:07.862Z DEBUG 35478 --- [           main] o.h.boot.model.internal.EntityBinder     : Bind entity com.ims.models.Item on table items
2024-11-06T15:36:07.869Z DEBUG 35478 --- [           main] o.h.boot.model.internal.AnnotatedColumn  : Binding column: AnnotatedDiscriminatorColumn(column='DTYPE')
2024-11-06T15:36:07.883Z DEBUG 35478 --- [           main] o.h.boot.model.internal.AnnotatedColumn  : Binding column: AnnotatedColumn()
2024-11-06T15:36:07.883Z DEBUG 35478 --- [           main] o.h.boot.internal.ClassLoaderAccessImpl  : Not known whether passed class name [com.ims.models.Item] is safe
2024-11-06T15:36:07.883Z DEBUG 35478 --- [           main] o.h.boot.internal.ClassLoaderAccessImpl  : No temp ClassLoader provided; using live ClassLoader for loading potentially unsafe class : com.ims.models.Item
2024-11-06T15:36:07.886Z DEBUG 35478 --- [           main] o.h.boot.model.internal.PropertyBinder   : MetadataSourceProcessor property id with lazy=false
2024-11-06T15:36:07.890Z DEBUG 35478 --- [           main] o.h.b.m.internal.AbstractPropertyHolder  : Attempting to locate auto-apply AttributeConverter for property [com.ims.models.Item:id]
2024-11-06T15:36:07.893Z DEBUG 35478 --- [           main] o.h.b.model.internal.BasicValueBinder    : building BasicValue for id
2024-11-06T15:36:07.895Z DEBUG 35478 --- [           main] org.hibernate.mapping.BasicValue         : Skipping column re-registration: items.id
2024-11-06T15:36:07.895Z DEBUG 35478 --- [           main] o.h.boot.model.internal.PropertyBinder   : Building property id
2024-11-06T15:36:07.897Z DEBUG 35478 --- [           main] o.h.boot.model.internal.BinderHelper     : #makeIdGenerator(BasicValue([Column(id)]), id, identity, , ...)
2024-11-06T15:36:07.899Z DEBUG 35478 --- [           main] o.h.boot.model.internal.AnnotatedColumn  : Binding column: AnnotatedColumn()
2024-11-06T15:36:07.899Z DEBUG 35478 --- [           main] o.h.boot.model.internal.PropertyBinder   : MetadataSourceProcessor property barcode with lazy=false
2024-11-06T15:36:07.899Z DEBUG 35478 --- [           main] o.h.b.m.internal.AbstractPropertyHolder  : Attempting to locate auto-apply AttributeConverter for property [com.ims.models.Item:barcode]
2024-11-06T15:36:07.900Z DEBUG 35478 --- [           main] o.h.b.model.internal.BasicValueBinder    : building BasicValue for barcode
2024-11-06T15:36:07.900Z DEBUG 35478 --- [           main] org.hibernate.mapping.BasicValue         : Skipping column re-registration: items.barcode
2024-11-06T15:36:07.900Z DEBUG 35478 --- [           main] o.h.boot.model.internal.PropertyBinder   : Building property barcode
2024-11-06T15:36:07.900Z DEBUG 35478 --- [           main] o.h.boot.model.internal.AnnotatedColumn  : Binding column: AnnotatedColumn()
2024-11-06T15:36:07.900Z DEBUG 35478 --- [           main] o.h.boot.model.internal.PropertyBinder   : MetadataSourceProcessor property brand with lazy=false
2024-11-06T15:36:07.900Z DEBUG 35478 --- [           main] o.h.b.m.internal.AbstractPropertyHolder  : Attempting to locate auto-apply AttributeConverter for property [com.ims.models.Item:brand]
2024-11-06T15:36:07.900Z DEBUG 35478 --- [           main] o.h.b.model.internal.BasicValueBinder    : building BasicValue for brand
2024-11-06T15:36:07.900Z DEBUG 35478 --- [           main] org.hibernate.mapping.BasicValue         : Skipping column re-registration: items.brand
2024-11-06T15:36:07.900Z DEBUG 35478 --- [           main] o.h.boot.model.internal.PropertyBinder   : Building property brand
2024-11-06T15:36:07.900Z DEBUG 35478 --- [           main] o.h.boot.model.internal.AnnotatedColumn  : Binding column: AnnotatedColumn()
2024-11-06T15:36:07.900Z DEBUG 35478 --- [           main] o.h.boot.model.internal.PropertyBinder   : MetadataSourceProcessor property category with lazy=false
2024-11-06T15:36:07.900Z DEBUG 35478 --- [           main] o.h.b.m.internal.AbstractPropertyHolder  : Attempting to locate auto-apply AttributeConverter for property [com.ims.models.Item:category]
2024-11-06T15:36:07.900Z DEBUG 35478 --- [           main] o.h.b.model.internal.BasicValueBinder    : building BasicValue for category
2024-11-06T15:36:07.900Z DEBUG 35478 --- [           main] org.hibernate.mapping.BasicValue         : Skipping column re-registration: items.category
2024-11-06T15:36:07.901Z DEBUG 35478 --- [           main] o.h.boot.model.internal.PropertyBinder   : Building property category
2024-11-06T15:36:07.901Z DEBUG 35478 --- [           main] o.h.boot.model.internal.AnnotatedColumn  : Binding column: AnnotatedColumn()
2024-11-06T15:36:07.901Z DEBUG 35478 --- [           main] o.h.boot.model.internal.PropertyBinder   : MetadataSourceProcessor property designation with lazy=false
2024-11-06T15:36:07.901Z DEBUG 35478 --- [           main] o.h.b.m.internal.AbstractPropertyHolder  : Attempting to locate auto-apply AttributeConverter for property [com.ims.models.Item:designation]
2024-11-06T15:36:07.901Z DEBUG 35478 --- [           main] o.h.b.model.internal.BasicValueBinder    : building BasicValue for designation
2024-11-06T15:36:07.901Z DEBUG 35478 --- [           main] org.hibernate.mapping.BasicValue         : Skipping column re-registration: items.designation
2024-11-06T15:36:07.901Z DEBUG 35478 --- [           main] o.h.boot.model.internal.PropertyBinder   : Building property designation
2024-11-06T15:36:07.902Z DEBUG 35478 --- [           main] o.h.boot.model.internal.AnnotatedColumn  : Binding column: AnnotatedJoinColumn()
2024-11-06T15:36:07.903Z DEBUG 35478 --- [           main] o.h.boot.model.internal.AnnotatedColumn  : Binding column: AnnotatedColumn()
2024-11-06T15:36:07.914Z DEBUG 35478 --- [           main] o.h.boot.model.internal.AnnotatedColumn  : Binding column: IndexColumn(column='loans_ORDER')
2024-11-06T15:36:07.915Z DEBUG 35478 --- [           main] o.h.boot.model.internal.AnnotatedColumn  : Binding column: AnnotatedColumn()
2024-11-06T15:36:07.915Z DEBUG 35478 --- [           main] o.h.boot.model.internal.AnnotatedColumn  : Binding column: AnnotatedColumn(column='loans_KEY')
2024-11-06T15:36:07.916Z DEBUG 35478 --- [           main] o.h.boot.model.internal.AnnotatedColumn  : Binding column: AnnotatedJoinColumn(column='loans_KEY')
2024-11-06T15:36:07.917Z DEBUG 35478 --- [           main] o.h.boot.model.internal.AnnotatedColumn  : Binding column: AnnotatedJoinColumn()
2024-11-06T15:36:07.917Z DEBUG 35478 --- [           main] o.h.boot.model.internal.AnnotatedColumn  : Binding column: AnnotatedJoinColumn()
2024-11-06T15:36:07.920Z DEBUG 35478 --- [           main] o.h.b.model.internal.CollectionBinder    : Collection role: com.ims.models.Item.loans
2024-11-06T15:36:07.921Z DEBUG 35478 --- [           main] o.h.boot.model.internal.PropertyBinder   : Building property loans
2024-11-06T15:36:07.921Z DEBUG 35478 --- [           main] o.h.boot.model.internal.AnnotatedColumn  : Binding column: AnnotatedColumn()
2024-11-06T15:36:07.921Z DEBUG 35478 --- [           main] o.h.boot.model.internal.PropertyBinder   : MetadataSourceProcessor property purchasePrice with lazy=false
2024-11-06T15:36:07.921Z DEBUG 35478 --- [           main] o.h.b.m.internal.AbstractPropertyHolder  : Attempting to locate auto-apply AttributeConverter for property [com.ims.models.Item:purchasePrice]
2024-11-06T15:36:07.921Z DEBUG 35478 --- [           main] o.h.b.model.internal.BasicValueBinder    : building BasicValue for purchasePrice
2024-11-06T15:36:07.921Z DEBUG 35478 --- [           main] org.hibernate.mapping.BasicValue         : Skipping column re-registration: items.purchase_price
2024-11-06T15:36:07.921Z DEBUG 35478 --- [           main] o.h.boot.model.internal.PropertyBinder   : Building property purchasePrice
2024-11-06T15:36:07.921Z DEBUG 35478 --- [           main] o.h.boot.model.internal.AnnotatedColumn  : Binding column: AnnotatedJoinColumn()
2024-11-06T15:36:07.921Z DEBUG 35478 --- [           main] o.h.boot.model.internal.AnnotatedColumn  : Binding column: AnnotatedColumn()
2024-11-06T15:36:07.921Z DEBUG 35478 --- [           main] o.h.boot.model.internal.AnnotatedColumn  : Binding column: IndexColumn(column='requests_ORDER')
2024-11-06T15:36:07.921Z DEBUG 35478 --- [           main] o.h.boot.model.internal.AnnotatedColumn  : Binding column: AnnotatedColumn()
2024-11-06T15:36:07.921Z DEBUG 35478 --- [           main] o.h.boot.model.internal.AnnotatedColumn  : Binding column: AnnotatedColumn(column='requests_KEY')
2024-11-06T15:36:07.921Z DEBUG 35478 --- [           main] o.h.boot.model.internal.AnnotatedColumn  : Binding column: AnnotatedJoinColumn(column='requests_KEY')
2024-11-06T15:36:07.922Z DEBUG 35478 --- [           main] o.h.boot.model.internal.AnnotatedColumn  : Binding column: AnnotatedJoinColumn()
2024-11-06T15:36:07.922Z DEBUG 35478 --- [           main] o.h.boot.model.internal.AnnotatedColumn  : Binding column: AnnotatedJoinColumn()
2024-11-06T15:36:07.922Z DEBUG 35478 --- [           main] o.h.b.model.internal.CollectionBinder    : Collection role: com.ims.models.Item.requests
2024-11-06T15:36:07.922Z DEBUG 35478 --- [           main] o.h.boot.model.internal.PropertyBinder   : Building property requests
2024-11-06T15:36:07.922Z DEBUG 35478 --- [           main] o.h.boot.model.internal.AnnotatedColumn  : Binding column: AnnotatedColumn()
2024-11-06T15:36:07.922Z DEBUG 35478 --- [           main] o.h.boot.model.internal.PropertyBinder   : MetadataSourceProcessor property stockQuantity with lazy=false
2024-11-06T15:36:07.922Z DEBUG 35478 --- [           main] o.h.b.m.internal.AbstractPropertyHolder  : Attempting to locate auto-apply AttributeConverter for property [com.ims.models.Item:stockQuantity]
2024-11-06T15:36:07.922Z DEBUG 35478 --- [           main] o.h.b.model.internal.BasicValueBinder    : building BasicValue for stockQuantity
2024-11-06T15:36:07.922Z DEBUG 35478 --- [           main] org.hibernate.mapping.BasicValue         : Skipping column re-registration: items.stock_quantity
2024-11-06T15:36:07.922Z DEBUG 35478 --- [           main] o.h.boot.model.internal.PropertyBinder   : Building property stockQuantity
2024-11-06T15:36:07.922Z DEBUG 35478 --- [           main] o.h.boot.model.internal.AnnotatedColumn  : Binding column: AnnotatedColumn()
2024-11-06T15:36:07.922Z DEBUG 35478 --- [           main] o.h.boot.model.internal.PropertyBinder   : MetadataSourceProcessor property version with lazy=false
2024-11-06T15:36:07.922Z DEBUG 35478 --- [           main] o.h.b.m.internal.AbstractPropertyHolder  : Attempting to locate auto-apply AttributeConverter for property [com.ims.models.Item:version]
2024-11-06T15:36:07.922Z DEBUG 35478 --- [           main] o.h.b.model.internal.BasicValueBinder    : building BasicValue for version
2024-11-06T15:36:07.923Z DEBUG 35478 --- [           main] org.hibernate.mapping.BasicValue         : Skipping column re-registration: items.version
2024-11-06T15:36:07.923Z DEBUG 35478 --- [           main] o.h.boot.model.internal.PropertyBinder   : Building property version
2024-11-06T15:36:07.923Z DEBUG 35478 --- [           main] o.h.b.r.c.i.ClassLoaderServiceImpl       : HHH000194: Package not found or no package-info.java: com.ims.models
2024-11-06T15:36:07.926Z DEBUG 35478 --- [           main] o.h.boot.model.internal.EntityBinder     : Binding entity from annotated class: com.ims.models.ItemRequest
2024-11-06T15:36:07.926Z DEBUG 35478 --- [           main] o.h.boot.model.internal.EntityBinder     : Import with entity name ItemRequest
2024-11-06T15:36:07.926Z DEBUG 35478 --- [           main] o.h.boot.model.internal.EntityBinder     : Bind entity com.ims.models.ItemRequest on table item_requests
2024-11-06T15:36:07.926Z DEBUG 35478 --- [           main] o.h.boot.model.internal.AnnotatedColumn  : Binding column: AnnotatedDiscriminatorColumn(column='DTYPE')
2024-11-06T15:36:07.929Z DEBUG 35478 --- [           main] o.h.boot.model.internal.AnnotatedColumn  : Binding column: AnnotatedColumn()
2024-11-06T15:36:07.929Z DEBUG 35478 --- [           main] o.h.boot.internal.ClassLoaderAccessImpl  : Not known whether passed class name [com.ims.models.ItemRequest] is safe
2024-11-06T15:36:07.929Z DEBUG 35478 --- [           main] o.h.boot.internal.ClassLoaderAccessImpl  : No temp ClassLoader provided; using live ClassLoader for loading potentially unsafe class : com.ims.models.ItemRequest
2024-11-06T15:36:07.929Z DEBUG 35478 --- [           main] o.h.boot.model.internal.PropertyBinder   : MetadataSourceProcessor property id with lazy=false
2024-11-06T15:36:07.929Z DEBUG 35478 --- [           main] o.h.b.m.internal.AbstractPropertyHolder  : Attempting to locate auto-apply AttributeConverter for property [com.ims.models.ItemRequest:id]
2024-11-06T15:36:07.929Z DEBUG 35478 --- [           main] o.h.b.model.internal.BasicValueBinder    : building BasicValue for id
2024-11-06T15:36:07.929Z DEBUG 35478 --- [           main] org.hibernate.mapping.BasicValue         : Skipping column re-registration: item_requests.id
2024-11-06T15:36:07.929Z DEBUG 35478 --- [           main] o.h.boot.model.internal.PropertyBinder   : Building property id
2024-11-06T15:36:07.929Z DEBUG 35478 --- [           main] o.h.boot.model.internal.BinderHelper     : #makeIdGenerator(BasicValue([Column(id)]), id, identity, , ...)
2024-11-06T15:36:07.929Z DEBUG 35478 --- [           main] o.h.boot.model.internal.AnnotatedColumn  : Binding column: AnnotatedJoinColumn(column='item_id')
2024-11-06T15:36:07.929Z DEBUG 35478 --- [           main] o.h.boot.model.internal.AnnotatedColumn  : Binding column: AnnotatedColumn()
2024-11-06T15:36:07.932Z DEBUG 35478 --- [           main] o.h.boot.model.internal.PropertyBinder   : Building property item
2024-11-06T15:36:07.932Z DEBUG 35478 --- [           main] o.h.boot.model.internal.AnnotatedColumn  : Binding column: AnnotatedColumn()
2024-11-06T15:36:07.932Z DEBUG 35478 --- [           main] o.h.boot.model.internal.PropertyBinder   : MetadataSourceProcessor property queuePosition with lazy=false
2024-11-06T15:36:07.932Z DEBUG 35478 --- [           main] o.h.b.m.internal.AbstractPropertyHolder  : Attempting to locate auto-apply AttributeConverter for property [com.ims.models.ItemRequest:queuePosition]
2024-11-06T15:36:07.932Z DEBUG 35478 --- [           main] o.h.b.model.internal.BasicValueBinder    : building BasicValue for queuePosition
2024-11-06T15:36:07.932Z DEBUG 35478 --- [           main] org.hibernate.mapping.BasicValue         : Skipping column re-registration: item_requests.queue_position
2024-11-06T15:36:07.932Z DEBUG 35478 --- [           main] o.h.boot.model.internal.PropertyBinder   : Building property queuePosition
2024-11-06T15:36:07.932Z DEBUG 35478 --- [           main] o.h.boot.model.internal.AnnotatedColumn  : Binding column: AnnotatedColumn()
2024-11-06T15:36:07.932Z DEBUG 35478 --- [           main] o.h.boot.model.internal.PropertyBinder   : MetadataSourceProcessor property requestDate with lazy=false
2024-11-06T15:36:07.932Z DEBUG 35478 --- [           main] o.h.b.m.internal.AbstractPropertyHolder  : Attempting to locate auto-apply AttributeConverter for property [com.ims.models.ItemRequest:requestDate]
2024-11-06T15:36:07.932Z DEBUG 35478 --- [           main] o.h.b.model.internal.BasicValueBinder    : building BasicValue for requestDate
2024-11-06T15:36:07.932Z DEBUG 35478 --- [           main] org.hibernate.mapping.BasicValue         : Skipping column re-registration: item_requests.request_date
2024-11-06T15:36:07.932Z DEBUG 35478 --- [           main] o.h.boot.model.internal.PropertyBinder   : Building property requestDate
2024-11-06T15:36:07.932Z DEBUG 35478 --- [           main] o.h.boot.model.internal.AnnotatedColumn  : Binding column: AnnotatedColumn()
2024-11-06T15:36:07.932Z DEBUG 35478 --- [           main] o.h.boot.model.internal.PropertyBinder   : MetadataSourceProcessor property returnDate with lazy=false
2024-11-06T15:36:07.932Z DEBUG 35478 --- [           main] o.h.b.m.internal.AbstractPropertyHolder  : Attempting to locate auto-apply AttributeConverter for property [com.ims.models.ItemRequest:returnDate]
2024-11-06T15:36:07.932Z DEBUG 35478 --- [           main] o.h.b.model.internal.BasicValueBinder    : building BasicValue for returnDate
2024-11-06T15:36:07.932Z DEBUG 35478 --- [           main] org.hibernate.mapping.BasicValue         : Skipping column re-registration: item_requests.return_date
2024-11-06T15:36:07.932Z DEBUG 35478 --- [           main] o.h.boot.model.internal.PropertyBinder   : Building property returnDate
2024-11-06T15:36:07.933Z DEBUG 35478 --- [           main] o.h.boot.model.internal.AnnotatedColumn  : Binding column: AnnotatedColumn()
2024-11-06T15:36:07.933Z DEBUG 35478 --- [           main] o.h.boot.model.internal.PropertyBinder   : MetadataSourceProcessor property status with lazy=false
2024-11-06T15:36:07.933Z DEBUG 35478 --- [           main] o.h.b.m.internal.AbstractPropertyHolder  : Attempting to locate auto-apply AttributeConverter for property [com.ims.models.ItemRequest:status]
2024-11-06T15:36:07.933Z DEBUG 35478 --- [           main] o.h.b.model.internal.BasicValueBinder    : building BasicValue for status
2024-11-06T15:36:07.933Z DEBUG 35478 --- [           main] org.hibernate.mapping.BasicValue         : Skipping column re-registration: item_requests.status
2024-11-06T15:36:07.933Z DEBUG 35478 --- [           main] o.h.boot.model.internal.PropertyBinder   : Building property status
2024-11-06T15:36:07.933Z DEBUG 35478 --- [           main] o.h.boot.model.internal.AnnotatedColumn  : Binding column: AnnotatedJoinColumn(column='user_id')
2024-11-06T15:36:07.933Z DEBUG 35478 --- [           main] o.h.boot.model.internal.AnnotatedColumn  : Binding column: AnnotatedColumn()
2024-11-06T15:36:07.933Z DEBUG 35478 --- [           main] o.h.boot.model.internal.PropertyBinder   : Building property user
2024-11-06T15:36:07.933Z DEBUG 35478 --- [           main] o.h.boot.model.internal.AnnotatedColumn  : Binding column: AnnotatedColumn()
2024-11-06T15:36:07.933Z DEBUG 35478 --- [           main] o.h.boot.model.internal.PropertyBinder   : MetadataSourceProcessor property version with lazy=false
2024-11-06T15:36:07.933Z DEBUG 35478 --- [           main] o.h.b.m.internal.AbstractPropertyHolder  : Attempting to locate auto-apply AttributeConverter for property [com.ims.models.ItemRequest:version]
2024-11-06T15:36:07.933Z DEBUG 35478 --- [           main] o.h.b.model.internal.BasicValueBinder    : building BasicValue for version
2024-11-06T15:36:07.933Z DEBUG 35478 --- [           main] org.hibernate.mapping.BasicValue         : Skipping column re-registration: item_requests.version
2024-11-06T15:36:07.933Z DEBUG 35478 --- [           main] o.h.boot.model.internal.PropertyBinder   : Building property version
2024-11-06T15:36:07.933Z DEBUG 35478 --- [           main] o.h.b.r.c.i.ClassLoaderServiceImpl       : HHH000194: Package not found or no package-info.java: com.ims.models
2024-11-06T15:36:07.934Z DEBUG 35478 --- [           main] o.h.boot.model.internal.EntityBinder     : Binding entity from annotated class: com.ims.models.Loan
2024-11-06T15:36:07.934Z DEBUG 35478 --- [           main] o.h.boot.model.internal.EntityBinder     : Import with entity name Loan
2024-11-06T15:36:07.934Z DEBUG 35478 --- [           main] o.h.boot.model.internal.EntityBinder     : Bind entity com.ims.models.Loan on table loans
2024-11-06T15:36:07.934Z DEBUG 35478 --- [           main] o.h.boot.model.internal.AnnotatedColumn  : Binding column: AnnotatedDiscriminatorColumn(column='DTYPE')
2024-11-06T15:36:07.935Z DEBUG 35478 --- [           main] o.h.boot.model.internal.AnnotatedColumn  : Binding column: AnnotatedColumn()
2024-11-06T15:36:07.935Z DEBUG 35478 --- [           main] o.h.boot.internal.ClassLoaderAccessImpl  : Not known whether passed class name [com.ims.models.Loan] is safe
2024-11-06T15:36:07.935Z DEBUG 35478 --- [           main] o.h.boot.internal.ClassLoaderAccessImpl  : No temp ClassLoader provided; using live ClassLoader for loading potentially unsafe class : com.ims.models.Loan
2024-11-06T15:36:07.935Z DEBUG 35478 --- [           main] o.h.boot.model.internal.PropertyBinder   : MetadataSourceProcessor property id with lazy=false
2024-11-06T15:36:07.935Z DEBUG 35478 --- [           main] o.h.b.m.internal.AbstractPropertyHolder  : Attempting to locate auto-apply AttributeConverter for property [com.ims.models.Loan:id]
2024-11-06T15:36:07.935Z DEBUG 35478 --- [           main] o.h.b.model.internal.BasicValueBinder    : building BasicValue for id
2024-11-06T15:36:07.935Z DEBUG 35478 --- [           main] org.hibernate.mapping.BasicValue         : Skipping column re-registration: loans.id
2024-11-06T15:36:07.935Z DEBUG 35478 --- [           main] o.h.boot.model.internal.PropertyBinder   : Building property id
2024-11-06T15:36:07.935Z DEBUG 35478 --- [           main] o.h.boot.model.internal.BinderHelper     : #makeIdGenerator(BasicValue([Column(id)]), id, identity, , ...)
2024-11-06T15:36:07.935Z DEBUG 35478 --- [           main] o.h.boot.model.internal.AnnotatedColumn  : Binding column: AnnotatedColumn()
2024-11-06T15:36:07.935Z DEBUG 35478 --- [           main] o.h.boot.model.internal.PropertyBinder   : MetadataSourceProcessor property endDate with lazy=false
2024-11-06T15:36:07.935Z DEBUG 35478 --- [           main] o.h.b.m.internal.AbstractPropertyHolder  : Attempting to locate auto-apply AttributeConverter for property [com.ims.models.Loan:endDate]
2024-11-06T15:36:07.935Z DEBUG 35478 --- [           main] o.h.b.model.internal.BasicValueBinder    : building BasicValue for endDate
2024-11-06T15:36:07.935Z DEBUG 35478 --- [           main] org.hibernate.mapping.BasicValue         : Skipping column re-registration: loans.end_date
2024-11-06T15:36:07.935Z DEBUG 35478 --- [           main] o.h.boot.model.internal.PropertyBinder   : Building property endDate
2024-11-06T15:36:07.936Z DEBUG 35478 --- [           main] o.h.boot.model.internal.AnnotatedColumn  : Binding column: AnnotatedJoinColumn(column='item_id')
2024-11-06T15:36:07.936Z DEBUG 35478 --- [           main] o.h.boot.model.internal.AnnotatedColumn  : Binding column: AnnotatedColumn()
2024-11-06T15:36:07.936Z DEBUG 35478 --- [           main] o.h.boot.model.internal.PropertyBinder   : Building property item
2024-11-06T15:36:07.936Z DEBUG 35478 --- [           main] o.h.boot.model.internal.AnnotatedColumn  : Binding column: AnnotatedColumn()
2024-11-06T15:36:07.936Z DEBUG 35478 --- [           main] o.h.boot.model.internal.PropertyBinder   : MetadataSourceProcessor property returnDate with lazy=false
2024-11-06T15:36:07.936Z DEBUG 35478 --- [           main] o.h.b.m.internal.AbstractPropertyHolder  : Attempting to locate auto-apply AttributeConverter for property [com.ims.models.Loan:returnDate]
2024-11-06T15:36:07.936Z DEBUG 35478 --- [           main] o.h.b.model.internal.BasicValueBinder    : building BasicValue for returnDate
2024-11-06T15:36:07.936Z DEBUG 35478 --- [           main] org.hibernate.mapping.BasicValue         : Skipping column re-registration: loans.return_date
2024-11-06T15:36:07.936Z DEBUG 35478 --- [           main] o.h.boot.model.internal.PropertyBinder   : Building property returnDate
2024-11-06T15:36:07.936Z DEBUG 35478 --- [           main] o.h.boot.model.internal.AnnotatedColumn  : Binding column: AnnotatedColumn()
2024-11-06T15:36:07.936Z DEBUG 35478 --- [           main] o.h.boot.model.internal.PropertyBinder   : MetadataSourceProcessor property startDate with lazy=false
2024-11-06T15:36:07.936Z DEBUG 35478 --- [           main] o.h.b.m.internal.AbstractPropertyHolder  : Attempting to locate auto-apply AttributeConverter for property [com.ims.models.Loan:startDate]
2024-11-06T15:36:07.936Z DEBUG 35478 --- [           main] o.h.b.model.internal.BasicValueBinder    : building BasicValue for startDate
2024-11-06T15:36:07.936Z DEBUG 35478 --- [           main] org.hibernate.mapping.BasicValue         : Skipping column re-registration: loans.start_date
2024-11-06T15:36:07.936Z DEBUG 35478 --- [           main] o.h.boot.model.internal.PropertyBinder   : Building property startDate
2024-11-06T15:36:07.936Z DEBUG 35478 --- [           main] o.h.boot.model.internal.AnnotatedColumn  : Binding column: AnnotatedColumn()
2024-11-06T15:36:07.936Z DEBUG 35478 --- [           main] o.h.boot.model.internal.PropertyBinder   : MetadataSourceProcessor property status with lazy=false
2024-11-06T15:36:07.936Z DEBUG 35478 --- [           main] o.h.b.m.internal.AbstractPropertyHolder  : Attempting to locate auto-apply AttributeConverter for property [com.ims.models.Loan:status]
2024-11-06T15:36:07.936Z DEBUG 35478 --- [           main] o.h.b.model.internal.BasicValueBinder    : building BasicValue for status
2024-11-06T15:36:07.936Z DEBUG 35478 --- [           main] org.hibernate.mapping.BasicValue         : Skipping column re-registration: loans.status
2024-11-06T15:36:07.937Z DEBUG 35478 --- [           main] o.h.boot.model.internal.PropertyBinder   : Building property status
2024-11-06T15:36:07.937Z DEBUG 35478 --- [           main] o.h.boot.model.internal.AnnotatedColumn  : Binding column: AnnotatedJoinColumn(column='user_id')
2024-11-06T15:36:07.937Z DEBUG 35478 --- [           main] o.h.boot.model.internal.AnnotatedColumn  : Binding column: AnnotatedColumn()
2024-11-06T15:36:07.937Z DEBUG 35478 --- [           main] o.h.boot.model.internal.PropertyBinder   : Building property user
2024-11-06T15:36:07.937Z DEBUG 35478 --- [           main] o.h.boot.model.internal.AnnotatedColumn  : Binding column: AnnotatedColumn()
2024-11-06T15:36:07.937Z DEBUG 35478 --- [           main] o.h.boot.model.internal.PropertyBinder   : MetadataSourceProcessor property version with lazy=false
2024-11-06T15:36:07.937Z DEBUG 35478 --- [           main] o.h.b.m.internal.AbstractPropertyHolder  : Attempting to locate auto-apply AttributeConverter for property [com.ims.models.Loan:version]
2024-11-06T15:36:07.937Z DEBUG 35478 --- [           main] o.h.b.model.internal.BasicValueBinder    : building BasicValue for version
2024-11-06T15:36:07.937Z DEBUG 35478 --- [           main] org.hibernate.mapping.BasicValue         : Skipping column re-registration: loans.version
2024-11-06T15:36:07.937Z DEBUG 35478 --- [           main] o.h.boot.model.internal.PropertyBinder   : Building property version
2024-11-06T15:36:07.937Z DEBUG 35478 --- [           main] o.h.b.r.c.i.ClassLoaderServiceImpl       : HHH000194: Package not found or no package-info.java: com.ims.models
2024-11-06T15:36:07.938Z DEBUG 35478 --- [           main] e.i.CallbackDefinitionResolverLegacyImpl : Adding validateDates as PreUpdate callback for entity com.ims.models.Loan
2024-11-06T15:36:07.938Z DEBUG 35478 --- [           main] e.i.CallbackDefinitionResolverLegacyImpl : Adding validateDates as PrePersist callback for entity com.ims.models.Loan
2024-11-06T15:36:07.938Z DEBUG 35478 --- [           main] o.h.boot.model.internal.EntityBinder     : Binding entity from annotated class: com.ims.models.User
[...]
2024-11-06T15:36:09.865Z DEBUG 35478 --- [           main] o.h.e.i.AbstractFlushingEventListener    : Dirty checking collections
2024-11-06T15:36:09.865Z DEBUG 35478 --- [           main] o.hibernate.engine.internal.Collections  : Collection found: [com.ims.models.Item.loans#24], was: [<unreferenced>] (initialized)
2024-11-06T15:36:09.866Z DEBUG 35478 --- [           main] o.hibernate.engine.internal.Collections  : Collection found: [com.ims.models.Item.requests#24], was: [<unreferenced>] (initialized)
2024-11-06T15:36:09.866Z DEBUG 35478 --- [           main] o.h.e.i.AbstractFlushingEventListener    : Flushed: 0 insertions, 0 updates, 0 deletions to 1 objects
2024-11-06T15:36:09.866Z DEBUG 35478 --- [           main] o.h.e.i.AbstractFlushingEventListener    : Flushed: 2 (re)creations, 0 updates, 0 removals to 2 collections
2024-11-06T15:36:09.866Z DEBUG 35478 --- [           main] o.hibernate.internal.util.EntityPrinter  : Listing entities:
2024-11-06T15:36:09.866Z DEBUG 35478 --- [           main] o.hibernate.internal.util.EntityPrinter  : com.ims.models.Item{loans=[], stockQuantity=79, id=24, designation=Logitech G502, purchasePrice=100.48989053693988, requests=[], category=STORAGE_DEVICE, barcode=5902362895828, brand=SteelSeries, version=0}
2024-11-06T15:36:09.866Z DEBUG 35478 --- [           main] o.h.e.t.internal.TransactionImpl         : On TransactionImpl creation, JpaCompliance#isJpaTransactionComplianceEnabled == false
2024-11-06T15:36:09.866Z DEBUG 35478 --- [           main] o.h.e.t.internal.TransactionImpl         : begin
2024-11-06T15:36:09.866Z DEBUG 35478 --- [           main] org.hibernate.engine.spi.ActionQueue     : Executing identity-insert immediately
2024-11-06T15:36:09.866Z DEBUG 35478 --- [           main] org.hibernate.SQL                        : 
    insert 
    into
        items
        (barcode, brand, category, designation, purchase_price, stock_quantity, version, id) 
    values
        (?, ?, ?, ?, ?, ?, ?, default)
Hibernate: 
    insert 
    into
        items
        (barcode, brand, category, designation, purchase_price, stock_quantity, version, id) 
    values
        (?, ?, ?, ?, ?, ?, ?, default)
2024-11-06T15:36:09.867Z DEBUG 35478 --- [           main] org.hibernate.orm.results                : Initializer list is empty
2024-11-06T15:36:09.867Z DEBUG 35478 --- [           main] org.hibernate.orm.results.loading        : Calling top-level assembler (0 / 1) : org.hibernate.sql.results.graph.basic.BasicResultAssembler@7bbc6e81
2024-11-06T15:36:09.867Z DEBUG 35478 --- [           main] org.hibernate.orm.results                : Extracted JDBC value [0] - [25]
2024-11-06T15:36:09.867Z DEBUG 35478 --- [           main] o.h.id.IdentifierGeneratorHelper         : Extracted generated values [com.ims.models.Item]: [Ljava.lang.Object;@5086cb12
2024-11-06T15:36:09.867Z DEBUG 35478 --- [           main] o.h.e.t.internal.TransactionImpl         : committing
2024-11-06T15:36:09.867Z DEBUG 35478 --- [           main] o.h.e.i.AbstractFlushingEventListener    : Processing flush-time cascades
2024-11-06T15:36:09.867Z DEBUG 35478 --- [           main] o.h.e.i.AbstractFlushingEventListener    : Dirty checking collections
2024-11-06T15:36:09.867Z DEBUG 35478 --- [           main] o.hibernate.engine.internal.Collections  : Collection found: [com.ims.models.Item.loans#25], was: [<unreferenced>] (initialized)
2024-11-06T15:36:09.867Z DEBUG 35478 --- [           main] o.hibernate.engine.internal.Collections  : Collection found: [com.ims.models.Item.requests#25], was: [<unreferenced>] (initialized)
2024-11-06T15:36:09.867Z DEBUG 35478 --- [           main] o.h.e.i.AbstractFlushingEventListener    : Flushed: 0 insertions, 0 updates, 0 deletions to 1 objects
2024-11-06T15:36:09.867Z DEBUG 35478 --- [           main] o.h.e.i.AbstractFlushingEventListener    : Flushed: 2 (re)creations, 0 updates, 0 removals to 2 collections
2024-11-06T15:36:09.867Z DEBUG 35478 --- [           main] o.hibernate.internal.util.EntityPrinter  : Listing entities:
2024-11-06T15:36:09.867Z DEBUG 35478 --- [           main] o.hibernate.internal.util.EntityPrinter  : com.ims.models.Item{loans=[], stockQuantity=78, id=25, designation=Apple MacBook Air, purchasePrice=112.59606434525291, requests=[], category=NETWORK_EQUIPMENT, barcode=5907473646227, brand=Asus, version=0}
2024-11-06T15:36:09.867Z DEBUG 35478 --- [           main] o.h.e.t.internal.TransactionImpl         : On TransactionImpl creation, JpaCompliance#isJpaTransactionComplianceEnabled == false
2024-11-06T15:36:09.867Z DEBUG 35478 --- [           main] o.h.e.t.internal.TransactionImpl         : begin
2024-11-06T15:36:09.868Z DEBUG 35478 --- [           main] org.hibernate.engine.spi.ActionQueue     : Executing identity-insert immediately
2024-11-06T15:36:09.868Z DEBUG 35478 --- [           main] org.hibernate.SQL                        : 
    insert 
    into
        items
        (barcode, brand, category, designation, purchase_price, stock_quantity, version, id) 
    values
        (?, ?, ?, ?, ?, ?, ?, default)
Hibernate: 
    insert 
    into
        items
        (barcode, brand, category, designation, purchase_price, stock_quantity, version, id) 
    values
        (?, ?, ?, ?, ?, ?, ?, default)
2024-11-06T15:36:09.868Z DEBUG 35478 --- [           main] org.hibernate.orm.results                : Initializer list is empty
2024-11-06T15:36:09.868Z DEBUG 35478 --- [           main] org.hibernate.orm.results.loading        : Calling top-level assembler (0 / 1) : org.hibernate.sql.results.graph.basic.BasicResultAssembler@608a27a2
2024-11-06T15:36:09.868Z DEBUG 35478 --- [           main] org.hibernate.orm.results                : Extracted JDBC value [0] - [26]
2024-11-06T15:36:09.868Z DEBUG 35478 --- [           main] o.h.id.IdentifierGeneratorHelper         : Extracted generated values [com.ims.models.Item]: [Ljava.lang.Object;@56af5d85
2024-11-06T15:36:09.868Z DEBUG 35478 --- [           main] o.h.e.t.internal.TransactionImpl         : committing
2024-11-06T15:36:09.868Z DEBUG 35478 --- [           main] o.h.e.i.AbstractFlushingEventListener    : Processing flush-time cascades
2024-11-06T15:36:09.868Z DEBUG 35478 --- [           main] o.h.e.i.AbstractFlushingEventListener    : Dirty checking collections
2024-11-06T15:36:09.868Z DEBUG 35478 --- [           main] o.hibernate.engine.internal.Collections  : Collection found: [com.ims.models.Item.loans#26], was: [<unreferenced>] (initialized)
2024-11-06T15:36:09.869Z DEBUG 35478 --- [           main] o.hibernate.engine.internal.Collections  : Collection found: [com.ims.models.Item.requests#26], was: [<unreferenced>] (initialized)
2024-11-06T15:36:09.869Z DEBUG 35478 --- [           main] o.h.e.i.AbstractFlushingEventListener    : Flushed: 0 insertions, 0 updates, 0 deletions to 1 objects
2024-11-06T15:36:09.869Z DEBUG 35478 --- [           main] o.h.e.i.AbstractFlushingEventListener    : Flushed: 2 (re)creations, 0 updates, 0 removals to 2 collections
2024-11-06T15:36:09.869Z DEBUG 35478 --- [           main] o.hibernate.internal.util.EntityPrinter  : Listing entities:
2024-11-06T15:36:09.869Z DEBUG 35478 --- [           main] o.hibernate.internal.util.EntityPrinter  : com.ims.models.Item{loans=[], stockQuantity=71, id=26, designation=Dell Inspiron 15, purchasePrice=945.5995057332306, requests=[], category=SERVER, barcode=5908764312669, brand=HyperX, version=0}
2024-11-06T15:36:09.869Z DEBUG 35478 --- [           main] o.h.e.t.internal.TransactionImpl         : On TransactionImpl creation, JpaCompliance#isJpaTransactionComplianceEnabled == false
2024-11-06T15:36:09.869Z DEBUG 35478 --- [           main] o.h.e.t.internal.TransactionImpl         : begin
2024-11-06T15:36:09.869Z DEBUG 35478 --- [           main] org.hibernate.engine.spi.ActionQueue     : Executing identity-insert immediately
2024-11-06T15:36:09.869Z DEBUG 35478 --- [           main] org.hibernate.SQL                        : 
    insert 
    into
        items
        (barcode, brand, category, designation, purchase_price, stock_quantity, version, id) 
    values
        (?, ?, ?, ?, ?, ?, ?, default)
Hibernate: 
    insert 
    into
        items
        (barcode, brand, category, designation, purchase_price, stock_quantity, version, id) 
    values
        (?, ?, ?, ?, ?, ?, ?, default)
2024-11-06T15:36:09.870Z DEBUG 35478 --- [           main] org.hibernate.orm.results                : Initializer list is empty
2024-11-06T15:36:09.870Z DEBUG 35478 --- [           main] org.hibernate.orm.results.loading        : Calling top-level assembler (0 / 1) : org.hibernate.sql.results.graph.basic.BasicResultAssembler@49a54c8
2024-11-06T15:36:09.870Z DEBUG 35478 --- [           main] org.hibernate.orm.results                : Extracted JDBC value [0] - [27]
2024-11-06T15:36:09.870Z DEBUG 35478 --- [           main] o.h.id.IdentifierGeneratorHelper         : Extracted generated values [com.ims.models.Item]: [Ljava.lang.Object;@696567e8
2024-11-06T15:36:09.870Z DEBUG 35478 --- [           main] o.h.e.t.internal.TransactionImpl         : committing
2024-11-06T15:36:09.870Z DEBUG 35478 --- [           main] o.h.e.i.AbstractFlushingEventListener    : Processing flush-time cascades
2024-11-06T15:36:09.870Z DEBUG 35478 --- [           main] o.h.e.i.AbstractFlushingEventListener    : Dirty checking collections
2024-11-06T15:36:09.870Z DEBUG 35478 --- [           main] o.hibernate.engine.internal.Collections  : Collection found: [com.ims.models.Item.loans#27], was: [<unreferenced>] (initialized)
2024-11-06T15:36:09.870Z DEBUG 35478 --- [           main] o.hibernate.engine.internal.Collections  : Collection found: [com.ims.models.Item.requests#27], was: [<unreferenced>] (initialized)
2024-11-06T15:36:09.870Z DEBUG 35478 --- [           main] o.h.e.i.AbstractFlushingEventListener    : Flushed: 0 insertions, 0 updates, 0 deletions to 1 objects
2024-11-06T15:36:09.870Z DEBUG 35478 --- [           main] o.h.e.i.AbstractFlushingEventListener    : Flushed: 2 (re)creations, 0 updates, 0 removals to 2 collections
2024-11-06T15:36:09.870Z DEBUG 35478 --- [           main] o.hibernate.internal.util.EntityPrinter  : Listing entities:
2024-11-06T15:36:09.870Z DEBUG 35478 --- [           main] o.hibernate.internal.util.EntityPrinter  : com.ims.models.Item{loans=[], stockQuantity=94, id=27, designation=TP-Link Archer AX6000, purchasePrice=945.3434719870639, requests=[], category=DESKTOP, barcode=5900946135473, brand=Seagate, version=0}
2024-11-06T15:36:09.870Z DEBUG 35478 --- [           main] o.h.e.t.internal.TransactionImpl         : On TransactionImpl creation, JpaCompliance#isJpaTransactionComplianceEnabled == false
2024-11-06T15:36:09.870Z DEBUG 35478 --- [           main] o.h.e.t.internal.TransactionImpl         : begin
2024-11-06T15:36:09.870Z DEBUG 35478 --- [           main] org.hibernate.engine.spi.ActionQueue     : Executing identity-insert immediately
2024-11-06T15:36:09.871Z DEBUG 35478 --- [           main] org.hibernate.SQL                        : 
    insert 
    into
        items
        (barcode, brand, category, designation, purchase_price, stock_quantity, version, id) 
    values
        (?, ?, ?, ?, ?, ?, ?, default)
Hibernate: 
    insert 
    into
        items
        (barcode, brand, category, designation, purchase_price, stock_quantity, version, id) 
    values
        (?, ?, ?, ?, ?, ?, ?, default)
2024-11-06T15:36:09.871Z DEBUG 35478 --- [           main] org.hibernate.orm.results                : Initializer list is empty
2024-11-06T15:36:09.871Z DEBUG 35478 --- [           main] org.hibernate.orm.results.loading        : Calling top-level assembler (0 / 1) : org.hibernate.sql.results.graph.basic.BasicResultAssembler@356b9409
2024-11-06T15:36:09.871Z DEBUG 35478 --- [           main] org.hibernate.orm.results                : Extracted JDBC value [0] - [28]
2024-11-06T15:36:09.871Z DEBUG 35478 --- [           main] o.h.id.IdentifierGeneratorHelper         : Extracted generated values [com.ims.models.Item]: [Ljava.lang.Object;@59e87b25
2024-11-06T15:36:09.871Z DEBUG 35478 --- [           main] o.h.e.t.internal.TransactionImpl         : committing
2024-11-06T15:36:09.871Z DEBUG 35478 --- [           main] o.h.e.i.AbstractFlushingEventListener    : Processing flush-time cascades
2024-11-06T15:36:09.871Z DEBUG 35478 --- [           main] o.h.e.i.AbstractFlushingEventListener    : Dirty checking collections
2024-11-06T15:36:09.871Z DEBUG 35478 --- [           main] o.hibernate.engine.internal.Collections  : Collection found: [com.ims.models.Item.loans#28], was: [<unreferenced>] (initialized)
2024-11-06T15:36:09.871Z DEBUG 35478 --- [           main] o.hibernate.engine.internal.Collections  : Collection found: [com.ims.models.Item.requests#28], was: [<unreferenced>] (initialized)
2024-11-06T15:36:09.871Z DEBUG 35478 --- [           main] o.h.e.i.AbstractFlushingEventListener    : Flushed: 0 insertions, 0 updates, 0 deletions to 1 objects
2024-11-06T15:36:09.871Z DEBUG 35478 --- [           main] o.h.e.i.AbstractFlushingEventListener    : Flushed: 2 (re)creations, 0 updates, 0 removals to 2 collections
2024-11-06T15:36:09.871Z DEBUG 35478 --- [           main] o.hibernate.internal.util.EntityPrinter  : Listing entities:
2024-11-06T15:36:09.871Z DEBUG 35478 --- [           main] o.hibernate.internal.util.EntityPrinter  : com.ims.models.Item{loans=[], stockQuantity=78, id=28, designation=Lenovo Yoga 7i, purchasePrice=930.9781030984826, requests=[], category=NETWORK_EQUIPMENT, barcode=5903119578825, brand=Seagate, version=0}
2024-11-06T15:36:09.871Z DEBUG 35478 --- [           main] o.h.e.t.internal.TransactionImpl         : On TransactionImpl creation, JpaCompliance#isJpaTransactionComplianceEnabled == false
2024-11-06T15:36:09.871Z DEBUG 35478 --- [           main] o.h.e.t.internal.TransactionImpl         : begin
2024-11-06T15:36:09.872Z DEBUG 35478 --- [           main] org.hibernate.engine.spi.ActionQueue     : Executing identity-insert immediately
2024-11-06T15:36:09.872Z DEBUG 35478 --- [           main] org.hibernate.SQL                        : 
    insert 
    into
        items
        (barcode, brand, category, designation, purchase_price, stock_quantity, version, id) 
    values
        (?, ?, ?, ?, ?, ?, ?, default)
Hibernate: 
    insert 
    into
        items
        (barcode, brand, category, designation, purchase_price, stock_quantity, version, id) 
    values
        (?, ?, ?, ?, ?, ?, ?, default)
2024-11-06T15:36:09.872Z DEBUG 35478 --- [           main] org.hibernate.orm.results                : Initializer list is empty
2024-11-06T15:36:09.872Z DEBUG 35478 --- [           main] org.hibernate.orm.results.loading        : Calling top-level assembler (0 / 1) : org.hibernate.sql.results.graph.basic.BasicResultAssembler@4a5b1a27
2024-11-06T15:36:09.872Z DEBUG 35478 --- [           main] org.hibernate.orm.results                : Extracted JDBC value [0] - [29]
2024-11-06T15:36:09.872Z DEBUG 35478 --- [           main] o.h.id.IdentifierGeneratorHelper         : Extracted generated values [com.ims.models.Item]: [Ljava.lang.Object;@1e46f43c
2024-11-06T15:36:09.872Z DEBUG 35478 --- [           main] o.h.e.t.internal.TransactionImpl         : committing
2024-11-06T15:36:09.872Z DEBUG 35478 --- [           main] o.h.e.i.AbstractFlushingEventListener    : Processing flush-time cascades
2024-11-06T15:36:09.872Z DEBUG 35478 --- [           main] o.h.e.i.AbstractFlushingEventListener    : Dirty checking collections
2024-11-06T15:36:09.872Z DEBUG 35478 --- [           main] o.hibernate.engine.internal.Collections  : Collection found: [com.ims.models.Item.loans#29], was: [<unreferenced>] (initialized)
2024-11-06T15:36:09.872Z DEBUG 35478 --- [           main] o.hibernate.engine.internal.Collections  : Collection found: [com.ims.models.Item.requests#29], was: [<unreferenced>] (initialized)
2024-11-06T15:36:09.872Z DEBUG 35478 --- [           main] o.h.e.i.AbstractFlushingEventListener    : Flushed: 0 insertions, 0 updates, 0 deletions to 1 objects
2024-11-06T15:36:09.872Z DEBUG 35478 --- [           main] o.h.e.i.AbstractFlushingEventListener    : Flushed: 2 (re)creations, 0 updates, 0 removals to 2 collections
2024-11-06T15:36:09.872Z DEBUG 35478 --- [           main] o.hibernate.internal.util.EntityPrinter  : Listing entities:
2024-11-06T15:36:09.872Z DEBUG 35478 --- [           main] o.hibernate.internal.util.EntityPrinter  : com.ims.models.Item{loans=[], stockQuantity=84, id=29, designation=Logitech K810, purchasePrice=231.11140282250165, requests=[], category=MONITOR, barcode=5909989282295, brand=BenQ, version=0}
2024-11-06T15:36:09.873Z DEBUG 35478 --- [           main] o.h.e.t.internal.TransactionImpl         : On TransactionImpl creation, JpaCompliance#isJpaTransactionComplianceEnabled == false
2024-11-06T15:36:09.873Z DEBUG 35478 --- [           main] o.h.e.t.internal.TransactionImpl         : begin
2024-11-06T15:36:09.873Z DEBUG 35478 --- [           main] org.hibernate.engine.spi.ActionQueue     : Executing identity-insert immediately
2024-11-06T15:36:09.873Z DEBUG 35478 --- [           main] org.hibernate.SQL                        : 
    insert 
    into
        items
        (barcode, brand, category, designation, purchase_price, stock_quantity, version, id) 
    values
        (?, ?, ?, ?, ?, ?, ?, default)
Hibernate: 
    insert 
    into
        items
        (barcode, brand, category, designation, purchase_price, stock_quantity, version, id) 
    values
        (?, ?, ?, ?, ?, ?, ?, default)
2024-11-06T15:36:09.873Z DEBUG 35478 --- [           main] org.hibernate.orm.results                : Initializer list is empty
2024-11-06T15:36:09.873Z DEBUG 35478 --- [           main] org.hibernate.orm.results.loading        : Calling top-level assembler (0 / 1) : org.hibernate.sql.results.graph.basic.BasicResultAssembler@600eccf5
2024-11-06T15:36:09.873Z DEBUG 35478 --- [           main] org.hibernate.orm.results                : Extracted JDBC value [0] - [30]
2024-11-06T15:36:09.873Z DEBUG 35478 --- [           main] o.h.id.IdentifierGeneratorHelper         : Extracted generated values [com.ims.models.Item]: [Ljava.lang.Object;@4cf0c635
2024-11-06T15:36:09.873Z DEBUG 35478 --- [           main] o.h.e.t.internal.TransactionImpl         : committing
2024-11-06T15:36:09.873Z DEBUG 35478 --- [           main] o.h.e.i.AbstractFlushingEventListener    : Processing flush-time cascades
2024-11-06T15:36:09.873Z DEBUG 35478 --- [           main] o.h.e.i.AbstractFlushingEventListener    : Dirty checking collections
2024-11-06T15:36:09.874Z DEBUG 35478 --- [           main] o.hibernate.engine.internal.Collections  : Collection found: [com.ims.models.Item.loans#30], was: [<unreferenced>] (initialized)
2024-11-06T15:36:09.874Z DEBUG 35478 --- [           main] o.hibernate.engine.internal.Collections  : Collection found: [com.ims.models.Item.requests#30], was: [<unreferenced>] (initialized)
2024-11-06T15:36:09.874Z DEBUG 35478 --- [           main] o.h.e.i.AbstractFlushingEventListener    : Flushed: 0 insertions, 0 updates, 0 deletions to 1 objects
2024-11-06T15:36:09.874Z DEBUG 35478 --- [           main] o.h.e.i.AbstractFlushingEventListener    : Flushed: 2 (re)creations, 0 updates, 0 removals to 2 collections
2024-11-06T15:36:09.874Z DEBUG 35478 --- [           main] o.hibernate.internal.util.EntityPrinter  : Listing entities:
2024-11-06T15:36:09.874Z DEBUG 35478 --- [           main] o.hibernate.internal.util.EntityPrinter  : com.ims.models.Item{loans=[], stockQuantity=79, id=30, designation=LG UltraFine 5K, purchasePrice=900.0279690552134, requests=[], category=SERVER, barcode=5905118852490, brand=TP-Link, version=0}
2024-11-06T15:36:09.876Z  INFO 35478 --- [           main] com.ims.ImsApplicationTests              : Started ImsApplicationTests in 3.768 seconds (process running for 6.209)
]]></system-out>
  </testcase>
</testsuite>